TN:
SF:/Users/maxime_beauchemin/code/caravel/superset/assets/javascripts/common.js
FN:3,(anonymous_0)
FN:4,(anonymous_1)
FNF:2
FNH:0
FNDA:0,(anonymous_0)
FNDA:0,(anonymous_1)
DA:1,0
DA:2,0
DA:3,0
DA:4,0
DA:5,0
DA:6,0
DA:7,0
DA:8,0
LF:8
LH:0
BRF:0
BRH:0
end_of_record
TN:
SF:/Users/maxime_beauchemin/code/caravel/superset/assets/javascripts/css-theme.js
FNF:0
FNH:0
DA:1,0
DA:2,0
LF:2
LH:0
BRF:0
BRH:0
end_of_record
TN:
SF:/Users/maxime_beauchemin/code/caravel/superset/assets/javascripts/reduxUtils.js
FN:5,addToObject
FN:16,alterInObject
FN:22,alterInArr
FN:27,(anonymous_6)
FN:37,removeFromArr
FN:39,(anonymous_8)
FN:47,getFromArr
FN:49,(anonymous_10)
FN:57,addToArr
FN:67,initEnhancer
FN:78,areArraysShallowEqual
FN:98,areObjectsEqual
FNF:12
FNH:7
FNDA:3,addToObject
FNDA:1,alterInObject
FNDA:13,alterInArr
FNDA:20,(anonymous_6)
FNDA:3,removeFromArr
FNDA:4,(anonymous_8)
FNDA:0,getFromArr
FNDA:0,(anonymous_10)
FNDA:16,addToArr
FNDA:0,initEnhancer
FNDA:0,areArraysShallowEqual
FNDA:0,areObjectsEqual
DA:1,1
DA:2,1
DA:3,1
DA:6,3
DA:7,3
DA:9,3
DA:10,0
DA:12,3
DA:13,3
DA:17,1
DA:18,1
DA:19,1
DA:25,13
DA:26,13
DA:27,13
DA:28,20
DA:29,10
DA:31,10
DA:34,13
DA:37,3
DA:38,3
DA:39,3
DA:40,4
DA:41,1
DA:44,3
DA:48,0
DA:49,0
DA:50,0
DA:51,0
DA:54,0
DA:58,16
DA:59,16
DA:60,0
DA:62,16
DA:63,16
DA:64,16
DA:67,0
DA:68,0
DA:69,0
DA:71,0
DA:73,0
DA:75,0
DA:83,0
DA:84,0
DA:86,0
DA:87,0
DA:89,0
DA:90,0
DA:91,0
DA:92,0
DA:95,0
DA:99,0
DA:100,0
DA:102,0
DA:103,0
DA:105,0
DA:106,0
DA:107,0
DA:109,0
DA:110,0
DA:113,0
LF:61
LH:29
BRDA:9,0,0,0
BRDA:9,0,1,3
BRDA:28,1,0,10
BRDA:28,1,1,10
BRDA:37,2,0,0
BRDA:37,2,1,3
BRDA:37,3,0,3
BRDA:37,3,1,0
BRDA:40,4,0,1
BRDA:40,4,1,3
BRDA:50,5,0,0
BRDA:50,5,1,0
BRDA:59,6,0,0
BRDA:59,6,1,16
BRDA:67,7,0,0
BRDA:67,7,1,0
BRDA:67,8,0,0
BRDA:67,8,1,0
BRDA:68,9,0,0
BRDA:68,9,1,0
BRDA:69,10,0,0
BRDA:69,10,1,0
BRDA:71,11,0,0
BRDA:71,11,1,0
BRDA:73,12,0,0
BRDA:73,12,1,0
BRDA:83,13,0,0
BRDA:83,13,1,0
BRDA:83,14,0,0
BRDA:83,14,1,0
BRDA:86,15,0,0
BRDA:86,15,1,0
BRDA:91,16,0,0
BRDA:91,16,1,0
BRDA:99,17,0,0
BRDA:99,17,1,0
BRDA:99,18,0,0
BRDA:99,18,1,0
BRDA:102,19,0,0
BRDA:102,19,1,0
BRDA:106,20,0,0
BRDA:106,20,1,0
BRDA:109,21,0,0
BRDA:109,21,1,0
BRF:44
BRH:8
end_of_record
TN:
SF:/Users/maxime_beauchemin/code/caravel/superset/assets/javascripts/syncBackend.js
FN:7,(anonymous_2)
FN:16,main
FNF:2
FNH:0
FNDA:0,(anonymous_2)
FNDA:0,main
DA:2,0
DA:3,0
DA:4,0
DA:7,0
DA:8,0
DA:9,0
DA:11,0
DA:17,0
DA:18,0
DA:19,0
DA:20,0
DA:22,0
DA:23,0
DA:25,0
LF:14
LH:0
BRDA:8,0,0,0
BRDA:8,0,1,0
BRDA:19,1,0,0
BRDA:19,1,1,0
BRF:4
BRH:0
end_of_record
TN:
SF:/Users/maxime_beauchemin/code/caravel/superset/assets/javascripts/welcome.js
FN:13,modelViewTable
FN:18,(anonymous_2)
FN:20,(anonymous_3)
FN:21,(anonymous_4)
FN:26,(anonymous_5)
FN:55,(anonymous_6)
FNF:6
FNH:0
FNDA:0,modelViewTable
FNDA:0,(anonymous_2)
FNDA:0,(anonymous_3)
FNDA:0,(anonymous_4)
FNDA:0,(anonymous_5)
FNDA:0,(anonymous_6)
DA:1,0
DA:3,0
DA:4,0
DA:5,0
DA:7,0
DA:8,0
DA:9,0
DA:10,0
DA:12,0
DA:15,0
DA:16,0
DA:17,0
DA:18,0
DA:19,0
DA:20,0
DA:21,0
DA:22,0
DA:24,0
DA:26,0
DA:27,0
DA:29,0
DA:30,0
DA:31,0
DA:42,0
DA:43,0
DA:44,0
DA:45,0
DA:47,0
DA:48,0
DA:49,0
DA:50,0
DA:51,0
DA:52,0
DA:55,0
DA:56,0
LF:35
LH:0
BRF:0
BRH:0
end_of_record
TN:
SF:/Users/maxime_beauchemin/code/caravel/superset/assets/javascripts/SqlLab/actions.js
FN:39,resetState
FN:43,saveQuery
FN:49,(anonymous_3)
FN:49,success
FN:50,(anonymous_5)
FN:50,error
FN:56,startQuery
FN:67,querySuccess
FN:71,queryFailed
FN:75,stopQuery
FN:79,clearQueryResults
FN:83,removeDataPreview
FN:87,requestQueryResults
FN:91,fetchQueryResults
FN:92,(anonymous_15)
FN:95,(anonymous_16)
FN:95,success
FN:95,error
FN:113,runQuery
FN:114,(anonymous_21)
FN:129,(anonymous_22)
FN:129,success
FN:129,error
FN:159,postStopQuery
FN:160,(anonymous_27)
FN:163,(anonymous_28)
FN:163,success
FN:177,setDatabases
FN:181,addQueryEditor
FN:186,cloneQueryToNewTab
FN:190,addAlert
FN:196,removeAlert
FN:200,setActiveQueryEditor
FN:204,setActiveSouthPaneTab
FN:208,removeQueryEditor
FN:212,removeQuery
FN:216,queryEditorSetDb
FN:220,queryEditorSetSchema
FN:224,queryEditorSetAutorun
FN:228,queryEditorSetTitle
FN:232,queryEditorSetSql
FN:236,queryEditorSetSelectedText
FN:240,mergeTable
FN:244,addTable
FN:245,(anonymous_47)
FN:247,(anonymous_48)
FN:270,(anonymous_49)
FN:280,(anonymous_50)
FN:293,changeDataPreviewId
FN:297,reFetchQueryResults
FN:298,(anonymous_53)
FN:314,expandTable
FN:318,collapseTable
FN:322,removeTable
FN:326,refreshQueries
FN:330,popStoredQuery
FN:331,(anonymous_59)
FN:335,(anonymous_60)
FN:335,success
FN:346,(anonymous_62)
FN:346,error
FN:350,popSavedQuery
FN:351,(anonymous_65)
FN:355,(anonymous_66)
FN:355,success
FN:366,(anonymous_68)
FN:366,error
FNF:67
FNH:20
FNDA:0,resetState
FNDA:0,saveQuery
FNDA:0,(anonymous_3)
FNDA:0,success
FNDA:0,(anonymous_5)
FNDA:0,error
FNDA:3,startQuery
FNDA:0,querySuccess
FNDA:0,queryFailed
FNDA:1,stopQuery
FNDA:0,clearQueryResults
FNDA:0,removeDataPreview
FNDA:0,requestQueryResults
FNDA:0,fetchQueryResults
FNDA:0,(anonymous_15)
FNDA:0,(anonymous_16)
FNDA:0,success
FNDA:0,error
FNDA:0,runQuery
FNDA:0,(anonymous_21)
FNDA:0,(anonymous_22)
FNDA:0,success
FNDA:0,error
FNDA:0,postStopQuery
FNDA:0,(anonymous_27)
FNDA:0,(anonymous_28)
FNDA:0,success
FNDA:0,setDatabases
FNDA:11,addQueryEditor
FNDA:1,cloneQueryToNewTab
FNDA:1,addAlert
FNDA:1,removeAlert
FNDA:1,setActiveQueryEditor
FNDA:0,setActiveSouthPaneTab
FNDA:1,removeQueryEditor
FNDA:1,removeQuery
FNDA:1,queryEditorSetDb
FNDA:1,queryEditorSetSchema
FNDA:2,queryEditorSetAutorun
FNDA:1,queryEditorSetTitle
FNDA:1,queryEditorSetSql
FNDA:1,queryEditorSetSelectedText
FNDA:5,mergeTable
FNDA:0,addTable
FNDA:0,(anonymous_47)
FNDA:0,(anonymous_48)
FNDA:0,(anonymous_49)
FNDA:0,(anonymous_50)
FNDA:0,changeDataPreviewId
FNDA:0,reFetchQueryResults
FNDA:0,(anonymous_53)
FNDA:1,expandTable
FNDA:1,collapseTable
FNDA:1,removeTable
FNDA:1,refreshQueries
FNDA:0,popStoredQuery
FNDA:0,(anonymous_59)
FNDA:0,(anonymous_60)
FNDA:0,success
FNDA:0,(anonymous_62)
FNDA:0,error
FNDA:0,popSavedQuery
FNDA:0,(anonymous_65)
FNDA:0,(anonymous_66)
FNDA:0,success
FNDA:0,(anonymous_68)
FNDA:0,error
DA:2,1
DA:3,1
DA:4,1
DA:6,1
DA:7,1
DA:8,1
DA:9,1
DA:10,1
DA:11,1
DA:12,1
DA:13,1
DA:14,1
DA:15,1
DA:16,1
DA:17,1
DA:18,1
DA:19,1
DA:20,1
DA:21,1
DA:22,1
DA:23,1
DA:24,1
DA:25,1
DA:26,1
DA:27,1
DA:28,1
DA:29,1
DA:30,1
DA:31,1
DA:32,1
DA:33,1
DA:34,1
DA:35,1
DA:36,1
DA:37,1
DA:40,0
DA:44,0
DA:45,0
DA:49,0
DA:50,0
DA:53,0
DA:57,3
DA:64,3
DA:68,0
DA:72,0
DA:76,1
DA:80,0
DA:84,0
DA:88,0
DA:92,0
DA:93,0
DA:94,0
DA:95,0
DA:100,0
DA:103,0
DA:104,0
DA:105,0
DA:107,0
DA:114,0
DA:115,0
DA:116,0
DA:128,0
DA:129,0
DA:135,0
DA:136,0
DA:140,0
DA:141,0
DA:142,0
DA:144,0
DA:145,0
DA:148,0
DA:149,0
DA:150,0
DA:151,0
DA:153,0
DA:160,0
DA:161,0
DA:162,0
DA:163,0
DA:169,0
DA:170,0
DA:178,0
DA:182,11
DA:183,11
DA:187,1
DA:191,1
DA:192,1
DA:193,1
DA:197,1
DA:201,1
DA:205,0
DA:209,1
DA:213,1
DA:217,1
DA:221,1
DA:225,2
DA:229,1
DA:233,1
DA:237,1
DA:241,5
DA:245,0
DA:246,0
DA:247,0
DA:248,0
DA:259,0
DA:268,0
DA:271,0
DA:279,0
DA:280,0
DA:281,0
DA:287,0
DA:288,0
DA:294,0
DA:298,0
DA:299,0
DA:309,0
DA:310,0
DA:315,1
DA:319,1
DA:323,1
DA:327,1
DA:331,0
DA:332,0
DA:335,0
DA:336,0
DA:337,0
DA:344,0
DA:346,0
DA:351,0
DA:352,0
DA:355,0
DA:356,0
DA:357,0
DA:364,0
DA:366,0
LF:135
LH:59
BRDA:58,0,0,0
BRDA:58,0,1,3
BRDA:61,1,0,0
BRDA:61,1,1,3
BRDA:104,2,0,0
BRDA:104,2,1,0
BRDA:104,3,0,0
BRDA:104,3,1,0
BRDA:135,4,0,0
BRDA:135,4,1,0
BRDA:144,5,0,0
BRDA:144,5,1,0
BRDA:148,6,0,0
BRDA:148,6,1,0
BRDA:148,7,0,0
BRDA:148,7,1,0
BRDA:150,8,0,0
BRDA:150,8,1,0
BRDA:169,9,0,0
BRDA:169,9,1,0
BRDA:338,10,0,0
BRDA:338,10,1,0
BRDA:339,11,0,0
BRDA:339,11,1,0
BRDA:340,12,0,0
BRDA:340,12,1,0
BRDA:341,13,0,0
BRDA:341,13,1,0
BRDA:342,14,0,0
BRDA:342,14,1,0
BRDA:359,15,0,0
BRDA:359,15,1,0
BRF:32
BRH:2
end_of_record
TN:
SF:/Users/maxime_beauchemin/code/caravel/superset/assets/javascripts/SqlLab/constants.js
FNF:0
FNH:0
DA:1,1
DA:10,1
DA:16,1
LF:3
LH:3
BRF:0
BRH:0
end_of_record
TN:
SF:/Users/maxime_beauchemin/code/caravel/superset/assets/javascripts/SqlLab/index.jsx
FNF:0
FNH:0
DA:1,0
DA:2,0
DA:3,0
DA:5,0
DA:6,0
DA:7,0
DA:8,0
DA:9,0
DA:10,0
DA:11,0
DA:12,0
DA:14,0
DA:17,0
DA:18,0
DA:20,0
DA:21,0
DA:22,0
DA:24,0
DA:28,0
DA:30,0
LF:20
LH:0
BRF:0
BRH:0
end_of_record
TN:
SF:/Users/maxime_beauchemin/code/caravel/superset/assets/javascripts/SqlLab/reducers.js
FN:7,getInitialState
FN:30,(anonymous_4)
FN:30,sqlLabReducer
FN:31,(anonymous_6)
FN:31,(anonymous_7)
FN:39,(anonymous_8)
FN:31,(anonymous_9)
FN:55,(anonymous_10)
FN:57,(anonymous_11)
FN:64,(anonymous_12)
FN:31,(anonymous_13)
FN:31,(anonymous_14)
FN:31,(anonymous_15)
FN:79,(anonymous_16)
FN:31,(anonymous_17)
FN:31,(anonymous_18)
FN:31,(anonymous_19)
FN:118,(anonymous_20)
FN:31,(anonymous_21)
FN:31,(anonymous_22)
FN:31,(anonymous_23)
FN:31,(anonymous_24)
FN:31,(anonymous_25)
FN:31,(anonymous_26)
FN:31,(anonymous_27)
FN:31,(anonymous_28)
FN:31,(anonymous_29)
FN:190,(anonymous_30)
FN:31,(anonymous_31)
FN:31,(anonymous_32)
FN:31,(anonymous_33)
FN:31,(anonymous_34)
FN:31,(anonymous_35)
FN:31,(anonymous_36)
FN:31,(anonymous_37)
FN:31,(anonymous_38)
FN:31,(anonymous_39)
FN:224,(anonymous_40)
FN:31,(anonymous_41)
FN:31,(anonymous_42)
FNF:40
FNH:27
FNDA:0,getInitialState
FNDA:1,(anonymous_4)
FNDA:37,sqlLabReducer
FNDA:11,(anonymous_6)
FNDA:1,(anonymous_7)
FNDA:1,(anonymous_8)
FNDA:1,(anonymous_9)
FNDA:1,(anonymous_10)
FNDA:0,(anonymous_11)
FNDA:2,(anonymous_12)
FNDA:1,(anonymous_13)
FNDA:0,(anonymous_14)
FNDA:5,(anonymous_15)
FNDA:1,(anonymous_16)
FNDA:1,(anonymous_17)
FNDA:0,(anonymous_18)
FNDA:0,(anonymous_19)
FNDA:0,(anonymous_20)
FNDA:1,(anonymous_21)
FNDA:1,(anonymous_22)
FNDA:3,(anonymous_23)
FNDA:1,(anonymous_24)
FNDA:0,(anonymous_25)
FNDA:0,(anonymous_26)
FNDA:0,(anonymous_27)
FNDA:0,(anonymous_28)
FNDA:1,(anonymous_29)
FNDA:3,(anonymous_30)
FNDA:0,(anonymous_31)
FNDA:1,(anonymous_32)
FNDA:1,(anonymous_33)
FNDA:1,(anonymous_34)
FNDA:1,(anonymous_35)
FNDA:1,(anonymous_36)
FNDA:2,(anonymous_37)
FNDA:1,(anonymous_38)
FNDA:0,(anonymous_39)
FNDA:0,(anonymous_40)
FNDA:1,(anonymous_41)
FNDA:1,(anonymous_42)
DA:1,1
DA:2,1
DA:3,1
DA:4,1
DA:8,0
DA:18,0
DA:30,1
DA:31,37
DA:33,11
DA:34,11
DA:35,11
DA:36,11
DA:39,1
DA:41,1
DA:50,1
DA:53,1
DA:55,1
DA:56,1
DA:57,1
DA:58,0
DA:59,0
DA:60,0
DA:63,1
DA:64,2
DA:65,1
DA:66,1
DA:69,1
DA:70,1
DA:71,1
DA:74,0
DA:77,5
DA:78,5
DA:79,5
DA:80,1
DA:85,1
DA:88,5
DA:89,1
DA:90,0
DA:92,1
DA:94,4
DA:96,4
DA:97,4
DA:98,4
DA:99,0
DA:101,4
DA:104,1
DA:107,0
DA:108,0
DA:109,0
DA:110,0
DA:114,0
DA:115,0
DA:117,0
DA:118,0
DA:119,0
DA:120,0
DA:122,0
DA:125,0
DA:129,1
DA:132,1
DA:135,3
DA:136,3
DA:137,0
DA:138,0
DA:139,0
DA:141,0
DA:142,0
DA:143,0
DA:146,3
DA:148,3
DA:149,3
DA:150,3
DA:153,1
DA:156,0
DA:157,0
DA:158,0
DA:161,0
DA:164,0
DA:165,0
DA:167,0
DA:168,0
DA:169,0
DA:171,0
DA:180,0
DA:183,0
DA:184,0
DA:186,0
DA:187,0
DA:190,3
DA:191,1
DA:192,1
DA:193,1
DA:194,1
DA:196,0
DA:199,0
DA:202,1
DA:205,1
DA:208,1
DA:211,1
DA:214,1
DA:217,2
DA:220,1
DA:223,0
DA:224,0
DA:225,0
DA:227,0
DA:230,1
DA:233,1
DA:235,1
DA:236,1
DA:237,0
DA:238,0
DA:241,0
DA:242,0
DA:245,1
DA:246,1
DA:248,1
DA:249,1
DA:252,37
DA:253,37
DA:255,0
LF:121
LH:69
BRDA:44,0,0,1
BRDA:44,0,1,0
BRDA:45,1,0,0
BRDA:45,1,1,1
BRDA:59,2,0,0
BRDA:59,2,1,0
BRDA:80,3,0,1
BRDA:80,3,1,0
BRDA:81,4,0,1
BRDA:81,4,1,1
BRDA:81,4,2,1
BRDA:81,4,3,1
BRDA:88,5,0,1
BRDA:88,5,1,4
BRDA:89,6,0,0
BRDA:89,6,1,1
BRDA:98,7,0,0
BRDA:98,7,1,4
BRDA:119,8,0,0
BRDA:119,8,1,0
BRDA:136,9,0,0
BRDA:136,9,1,3
BRDA:138,10,0,0
BRDA:138,10,1,0
BRDA:138,11,0,0
BRDA:138,11,1,0
BRDA:164,12,0,0
BRDA:164,12,1,0
BRDA:168,13,0,0
BRDA:168,13,1,0
BRDA:183,14,0,0
BRDA:183,14,1,0
BRDA:191,15,0,1
BRDA:191,15,1,0
BRDA:238,16,0,0
BRDA:238,16,1,0
BRDA:238,17,0,0
BRDA:238,17,1,0
BRDA:238,17,2,0
BRDA:245,18,0,1
BRDA:245,18,1,0
BRDA:252,19,0,37
BRDA:252,19,1,0
BRF:43
BRH:15
end_of_record
TN:
SF:/Users/maxime_beauchemin/code/caravel/superset/assets/javascripts/SqlLab/components/AceEditorWrapper.jsx
FN:23,(anonymous_7)
FN:37,(anonymous_8)
FN:37,onBlur
FN:38,(anonymous_10)
FN:38,onAltEnter
FN:43,AceEditorWrapper
FN:75,(anonymous_26)
FN:75,exec
FN:80,(anonymous_28)
FN:90,(anonymous_31)
FN:93,(anonymous_32)
FN:97,(anonymous_33)
FN:101,(anonymous_34)
FNF:13
FNH:3
FNDA:62,(anonymous_7)
FNDA:1,(anonymous_8)
FNDA:0,onBlur
FNDA:1,(anonymous_10)
FNDA:0,onAltEnter
FNDA:0,AceEditorWrapper
FNDA:0,(anonymous_26)
FNDA:0,exec
FNDA:0,(anonymous_28)
FNDA:0,(anonymous_31)
FNDA:0,(anonymous_32)
FNDA:0,(anonymous_33)
FNDA:0,(anonymous_34)
DA:1,1
DA:2,1
DA:3,1
DA:4,1
DA:5,1
DA:6,1
DA:7,1
DA:9,1
DA:12,1
DA:18,1
DA:22,1
DA:23,62
DA:27,1
DA:36,1
DA:37,1
DA:38,1
DA:43,0
DA:45,0
DA:51,0
DA:52,0
DA:55,0
DA:56,0
DA:58,0
DA:59,0
DA:63,0
DA:66,0
DA:69,0
DA:71,0
DA:72,0
DA:75,0
DA:76,0
DA:79,0
DA:80,0
DA:81,0
DA:85,0
DA:87,0
DA:88,0
DA:89,0
DA:90,0
DA:91,0
DA:92,0
DA:93,0
DA:94,0
DA:97,0
DA:101,0
DA:102,0
DA:105,0
DA:106,0
DA:111,0
DA:128,1
DA:129,1
LF:51
LH:18
BRDA:43,0,0,0
BRDA:43,0,1,0
BRDA:55,1,0,0
BRDA:55,1,1,0
BRDA:58,2,0,0
BRDA:58,2,1,0
BRDA:89,3,0,0
BRDA:89,3,1,0
BRDA:92,4,0,0
BRDA:92,4,1,0
BRDA:105,5,0,0
BRDA:105,5,1,0
BRF:12
BRH:0
end_of_record
TN:
SF:/Users/maxime_beauchemin/code/caravel/superset/assets/javascripts/SqlLab/components/App.jsx
FN:14,App
FN:81,mapStateToProps
FN:86,mapDispatchToProps
FNF:3
FNH:0
FNDA:0,App
FNDA:0,mapStateToProps
FNDA:0,mapDispatchToProps
DA:1,1
DA:2,1
DA:3,1
DA:5,1
DA:6,1
DA:7,1
DA:8,1
DA:10,1
DA:11,1
DA:14,0
DA:16,0
DA:23,0
DA:24,0
DA:25,0
DA:28,0
DA:29,0
DA:32,0
DA:33,0
DA:35,0
DA:36,0
DA:37,0
DA:40,0
DA:43,0
DA:46,0
DA:47,0
DA:48,0
DA:58,0
DA:65,0
DA:76,1
DA:82,0
DA:87,0
LF:31
LH:10
BRDA:14,0,0,0
BRDA:14,0,1,0
BRDA:34,1,0,0
BRDA:34,1,1,0
BRDA:47,2,0,0
BRDA:47,2,1,0
BRF:6
BRH:0
end_of_record
TN:
SF:/Users/maxime_beauchemin/code/caravel/superset/assets/javascripts/SqlLab/components/ColumnElement.jsx
FN:27,(anonymous_11)
FNF:1
FNH:1
FNDA:18,(anonymous_11)
DA:1,1
DA:3,1
DA:5,1
DA:9,1
DA:14,1
DA:22,73
DA:23,73
DA:24,73
DA:25,73
DA:26,12
DA:27,18
DA:46,73
DA:57,1
LF:13
LH:13
BRDA:25,0,0,12
BRDA:25,0,1,61
BRDA:25,1,0,73
BRDA:25,1,1,12
BRF:4
BRH:4
end_of_record
TN:
SF:/Users/maxime_beauchemin/code/caravel/superset/assets/javascripts/SqlLab/components/CopyQueryTabUrl.jsx
FNF:0
FNH:0
DA:1,1
DA:2,1
DA:3,1
DA:5,1
DA:11,0
DA:12,0
DA:19,0
DA:23,0
DA:39,1
LF:9
LH:5
BRF:0
BRH:0
end_of_record
TN:
SF:/Users/maxime_beauchemin/code/caravel/superset/assets/javascripts/SqlLab/components/DataPreviewModal.jsx
FN:45,mapStateToProps
FN:52,mapDispatchToProps
FNF:2
FNH:0
FNDA:0,mapStateToProps
FNDA:0,mapDispatchToProps
DA:1,0
DA:2,0
DA:3,0
DA:4,0
DA:5,0
DA:7,0
DA:9,0
DA:18,0
DA:21,0
DA:22,0
DA:23,0
DA:40,0
DA:43,0
DA:46,0
DA:53,0
LF:15
LH:0
BRDA:21,0,0,0
BRDA:21,0,1,0
BRDA:21,1,0,0
BRDA:21,1,1,0
BRF:4
BRH:0
end_of_record
TN:
SF:/Users/maxime_beauchemin/code/caravel/superset/assets/javascripts/SqlLab/components/HighlightedSql.jsx
FN:21,HighlightedSql
FN:35,(anonymous_11)
FNF:2
FNH:2
FNDA:3,HighlightedSql
FNDA:3,(anonymous_11)
DA:1,1
DA:2,1
DA:3,1
DA:4,1
DA:6,1
DA:12,1
DA:21,9
DA:23,3
DA:28,3
DA:29,3
DA:30,3
DA:31,3
DA:32,0
DA:33,0
DA:35,3
DA:36,3
DA:37,3
DA:39,0
DA:44,4
DA:45,4
DA:46,4
DA:52,1
DA:53,1
DA:54,1
DA:55,1
DA:64,1
DA:77,4
DA:87,1
DA:88,1
LF:29
LH:26
BRDA:21,0,0,3
BRDA:21,0,1,0
BRDA:29,1,0,3
BRDA:29,1,1,0
BRDA:31,2,0,0
BRDA:31,2,1,3
BRDA:36,3,0,3
BRDA:36,3,1,0
BRDA:45,4,0,3
BRDA:45,4,1,1
BRDA:54,5,0,1
BRDA:54,5,1,0
BRDA:54,6,0,1
BRDA:54,6,1,1
BRF:14
BRH:9
end_of_record
TN:
SF:/Users/maxime_beauchemin/code/caravel/superset/assets/javascripts/SqlLab/components/Link.jsx
FN:16,(anonymous_7)
FN:16,onClick
FNF:2
FNH:1
FNDA:1,(anonymous_7)
FNDA:0,onClick
DA:1,1
DA:2,1
DA:4,1
DA:13,1
DA:16,1
DA:26,20
DA:31,20
DA:40,20
DA:41,20
DA:52,0
DA:55,1
DA:56,1
LF:12
LH:11
BRDA:40,0,0,20
BRDA:40,0,1,0
BRF:2
BRH:1
end_of_record
TN:
SF:/Users/maxime_beauchemin/code/caravel/superset/assets/javascripts/SqlLab/components/QueryAutoRefresh.jsx
FN:21,(anonymous_16)
FN:22,(anonymous_17)
FN:38,(anonymous_24)
FN:55,mapStateToProps
FN:62,mapDispatchToProps
FNF:5
FNH:0
FNDA:0,(anonymous_16)
FNDA:0,(anonymous_17)
FNDA:0,(anonymous_24)
FNDA:0,mapStateToProps
FNDA:0,mapDispatchToProps
DA:1,1
DA:2,1
DA:3,1
DA:4,1
DA:6,1
DA:7,1
DA:8,1
DA:12,0
DA:15,0
DA:19,0
DA:20,0
DA:21,0
DA:22,0
DA:26,0
DA:27,0
DA:31,0
DA:32,0
DA:34,0
DA:36,0
DA:37,0
DA:38,0
DA:39,0
DA:40,0
DA:46,0
DA:49,1
DA:56,0
DA:63,0
LF:27
LH:8
BRDA:26,0,0,0
BRDA:26,0,1,0
BRDA:36,1,0,0
BRDA:36,1,1,0
BRDA:39,2,0,0
BRDA:39,2,1,0
BRF:6
BRH:0
end_of_record
TN:
SF:/Users/maxime_beauchemin/code/caravel/superset/assets/javascripts/SqlLab/components/QueryHistory.jsx
FN:11,(anonymous_1)
FN:11,QueryHistory
FNF:2
FNH:1
FNDA:1,(anonymous_1)
FNDA:0,QueryHistory
DA:1,1
DA:3,1
DA:4,1
DA:6,1
DA:11,1
DA:12,0
DA:13,0
DA:24,0
DA:30,1
LF:9
LH:6
BRDA:12,0,0,0
BRDA:12,0,1,0
BRF:2
BRH:0
end_of_record
TN:
SF:/Users/maxime_beauchemin/code/caravel/superset/assets/javascripts/SqlLab/components/QuerySearch.jsx
FN:16,QuerySearch
FN:35,(anonymous_13)
FN:38,(anonymous_16)
FN:78,(anonymous_29)
FN:97,(anonymous_38)
FN:119,(anonymous_41)
FN:158,(anonymous_44)
FN:168,(anonymous_45)
FN:178,(anonymous_46)
FNF:9
FNH:5
FNDA:1,QuerySearch
FNDA:0,(anonymous_13)
FNDA:0,(anonymous_16)
FNDA:6,(anonymous_29)
FNDA:0,(anonymous_38)
FNDA:0,(anonymous_41)
FNDA:24,(anonymous_44)
FNDA:28,(anonymous_45)
FNDA:12,(anonymous_46)
DA:1,1
DA:2,1
DA:3,1
DA:4,1
DA:5,1
DA:6,1
DA:8,1
DA:9,1
DA:11,1
DA:16,3
DA:18,1
DA:32,0
DA:34,0
DA:35,0
DA:37,0
DA:38,0
DA:41,0
DA:42,0
DA:45,0
DA:47,0
DA:49,0
DA:51,0
DA:53,0
DA:55,0
DA:57,0
DA:59,0
DA:61,0
DA:65,1
DA:66,1
DA:69,1
DA:70,1
DA:73,0
DA:74,0
DA:77,1
DA:78,6
DA:80,1
DA:83,1
DA:84,1
DA:87,1
DA:90,0
DA:91,0
DA:92,0
DA:94,0
DA:97,0
DA:98,0
DA:99,0
DA:100,0
DA:105,0
DA:107,1
DA:108,1
DA:109,1
DA:118,1
DA:119,1
DA:120,0
DA:121,0
DA:126,4
DA:158,24
DA:168,28
DA:178,12
DA:216,1
LF:60
LH:31
BRDA:16,0,0,1
BRDA:16,0,1,0
BRDA:41,1,0,0
BRDA:41,1,1,0
BRDA:46,2,0,0
BRDA:46,2,1,0
BRDA:46,2,2,0
BRDA:46,2,3,0
BRDA:46,2,4,0
BRDA:46,2,5,0
BRDA:46,2,6,0
BRDA:46,2,7,0
BRDA:65,3,0,1
BRDA:65,3,1,0
BRDA:69,4,0,1
BRDA:69,4,1,0
BRDA:73,5,0,0
BRDA:73,5,1,0
BRDA:83,6,0,1
BRDA:83,6,1,0
BRDA:99,7,0,0
BRDA:99,7,1,0
BRDA:110,8,0,0
BRDA:110,8,1,1
BRDA:111,9,0,0
BRDA:111,9,1,1
BRDA:112,10,0,1
BRDA:112,10,1,0
BRDA:113,11,0,1
BRDA:113,11,1,0
BRDA:114,12,0,0
BRDA:114,12,1,1
BRDA:115,13,0,0
BRDA:115,13,1,1
BRDA:120,14,0,0
BRDA:120,14,1,0
BRDA:190,15,0,4
BRDA:190,15,1,0
BRF:38
BRH:11
end_of_record
TN:
SF:/Users/maxime_beauchemin/code/caravel/superset/assets/javascripts/SqlLab/components/QueryTable.jsx
FN:25,(anonymous_7)
FN:25,onUserClicked
FN:26,(anonymous_9)
FN:26,onDbClicked
FN:31,QueryTable
FN:76,(anonymous_33)
FN:144,(anonymous_34)
FNF:7
FNH:5
FNDA:1,(anonymous_7)
FNDA:0,onUserClicked
FNDA:1,(anonymous_9)
FNDA:0,onDbClicked
FNDA:1,QueryTable
FNDA:2,(anonymous_33)
FNDA:2,(anonymous_34)
DA:1,1
DA:3,1
DA:4,1
DA:5,1
DA:6,1
DA:7,1
DA:8,1
DA:9,1
DA:10,1
DA:11,1
DA:12,1
DA:13,1
DA:15,1
DA:22,1
DA:25,1
DA:26,1
DA:31,3
DA:33,1
DA:34,1
DA:35,1
DA:42,0
DA:45,0
DA:51,0
DA:54,0
DA:57,0
DA:60,0
DA:64,0
DA:67,0
DA:70,0
DA:73,0
DA:75,1
DA:76,1
DA:77,2
DA:78,2
DA:79,2
DA:81,2
DA:82,2
DA:89,2
DA:97,2
DA:105,2
DA:106,2
DA:116,2
DA:121,2
DA:122,1
DA:143,1
DA:144,2
DA:146,2
DA:154,2
DA:155,2
DA:156,0
DA:162,2
DA:170,2
DA:196,2
DA:198,1
DA:215,1
DA:216,1
LF:56
LH:45
BRDA:31,0,0,1
BRDA:31,0,1,0
BRDA:78,1,0,2
BRDA:78,1,1,0
BRDA:121,2,0,1
BRDA:121,2,1,1
BRDA:143,3,0,0
BRDA:143,3,1,1
BRDA:143,4,0,1
BRDA:143,4,1,0
BRDA:143,4,2,0
BRDA:155,5,0,0
BRDA:155,5,1,2
BRF:13
BRH:7
end_of_record
TN:
SF:/Users/maxime_beauchemin/code/caravel/superset/assets/javascripts/SqlLab/components/ResultSet.jsx
FN:33,ResultSet
FN:203,(anonymous_29)
FN:215,(anonymous_30)
FN:219,(anonymous_31)
FNF:4
FNH:4
FNDA:1,ResultSet
FNDA:2,(anonymous_29)
FNDA:2,(anonymous_30)
FNDA:2,(anonymous_31)
DA:1,1
DA:2,1
DA:3,1
DA:4,1
DA:6,1
DA:7,1
DA:9,1
DA:11,1
DA:21,1
DA:33,3
DA:35,1
DA:44,0
DA:47,0
DA:52,0
DA:54,0
DA:58,1
DA:59,1
DA:60,1
DA:61,1
DA:67,1
DA:68,1
DA:69,1
DA:78,1
DA:79,1
DA:80,1
DA:89,1
DA:105,0
DA:108,0
DA:111,0
DA:118,0
DA:121,0
DA:124,0
DA:127,0
DA:130,0
DA:133,0
DA:136,1
DA:137,1
DA:138,1
DA:139,1
DA:140,0
DA:142,1
DA:145,1
DA:147,1
DA:148,0
DA:151,1
DA:152,0
DA:154,1
DA:155,0
DA:156,0
DA:157,0
DA:164,0
DA:170,1
DA:171,0
DA:172,1
DA:173,0
DA:187,1
DA:188,1
DA:189,1
DA:204,2
DA:205,2
DA:206,4
DA:207,4
DA:208,0
DA:210,4
DA:213,2
DA:215,2
DA:219,2
DA:227,0
DA:228,0
DA:238,0
DA:241,1
DA:242,1
LF:72
LH:46
BRDA:33,0,0,1
BRDA:33,0,1,0
BRDA:44,1,0,0
BRDA:44,1,1,0
BRDA:44,2,0,0
BRDA:44,2,1,0
BRDA:44,2,2,0
BRDA:44,2,3,0
BRDA:52,3,0,0
BRDA:52,3,1,0
BRDA:52,4,0,0
BRDA:52,4,1,0
BRDA:58,5,0,1
BRDA:58,5,1,0
BRDA:58,6,0,1
BRDA:58,6,1,0
BRDA:58,6,2,0
BRDA:60,7,0,1
BRDA:60,7,1,0
BRDA:68,8,0,1
BRDA:68,8,1,0
BRDA:79,9,0,1
BRDA:79,9,1,0
BRDA:139,10,0,0
BRDA:139,10,1,1
BRDA:139,11,0,1
BRDA:139,11,1,0
BRDA:142,12,0,1
BRDA:142,12,1,0
BRDA:147,13,0,0
BRDA:147,13,1,1
BRDA:151,14,0,0
BRDA:151,14,1,1
BRDA:154,15,0,0
BRDA:154,15,1,1
BRDA:156,16,0,0
BRDA:156,16,1,0
BRDA:156,17,0,0
BRDA:156,17,1,0
BRDA:170,18,0,0
BRDA:170,18,1,1
BRDA:172,19,0,0
BRDA:172,19,1,1
BRDA:172,20,0,1
BRDA:172,20,1,1
BRDA:187,21,0,1
BRDA:187,21,1,0
BRDA:188,22,0,1
BRDA:188,22,1,0
BRDA:188,23,0,1
BRDA:188,23,1,1
BRDA:188,23,2,1
BRDA:207,24,0,0
BRDA:207,24,1,4
BRDA:227,25,0,0
BRDA:227,25,1,0
BRF:56
BRH:22
end_of_record
TN:
SF:/Users/maxime_beauchemin/code/caravel/superset/assets/javascripts/SqlLab/components/RunQueryActionButton.jsx
FN:16,RunQueryActionButton
FN:31,(anonymous_3)
FN:31,onClick
FN:41,(anonymous_5)
FN:41,onClick
FNF:5
FNH:3
FNDA:2,RunQueryActionButton
FNDA:2,(anonymous_3)
FNDA:0,onClick
FNDA:2,(anonymous_5)
FNDA:0,onClick
DA:1,1
DA:2,1
DA:4,1
DA:12,1
DA:17,2
DA:18,2
DA:19,2
DA:20,2
DA:22,2
DA:29,2
DA:31,2
DA:39,2
DA:41,2
DA:50,2
DA:58,2
DA:59,2
DA:60,2
DA:61,0
DA:62,0
DA:64,0
DA:67,2
DA:74,1
DA:75,1
LF:23
LH:20
BRDA:17,0,0,0
BRDA:17,0,1,2
BRDA:18,1,0,0
BRDA:18,1,1,2
BRDA:59,2,0,2
BRDA:59,2,1,0
BRDA:61,3,0,0
BRDA:61,3,1,0
BRF:8
BRH:3
end_of_record
TN:
SF:/Users/maxime_beauchemin/code/caravel/superset/assets/javascripts/SqlLab/components/SaveQuery.jsx
FN:17,(anonymous_7)
FN:17,onSave
FN:21,SaveQuery
FNF:3
FNH:2
FNDA:1,(anonymous_7)
FNDA:0,onSave
FNDA:4,SaveQuery
DA:2,1
DA:3,1
DA:4,1
DA:6,1
DA:14,1
DA:17,1
DA:21,12
DA:23,4
DA:28,4
DA:29,4
DA:30,4
DA:31,4
DA:32,4
DA:35,0
DA:42,0
DA:43,0
DA:46,0
DA:49,0
DA:52,0
DA:55,6
DA:107,2
DA:110,6
DA:128,1
DA:129,1
LF:24
LH:18
BRDA:21,0,0,4
BRDA:21,0,1,0
BRF:2
BRH:1
end_of_record
TN:
SF:/Users/maxime_beauchemin/code/caravel/superset/assets/javascripts/SqlLab/components/SouthPane.jsx
FN:27,SouthPane
FN:81,(anonymous_16)
FN:127,mapStateToProps
FN:133,mapDispatchToProps
FNF:4
FNH:0
FNDA:0,SouthPane
FNDA:0,(anonymous_16)
FNDA:0,mapStateToProps
FNDA:0,mapDispatchToProps
DA:1,1
DA:2,1
DA:3,1
DA:4,1
DA:5,1
DA:6,1
DA:7,1
DA:9,1
DA:15,1
DA:22,1
DA:27,0
DA:29,0
DA:38,0
DA:41,0
DA:44,0
DA:47,0
DA:50,0
DA:55,0
DA:58,0
DA:60,0
DA:61,0
DA:62,0
DA:63,0
DA:64,0
DA:66,0
DA:67,0
DA:68,0
DA:78,0
DA:81,0
DA:98,0
DA:128,0
DA:134,0
DA:139,1
DA:140,1
LF:34
LH:12
BRDA:27,0,0,0
BRDA:27,0,1,0
BRDA:63,1,0,0
BRDA:63,1,1,0
BRDA:67,2,0,0
BRDA:67,2,1,0
BRF:6
BRH:0
end_of_record
TN:
SF:/Users/maxime_beauchemin/code/caravel/superset/assets/javascripts/SqlLab/components/SqlEditor.jsx
FN:45,SqlEditor
FNF:1
FNH:1
FNDA:1,SqlEditor
DA:1,1
DA:2,1
DA:15,1
DA:17,1
DA:18,1
DA:19,1
DA:20,1
DA:21,1
DA:22,1
DA:23,1
DA:25,1
DA:37,1
DA:45,3
DA:47,1
DA:53,0
DA:56,0
DA:57,0
DA:58,0
DA:59,0
DA:62,0
DA:63,0
DA:64,0
DA:65,0
DA:67,0
DA:69,0
DA:70,0
DA:71,0
DA:81,0
DA:82,0
DA:85,0
DA:88,0
DA:91,0
DA:94,0
DA:98,1
DA:99,1
DA:100,1
DA:101,1
DA:105,1
DA:106,1
DA:107,1
DA:109,0
DA:115,0
DA:121,1
DA:122,1
DA:123,0
DA:124,0
DA:149,1
DA:183,1
DA:226,1
DA:227,1
LF:50
LH:27
BRDA:45,0,0,1
BRDA:45,0,1,0
BRDA:56,1,0,0
BRDA:56,1,1,0
BRDA:62,2,0,0
BRDA:62,2,1,0
BRDA:62,3,0,0
BRDA:62,3,1,0
BRDA:64,4,0,0
BRDA:64,4,1,0
BRDA:69,5,0,0
BRDA:69,5,1,0
BRDA:69,6,0,0
BRDA:69,6,1,0
BRDA:69,7,0,0
BRDA:69,7,1,0
BRDA:69,8,0,0
BRDA:69,8,1,0
BRDA:73,9,0,0
BRDA:73,9,1,0
BRDA:77,10,0,0
BRDA:77,10,1,0
BRDA:107,11,0,0
BRDA:107,11,1,1
BRDA:107,12,0,1
BRDA:107,12,1,1
BRDA:122,13,0,0
BRDA:122,13,1,1
BRDA:122,14,0,1
BRDA:122,14,1,1
BRDA:153,15,0,1
BRDA:153,15,1,0
BRDA:155,16,0,1
BRDA:155,16,1,1
BRDA:172,17,0,1
BRDA:172,17,1,1
BRDA:204,18,0,0
BRDA:204,18,1,1
BRF:38
BRH:13
end_of_record
TN:
SF:/Users/maxime_beauchemin/code/caravel/superset/assets/javascripts/SqlLab/components/SqlEditorLeftBar.jsx
FN:21,SqlEditorLeftBar
FN:47,(anonymous_15)
FN:66,(anonymous_20)
FN:73,(anonymous_23)
FN:119,(anonymous_30)
FN:120,(anonymous_31)
FN:141,(anonymous_36)
FN:141,valueRenderer
FN:156,(anonymous_38)
FN:156,valueRenderer
FN:195,(anonymous_40)
FNF:11
FNH:4
FNDA:1,SqlEditorLeftBar
FNDA:0,(anonymous_15)
FNDA:0,(anonymous_20)
FNDA:0,(anonymous_23)
FNDA:0,(anonymous_30)
FNDA:0,(anonymous_31)
FNDA:1,(anonymous_36)
FNDA:0,valueRenderer
FNDA:1,(anonymous_38)
FNDA:0,valueRenderer
FNDA:1,(anonymous_40)
DA:1,1
DA:2,1
DA:3,1
DA:4,1
DA:5,1
DA:6,1
DA:7,1
DA:9,1
DA:15,1
DA:21,3
DA:23,1
DA:31,1
DA:32,1
DA:35,0
DA:36,0
DA:37,0
DA:38,0
DA:39,0
DA:40,0
DA:42,0
DA:43,0
DA:47,0
DA:48,0
DA:49,0
DA:50,0
DA:55,0
DA:58,0
DA:61,1
DA:62,1
DA:64,0
DA:66,0
DA:68,1
DA:70,1
DA:71,0
DA:72,0
DA:73,0
DA:74,0
DA:75,0
DA:83,1
DA:87,0
DA:88,0
DA:89,0
DA:91,0
DA:92,0
DA:93,0
DA:94,0
DA:95,0
DA:97,0
DA:98,0
DA:99,0
DA:100,0
DA:101,0
DA:103,0
DA:106,0
DA:107,0
DA:110,0
DA:111,0
DA:112,0
DA:114,1
DA:115,1
DA:116,1
DA:117,0
DA:118,0
DA:119,0
DA:120,0
DA:121,0
DA:122,0
DA:127,0
DA:129,1
DA:130,1
DA:131,1
DA:141,1
DA:156,1
DA:195,1
DA:213,1
DA:214,1
LF:76
LH:29
BRDA:21,0,0,1
BRDA:21,0,1,0
BRDA:35,1,0,0
BRDA:35,1,1,0
BRDA:39,2,0,0
BRDA:39,2,1,0
BRDA:49,3,0,0
BRDA:49,3,1,0
BRDA:61,4,0,1
BRDA:61,4,1,0
BRDA:61,5,0,1
BRDA:61,5,1,0
BRDA:70,6,0,0
BRDA:70,6,1,1
BRDA:70,7,0,1
BRDA:70,7,1,0
BRDA:87,8,0,0
BRDA:87,8,1,0
BRDA:94,9,0,0
BRDA:94,9,1,0
BRDA:110,10,0,0
BRDA:110,10,1,0
BRDA:115,11,0,1
BRDA:115,11,1,1
BRDA:116,12,0,0
BRDA:116,12,1,1
BRDA:167,13,0,1
BRDA:167,13,1,0
BRDA:180,14,0,1
BRDA:180,14,1,1
BRDA:203,15,0,1
BRDA:203,15,1,0
BRF:32
BRH:12
end_of_record
TN:
SF:/Users/maxime_beauchemin/code/caravel/superset/assets/javascripts/SqlLab/components/TabbedSqlEditors.jsx
FN:27,TabbedSqlEditors
FN:48,(anonymous_12)
FN:52,(anonymous_13)
FN:89,(anonymous_18)
FN:144,(anonymous_33)
FN:193,(anonymous_34)
FN:229,mapStateToProps
FN:239,mapDispatchToProps
FNF:8
FNH:2
FNDA:1,TabbedSqlEditors
FNDA:0,(anonymous_12)
FNDA:0,(anonymous_13)
FNDA:0,(anonymous_18)
FNDA:1,(anonymous_33)
FNDA:0,(anonymous_34)
FNDA:0,mapStateToProps
FNDA:0,mapDispatchToProps
DA:1,1
DA:2,1
DA:3,1
DA:4,1
DA:5,1
DA:6,1
DA:7,1
DA:8,1
DA:9,1
DA:11,1
DA:20,1
DA:24,1
DA:27,3
DA:29,1
DA:30,1
DA:37,0
DA:38,0
DA:39,0
DA:40,0
DA:41,0
DA:42,0
DA:43,0
DA:44,0
DA:45,0
DA:46,0
DA:47,0
DA:48,0
DA:49,0
DA:50,0
DA:51,0
DA:52,0
DA:53,0
DA:54,0
DA:59,0
DA:66,0
DA:68,0
DA:72,0
DA:74,0
DA:77,0
DA:78,0
DA:79,0
DA:80,0
DA:81,0
DA:84,0
DA:85,0
DA:88,0
DA:89,0
DA:90,0
DA:91,0
DA:92,0
DA:95,0
DA:96,0
DA:101,0
DA:102,0
DA:103,0
DA:107,1
DA:108,1
DA:109,1
DA:110,1
DA:111,1
DA:114,0
DA:117,0
DA:118,0
DA:119,0
DA:128,0
DA:131,0
DA:132,0
DA:134,0
DA:138,0
DA:141,0
DA:143,1
DA:144,1
DA:145,1
DA:147,1
DA:148,1
DA:149,0
DA:151,1
DA:152,1
DA:153,0
DA:155,1
DA:158,1
DA:182,1
DA:193,0
DA:207,1
DA:226,1
DA:227,1
DA:230,0
DA:240,0
LF:88
LH:33
BRDA:27,0,0,1
BRDA:27,0,1,0
BRDA:39,1,0,0
BRDA:39,1,1,0
BRDA:39,2,0,0
BRDA:39,2,1,0
BRDA:39,2,2,0
BRDA:40,3,0,0
BRDA:40,3,1,0
BRDA:42,4,0,0
BRDA:42,4,1,0
BRDA:44,5,0,0
BRDA:44,5,1,0
BRDA:46,6,0,0
BRDA:46,6,1,0
BRDA:51,7,0,0
BRDA:51,7,1,0
BRDA:53,8,0,0
BRDA:53,8,1,0
BRDA:80,9,0,0
BRDA:80,9,1,0
BRDA:84,10,0,0
BRDA:84,10,1,0
BRDA:91,11,0,0
BRDA:91,11,1,0
BRDA:91,12,0,0
BRDA:91,12,1,0
BRDA:91,12,2,0
BRDA:95,13,0,0
BRDA:95,13,1,0
BRDA:102,14,0,0
BRDA:102,14,1,0
BRDA:110,15,0,1
BRDA:110,15,1,0
BRDA:122,16,0,0
BRDA:122,16,1,0
BRDA:121,17,0,0
BRDA:121,17,1,0
BRDA:124,18,0,0
BRDA:124,18,1,0
BRDA:131,19,0,0
BRDA:131,19,1,0
BRDA:148,20,0,0
BRDA:148,20,1,1
BRDA:152,21,0,0
BRDA:152,21,1,1
BRDA:155,22,0,0
BRDA:155,22,1,1
BRDA:171,23,0,1
BRDA:171,23,1,1
BRDA:177,24,0,0
BRDA:177,24,1,1
BRDA:190,25,0,1
BRDA:190,25,1,1
BRF:54
BRH:10
end_of_record
TN:
SF:/Users/maxime_beauchemin/code/caravel/superset/assets/javascripts/SqlLab/components/TableElement.jsx
FN:24,TableElement
FN:101,(anonymous_21)
FN:112,(anonymous_22)
FN:137,(anonymous_27)
FN:162,(anonymous_28)
FN:162,onClick
FNF:6
FNH:6
FNDA:7,TableElement
FNDA:25,(anonymous_21)
FNDA:126,(anonymous_22)
FNDA:36,(anonymous_27)
FNDA:9,(anonymous_28)
FNDA:1,onClick
DA:1,1
DA:3,1
DA:4,1
DA:6,1
DA:7,1
DA:8,1
DA:9,1
DA:11,1
DA:17,1
DA:24,21
DA:26,7
DA:33,0
DA:40,0
DA:44,1
DA:45,1
DA:46,1
DA:48,0
DA:53,1
DA:54,1
DA:57,1
DA:61,9
DA:62,9
DA:63,9
DA:64,9
DA:65,9
DA:66,9
DA:67,9
DA:68,9
DA:69,9
DA:78,9
DA:79,9
DA:80,27
DA:82,9
DA:83,9
DA:93,9
DA:96,9
DA:97,9
DA:98,9
DA:99,9
DA:100,9
DA:101,25
DA:105,9
DA:112,126
DA:120,9
DA:123,1
DA:126,9
DA:127,9
DA:128,9
DA:129,9
DA:130,9
DA:137,36
DA:149,9
DA:162,9
DA:211,1
DA:212,1
LF:55
LH:52
BRDA:24,0,0,7
BRDA:24,0,1,0
BRDA:45,1,0,1
BRDA:45,1,1,0
BRDA:63,2,0,9
BRDA:63,2,1,0
BRDA:66,3,0,9
BRDA:66,3,1,0
BRDA:98,4,0,9
BRDA:98,4,1,0
BRDA:100,5,0,1
BRDA:100,5,1,8
BRDA:112,6,0,9
BRDA:112,6,1,9
BRDA:129,7,0,9
BRDA:129,7,1,0
BRDA:129,8,0,9
BRDA:129,8,1,9
BRDA:166,9,0,9
BRDA:166,9,1,0
BRDA:175,10,0,8
BRDA:175,10,1,1
BRDA:180,11,0,8
BRDA:180,11,1,1
BRDA:184,12,0,9
BRDA:184,12,1,9
BRF:26
BRH:19
end_of_record
TN:
SF:/Users/maxime_beauchemin/code/caravel/superset/assets/javascripts/SqlLab/components/VisualizeModal.jsx
FN:26,(anonymous_8)
FN:26,onHide
FN:30,VisualizeModal
FN:53,(anonymous_18)
FN:73,(anonymous_23)
FN:107,(anonymous_28)
FN:132,(anonymous_31)
FN:132,success
FN:133,(anonymous_33)
FN:135,(anonymous_34)
FN:136,(anonymous_35)
FN:152,(anonymous_36)
FN:152,error
FN:184,(anonymous_46)
FN:216,(anonymous_47)
FNF:15
FNH:3
FNDA:1,(anonymous_8)
FNDA:0,onHide
FNDA:2,VisualizeModal
FNDA:0,(anonymous_18)
FNDA:0,(anonymous_23)
FNDA:0,(anonymous_28)
FNDA:0,(anonymous_31)
FNDA:0,success
FNDA:0,(anonymous_33)
FNDA:0,(anonymous_34)
FNDA:0,(anonymous_35)
FNDA:0,(anonymous_36)
FNDA:0,error
FNDA:2,(anonymous_46)
FNDA:0,(anonymous_47)
DA:2,1
DA:3,1
DA:5,1
DA:6,1
DA:7,1
DA:8,1
DA:9,1
DA:11,1
DA:18,1
DA:23,1
DA:26,1
DA:30,6
DA:32,2
DA:40,1
DA:43,0
DA:46,0
DA:50,0
DA:52,0
DA:53,0
DA:54,0
DA:56,0
DA:59,2
DA:60,2
DA:61,2
DA:62,2
DA:63,1
DA:64,1
DA:65,1
DA:67,2
DA:70,1
DA:71,1
DA:72,1
DA:73,1
DA:74,0
DA:75,0
DA:83,1
DA:84,0
DA:85,1
DA:86,0
DA:87,0
DA:88,0
DA:89,0
DA:90,0
DA:93,0
DA:94,0
DA:99,1
DA:102,0
DA:105,1
DA:106,1
DA:107,0
DA:108,0
DA:109,0
DA:113,1
DA:115,0
DA:116,0
DA:123,0
DA:124,0
DA:132,0
DA:133,0
DA:134,0
DA:135,0
DA:136,0
DA:137,0
DA:143,0
DA:144,0
DA:145,0
DA:147,0
DA:148,0
DA:150,0
DA:152,0
DA:156,0
DA:157,0
DA:160,0
DA:161,0
DA:162,0
DA:163,0
DA:166,0
DA:167,0
DA:168,0
DA:169,0
DA:170,0
DA:172,3
DA:173,3
DA:174,2
DA:184,2
DA:216,1
DA:220,1
DA:267,1
DA:270,1
DA:271,1
LF:90
LH:41
BRDA:30,0,0,2
BRDA:30,0,1,0
BRDA:46,1,0,0
BRDA:46,1,1,0
BRDA:47,2,0,0
BRDA:47,2,1,0
BRDA:47,2,2,0
BRDA:62,3,0,1
BRDA:62,3,1,1
BRDA:63,4,0,1
BRDA:63,4,1,0
BRDA:64,5,0,1
BRDA:64,5,1,0
BRDA:74,6,0,0
BRDA:74,6,1,0
BRDA:83,7,0,0
BRDA:83,7,1,1
BRDA:85,8,0,0
BRDA:85,8,1,1
BRDA:89,9,0,0
BRDA:89,9,1,0
BRDA:89,10,0,0
BRDA:89,10,1,0
BRDA:93,11,0,0
BRDA:93,11,1,0
BRDA:106,12,0,0
BRDA:106,12,1,1
BRDA:106,13,0,1
BRDA:106,13,1,0
BRDA:108,14,0,0
BRDA:108,14,1,0
BRDA:143,15,0,0
BRDA:143,15,1,0
BRDA:147,16,0,0
BRDA:147,16,1,0
BRDA:167,17,0,0
BRDA:167,17,1,0
BRDA:173,18,0,2
BRDA:173,18,1,1
BRDA:173,19,0,3
BRDA:173,19,1,1
BRDA:173,19,2,1
BRDA:190,20,0,0
BRDA:190,20,1,2
BRDA:199,21,0,0
BRDA:199,21,1,2
BRDA:212,22,0,0
BRDA:212,22,1,2
BRDA:234,23,0,1
BRDA:234,23,1,0
BRF:50
BRH:18
end_of_record
TN:
SF:/Users/maxime_beauchemin/code/caravel/superset/assets/javascripts/components/AlertsWrapper.jsx
FN:8,(anonymous_11)
FN:8,ref
FNF:2
FNH:0
FNDA:0,(anonymous_11)
FNDA:0,ref
DA:1,1
DA:2,1
DA:6,0
DA:8,0
DA:9,0
LF:5
LH:2
BRF:0
BRH:0
end_of_record
TN:
SF:/Users/maxime_beauchemin/code/caravel/superset/assets/javascripts/components/AsyncSelect.jsx
FN:16,(anonymous_7)
FN:16,valueRenderer
FN:20,AsyncSelect
FN:33,(anonymous_15)
FNF:4
FNH:2
FNDA:1,(anonymous_7)
FNDA:0,valueRenderer
FNDA:3,AsyncSelect
FNDA:0,(anonymous_15)
DA:1,1
DA:2,1
DA:3,1
DA:5,1
DA:14,1
DA:16,1
DA:20,9
DA:22,3
DA:28,1
DA:30,1
DA:31,1
DA:32,1
DA:33,1
DA:34,0
DA:38,1
DA:41,4
DA:56,1
DA:57,1
LF:18
LH:17
BRDA:20,0,0,3
BRDA:20,0,1,0
BRDA:34,1,0,0
BRDA:34,1,1,0
BRF:4
BRH:1
end_of_record
TN:
SF:/Users/maxime_beauchemin/code/caravel/superset/assets/javascripts/components/Button.jsx
FN:14,Button
FNF:1
FNH:1
FNDA:10,Button
DA:1,1
DA:2,1
DA:3,1
DA:5,1
DA:9,1
DA:15,10
DA:16,10
DA:17,10
DA:18,10
DA:19,10
DA:22,10
DA:26,10
DA:27,0
DA:36,10
DA:39,1
DA:40,1
LF:16
LH:15
BRDA:26,0,0,0
BRDA:26,0,1,10
BRF:2
BRH:1
end_of_record
TN:
SF:/Users/maxime_beauchemin/code/caravel/superset/assets/javascripts/components/CopyToClipboard.jsx
FN:16,(anonymous_7)
FN:16,onCopyEnd
FN:23,CopyToClipboard
FN:42,(anonymous_15)
FNF:4
FNH:2
FNDA:1,(anonymous_7)
FNDA:0,onCopyEnd
FNDA:10,CopyToClipboard
FNDA:0,(anonymous_15)
DA:1,1
DA:2,1
DA:4,1
DA:14,1
DA:16,1
DA:23,30
DA:25,10
DA:30,10
DA:31,10
DA:32,10
DA:37,0
DA:40,0
DA:41,0
DA:42,0
DA:44,0
DA:49,0
DA:53,0
DA:55,0
DA:56,0
DA:57,0
DA:59,0
DA:60,0
DA:61,0
DA:62,0
DA:63,0
DA:66,0
DA:69,0
DA:71,0
DA:72,0
DA:76,14
DA:77,0
DA:79,14
DA:83,14
DA:107,0
DA:122,14
DA:130,14
DA:131,14
DA:132,0
DA:134,14
DA:136,14
DA:140,1
DA:141,1
LF:42
LH:20
BRDA:23,0,0,10
BRDA:23,0,1,0
BRDA:41,1,0,0
BRDA:41,1,1,0
BRDA:62,2,0,0
BRDA:62,2,1,0
BRDA:76,3,0,0
BRDA:76,3,1,14
BRDA:85,4,0,14
BRDA:85,4,1,0
BRDA:131,5,0,0
BRDA:131,5,1,14
BRF:12
BRH:4
end_of_record
TN:
SF:/Users/maxime_beauchemin/code/caravel/superset/assets/javascripts/components/FaveStar.jsx
FNF:0
FNH:0
DA:1,0
DA:2,0
DA:3,0
DA:5,0
DA:13,0
DA:17,0
DA:18,0
DA:22,0
DA:27,0
DA:44,0
LF:10
LH:0
BRF:0
BRH:0
end_of_record
TN:
SF:/Users/maxime_beauchemin/code/caravel/superset/assets/javascripts/components/InfoTooltipWithTrigger.jsx
FN:10,InfoTooltipWithTrigger
FNF:1
FNH:0
FNDA:0,InfoTooltipWithTrigger
DA:1,1
DA:2,1
DA:3,1
DA:5,1
DA:10,0
DA:11,0
DA:21,1
LF:7
LH:5
BRF:0
BRH:0
end_of_record
TN:
SF:/Users/maxime_beauchemin/code/caravel/superset/assets/javascripts/components/ModalTrigger.jsx
FN:22,(anonymous_7)
FN:22,beforeOpen
FN:23,(anonymous_9)
FN:23,onExit
FN:30,ModalTrigger
FNF:5
FNH:3
FNDA:1,(anonymous_7)
FNDA:0,beforeOpen
FNDA:1,(anonymous_9)
FNDA:0,onExit
FNDA:10,ModalTrigger
DA:1,1
DA:2,1
DA:3,1
DA:4,1
DA:6,1
DA:20,1
DA:22,1
DA:23,1
DA:30,30
DA:32,10
DA:35,10
DA:36,10
DA:40,0
DA:44,2
DA:45,2
DA:46,2
DA:49,14
DA:74,14
DA:77,14
DA:78,5
DA:89,9
DA:98,1
DA:99,1
LF:23
LH:22
BRDA:30,0,0,10
BRDA:30,0,1,0
BRDA:64,1,0,14
BRDA:64,1,1,0
BRDA:77,2,0,5
BRDA:77,2,1,9
BRF:6
BRH:4
end_of_record
TN:
SF:/Users/maxime_beauchemin/code/caravel/superset/assets/javascripts/components/Timer.jsx
FN:5,Timer
FNF:1
FNH:1
FNDA:1,Timer
DA:1,1
DA:2,1
DA:5,3
DA:7,1
DA:12,1
DA:15,0
DA:18,3
DA:19,1
DA:23,0
DA:24,0
DA:27,1
DA:28,1
DA:29,1
DA:30,1
DA:31,1
DA:33,1
DA:34,0
DA:39,2
DA:40,2
DA:42,2
DA:43,2
DA:44,2
DA:53,2
DA:56,1
DA:64,1
LF:25
LH:21
BRDA:5,0,0,1
BRDA:5,0,1,0
BRDA:18,1,0,1
BRDA:18,1,1,2
BRDA:27,2,0,1
BRDA:27,2,1,0
BRDA:27,3,0,1
BRDA:27,3,1,1
BRDA:28,4,0,1
BRDA:28,4,1,1
BRDA:29,5,0,1
BRDA:29,5,1,0
BRDA:33,6,0,0
BRDA:33,6,1,1
BRDA:39,7,0,2
BRDA:39,7,1,0
BRDA:39,8,0,2
BRDA:39,8,1,2
BRDA:43,9,0,2
BRDA:43,9,1,0
BRF:20
BRH:14
end_of_record
TN:
SF:/Users/maxime_beauchemin/code/caravel/superset/assets/javascripts/components/TooltipWrapper.jsx
FN:16,TooltipWrapper
FNF:1
FNH:0
FNDA:0,TooltipWrapper
DA:1,0
DA:2,0
DA:3,0
DA:5,0
DA:12,0
DA:16,0
DA:17,0
DA:27,0
DA:28,0
LF:9
LH:0
BRF:0
BRH:0
end_of_record
TN:
SF:/Users/maxime_beauchemin/code/caravel/superset/assets/javascripts/components/VictoryTheme.js
FNF:0
FNH:0
DA:3,0
DA:4,0
DA:7,0
DA:19,0
DA:22,0
DA:23,0
DA:24,0
DA:27,0
DA:35,0
DA:45,0
DA:46,0
DA:49,0
LF:12
LH:0
BRF:0
BRH:0
end_of_record
TN:
SF:/Users/maxime_beauchemin/code/caravel/superset/assets/javascripts/dashboard/Dashboard.jsx
FN:17,getInitialState
FN:23,(anonymous_2)
FN:36,unload
FN:42,onBeforeUnload
FN:50,renderAlert
FN:63,initDashboardView
FN:76,(anonymous_7)
FN:79,(anonymous_8)
FN:85,(anonymous_9)
FN:90,(anonymous_10)
FN:101,dashboardContainer
FN:102,(anonymous_12)
FN:102,init
FN:107,(anonymous_14)
FN:111,(anonymous_15)
FN:113,(anonymous_16)
FN:102,onChange
FN:102,onSave
FN:102,loadPreSelectFilters
FN:102,setFilter
FN:102,done
FN:102,effectiveExtraFilters
FN:102,addFilter
FN:102,readFilters
FN:102,updateFilterParamsInUrl
FN:102,bindResizeToWindowResize
FN:220,(anonymous_37)
FN:222,(anonymous_38)
FN:223,(anonymous_39)
FN:102,stopPeriodicRender
FN:102,startPeriodicRender
FN:239,(anonymous_44)
FN:239,refreshAll
FN:240,(anonymous_46)
FN:242,(anonymous_47)
FN:251,(anonymous_48)
FN:251,fetchAndRender
FN:254,(anonymous_50)
FN:102,refreshExcept
FN:263,(anonymous_53)
FN:264,(anonymous_54)
FN:268,(anonymous_55)
FN:102,clearFilters
FN:102,removeFilter
FN:281,(anonymous_60)
FN:283,(anonymous_61)
FN:102,getSlice
FN:102,getAjaxErrorMsg
FN:102,addSlicesToDashboard
FN:315,(anonymous_68)
FN:315,success
FN:315,error
FN:337,(anonymous_72)
FNF:53
FNH:0
FNDA:0,getInitialState
FNDA:0,(anonymous_2)
FNDA:0,unload
FNDA:0,onBeforeUnload
FNDA:0,renderAlert
FNDA:0,initDashboardView
FNDA:0,(anonymous_7)
FNDA:0,(anonymous_8)
FNDA:0,(anonymous_9)
FNDA:0,(anonymous_10)
FNDA:0,dashboardContainer
FNDA:0,(anonymous_12)
FNDA:0,init
FNDA:0,(anonymous_14)
FNDA:0,(anonymous_15)
FNDA:0,(anonymous_16)
FNDA:0,onChange
FNDA:0,onSave
FNDA:0,loadPreSelectFilters
FNDA:0,setFilter
FNDA:0,done
FNDA:0,effectiveExtraFilters
FNDA:0,addFilter
FNDA:0,readFilters
FNDA:0,updateFilterParamsInUrl
FNDA:0,bindResizeToWindowResize
FNDA:0,(anonymous_37)
FNDA:0,(anonymous_38)
FNDA:0,(anonymous_39)
FNDA:0,stopPeriodicRender
FNDA:0,startPeriodicRender
FNDA:0,(anonymous_44)
FNDA:0,refreshAll
FNDA:0,(anonymous_46)
FNDA:0,(anonymous_47)
FNDA:0,(anonymous_48)
FNDA:0,fetchAndRender
FNDA:0,(anonymous_50)
FNDA:0,refreshExcept
FNDA:0,(anonymous_53)
FNDA:0,(anonymous_54)
FNDA:0,(anonymous_55)
FNDA:0,clearFilters
FNDA:0,removeFilter
FNDA:0,(anonymous_60)
FNDA:0,(anonymous_61)
FNDA:0,getSlice
FNDA:0,getAjaxErrorMsg
FNDA:0,addSlicesToDashboard
FNDA:0,(anonymous_68)
FNDA:0,success
FNDA:0,error
FNDA:0,(anonymous_72)
DA:1,0
DA:2,0
DA:3,0
DA:4,0
DA:5,0
DA:6,0
DA:9,0
DA:10,0
DA:11,0
DA:12,0
DA:14,0
DA:15,0
DA:18,0
DA:19,0
DA:21,0
DA:22,0
DA:23,0
DA:24,0
DA:27,0
DA:28,0
DA:30,0
DA:33,0
DA:37,0
DA:38,0
DA:39,0
DA:43,0
DA:44,0
DA:46,0
DA:51,0
DA:64,0
DA:69,0
DA:75,0
DA:77,0
DA:80,0
DA:83,0
DA:85,0
DA:86,0
DA:87,0
DA:89,0
DA:90,0
DA:91,0
DA:93,0
DA:94,0
DA:97,0
DA:98,0
DA:102,0
DA:105,0
DA:106,0
DA:107,0
DA:108,0
DA:109,0
DA:110,0
DA:111,0
DA:112,0
DA:113,0
DA:114,0
DA:116,0
DA:119,0
DA:120,0
DA:121,0
DA:124,0
DA:125,0
DA:128,0
DA:129,0
DA:132,0
DA:133,0
DA:134,0
DA:135,0
DA:136,0
DA:144,0
DA:147,0
DA:148,0
DA:149,0
DA:150,0
DA:157,0
DA:164,0
DA:165,0
DA:166,0
DA:168,0
DA:172,0
DA:173,0
DA:177,0
DA:179,0
DA:180,0
DA:181,0
DA:182,0
DA:190,0
DA:192,0
DA:193,0
DA:194,0
DA:196,0
DA:197,0
DA:199,0
DA:201,0
DA:202,0
DA:204,0
DA:208,0
DA:211,0
DA:212,0
DA:213,0
DA:214,0
DA:215,0
DA:218,0
DA:219,0
DA:220,0
DA:221,0
DA:222,0
DA:223,0
DA:224,0
DA:230,0
DA:231,0
DA:232,0
DA:236,0
DA:237,0
DA:238,0
DA:239,0
DA:240,0
DA:241,0
DA:242,0
DA:243,0
DA:248,0
DA:251,0
DA:252,0
DA:253,0
DA:254,0
DA:255,0
DA:259,0
DA:262,0
DA:263,0
DA:264,0
DA:265,0
DA:266,0
DA:267,0
DA:268,0
DA:269,0
DA:275,0
DA:276,0
DA:277,0
DA:279,0
DA:280,0
DA:281,0
DA:282,0
DA:283,0
DA:284,0
DA:285,0
DA:288,0
DA:291,0
DA:292,0
DA:295,0
DA:296,0
DA:297,0
DA:298,0
DA:300,0
DA:301,0
DA:302,0
DA:304,0
DA:306,0
DA:309,0
DA:310,0
DA:314,0
DA:315,0
DA:323,0
DA:326,0
DA:327,0
DA:337,0
DA:339,0
DA:340,0
DA:341,0
DA:343,0
DA:344,0
DA:345,0
DA:346,0
LF:172
LH:0
BRDA:22,0,0,0
BRDA:22,0,1,0
BRDA:43,1,0,0
BRDA:43,1,1,0
BRDA:89,2,0,0
BRDA:89,2,1,0
BRDA:93,3,0,0
BRDA:93,3,1,0
BRDA:108,4,0,0
BRDA:108,4,1,0
BRDA:133,5,0,0
BRDA:133,5,1,0
BRDA:149,6,0,0
BRDA:149,6,1,0
BRDA:149,7,0,0
BRDA:149,7,1,0
BRDA:165,8,0,0
BRDA:165,8,1,0
BRDA:166,9,0,0
BRDA:166,9,1,0
BRDA:166,10,0,0
BRDA:166,10,1,0
BRDA:173,11,0,0
BRDA:173,11,1,0
BRDA:174,12,0,0
BRDA:174,12,1,0
BRDA:174,12,2,0
BRDA:181,13,0,0
BRDA:181,13,1,0
BRDA:192,14,0,0
BRDA:192,14,1,0
BRDA:192,15,0,0
BRDA:192,15,1,0
BRDA:192,16,0,0
BRDA:192,16,1,0
BRDA:192,17,0,0
BRDA:192,17,1,0
BRDA:193,18,0,0
BRDA:193,18,1,0
BRDA:196,19,0,0
BRDA:196,19,1,0
BRDA:196,20,0,0
BRDA:196,20,1,0
BRDA:201,21,0,0
BRDA:201,21,1,0
BRDA:212,22,0,0
BRDA:212,22,1,0
BRDA:230,23,0,0
BRDA:230,23,1,0
BRDA:253,24,0,0
BRDA:253,24,1,0
BRDA:262,25,0,0
BRDA:262,25,1,0
BRDA:264,26,0,0
BRDA:264,26,1,0
BRDA:264,27,0,0
BRDA:264,27,1,0
BRDA:280,28,0,0
BRDA:280,28,1,0
BRDA:281,29,0,0
BRDA:281,29,1,0
BRDA:284,30,0,0
BRDA:284,30,1,0
BRDA:300,31,0,0
BRDA:300,31,1,0
BRDA:310,32,0,0
BRDA:310,32,1,0
BRDA:310,33,0,0
BRDA:310,33,1,0
BRF:69
BRH:0
end_of_record
TN:
SF:/Users/maxime_beauchemin/code/caravel/superset/assets/javascripts/dashboard/components/CodeModal.jsx
FN:15,CodeModal
FNF:1
FNH:1
FNDA:1,CodeModal
DA:1,1
DA:3,1
DA:5,1
DA:11,1
DA:15,3
DA:17,1
DA:22,0
DA:23,0
DA:24,0
DA:26,0
DA:29,1
DA:46,1
DA:47,1
LF:13
LH:9
BRDA:15,0,0,1
BRDA:15,0,1,0
BRDA:23,1,0,0
BRDA:23,1,1,0
BRF:4
BRH:1
end_of_record
TN:
SF:/Users/maxime_beauchemin/code/caravel/superset/assets/javascripts/dashboard/components/Controls.jsx
FN:18,Controls
FN:26,(anonymous_11)
FN:31,(anonymous_14)
FN:32,(anonymous_15)
FN:65,(anonymous_20)
FN:65,onChange
FN:85,(anonymous_22)
FN:85,onClick
FN:100,(anonymous_24)
FN:100,onClick
FNF:10
FNH:0
FNDA:0,Controls
FNDA:0,(anonymous_11)
FNDA:0,(anonymous_14)
FNDA:0,(anonymous_15)
FNDA:0,(anonymous_20)
FNDA:0,onChange
FNDA:0,(anonymous_22)
FNDA:0,onClick
FNDA:0,(anonymous_24)
FNDA:0,onClick
DA:1,0
DA:3,0
DA:5,0
DA:6,0
DA:7,0
DA:8,0
DA:9,0
DA:10,0
DA:11,0
DA:13,0
DA:18,0
DA:20,0
DA:26,0
DA:27,0
DA:30,0
DA:31,0
DA:32,0
DA:37,0
DA:41,0
DA:42,0
DA:45,0
DA:46,0
DA:47,0
DA:48,0
DA:50,0
DA:65,0
DA:85,0
DA:86,0
DA:100,0
DA:108,0
LF:30
LH:0
BRDA:18,0,0,0
BRDA:18,0,1,0
BRDA:21,1,0,0
BRDA:21,1,1,0
BRF:4
BRH:0
end_of_record
TN:
SF:/Users/maxime_beauchemin/code/caravel/superset/assets/javascripts/dashboard/components/CssEditor.jsx
FN:20,(anonymous_7)
FN:20,onChange
FN:25,CssEditor
FNF:3
FNH:2
FNDA:1,(anonymous_7)
FNDA:0,onChange
FNDA:1,CssEditor
DA:1,1
DA:3,1
DA:4,1
DA:6,1
DA:7,1
DA:8,1
DA:11,1
DA:18,1
DA:20,1
DA:25,3
DA:27,1
DA:33,1
DA:36,0
DA:37,0
DA:40,1
DA:41,1
DA:42,1
DA:43,1
DA:45,1
DA:46,1
DA:47,1
DA:48,1
DA:49,1
DA:51,1
DA:52,0
DA:54,1
DA:58,0
DA:61,1
DA:62,1
DA:73,0
DA:76,1
DA:107,1
DA:108,1
LF:33
LH:28
BRDA:25,0,0,1
BRDA:25,0,1,0
BRDA:42,1,0,1
BRDA:42,1,1,0
BRDA:45,2,0,1
BRDA:45,2,1,0
BRDA:51,3,0,0
BRDA:51,3,1,1
BRDA:61,4,0,1
BRDA:61,4,1,0
BRDA:97,5,0,1
BRDA:97,5,1,1
BRF:12
BRH:7
end_of_record
TN:
SF:/Users/maxime_beauchemin/code/caravel/superset/assets/javascripts/dashboard/components/GridLayout.jsx
FN:18,(anonymous_11)
FN:49,(anonymous_14)
FN:62,(anonymous_19)
FN:65,(anonymous_20)
FN:73,(anonymous_23)
FN:96,(anonymous_26)
FNF:6
FNH:0
FNDA:0,(anonymous_11)
FNDA:0,(anonymous_14)
FNDA:0,(anonymous_19)
FNDA:0,(anonymous_20)
FNDA:0,(anonymous_23)
FNDA:0,(anonymous_26)
DA:1,0
DA:2,0
DA:3,0
DA:4,0
DA:6,0
DA:7,0
DA:8,0
DA:10,0
DA:15,0
DA:16,0
DA:18,0
DA:19,0
DA:20,0
DA:21,0
DA:22,0
DA:30,0
DA:40,0
DA:47,0
DA:48,0
DA:49,0
DA:51,0
DA:55,0
DA:56,0
DA:60,0
DA:61,0
DA:63,0
DA:66,0
DA:69,0
DA:73,0
DA:82,0
DA:83,0
DA:96,0
DA:115,0
LF:33
LH:0
BRDA:21,0,0,0
BRDA:21,0,1,0
BRDA:48,1,0,0
BRDA:48,1,1,0
BRDA:48,2,0,0
BRDA:48,2,1,0
BRF:6
BRH:0
end_of_record
TN:
SF:/Users/maxime_beauchemin/code/caravel/superset/assets/javascripts/dashboard/components/Header.jsx
FN:12,Header
FNF:1
FNH:0
FNDA:0,Header
DA:1,0
DA:3,0
DA:5,0
DA:8,0
DA:12,0
DA:14,0
DA:18,0
DA:19,0
DA:37,0
DA:38,0
LF:10
LH:0
BRDA:12,0,0,0
BRDA:12,0,1,0
BRDA:28,1,0,0
BRDA:28,1,1,0
BRF:4
BRH:0
end_of_record
TN:
SF:/Users/maxime_beauchemin/code/caravel/superset/assets/javascripts/dashboard/components/RefreshIntervalModal.jsx
FN:14,(anonymous_7)
FN:14,onChange
FN:23,(anonymous_9)
FN:26,RefreshIntervalModal
FN:44,(anonymous_14)
FN:44,onChange
FNF:6
FNH:4
FNDA:1,(anonymous_7)
FNDA:0,onChange
FNDA:5,(anonymous_9)
FNDA:1,RefreshIntervalModal
FNDA:1,(anonymous_14)
FNDA:0,onChange
DA:1,1
DA:3,1
DA:4,1
DA:6,1
DA:12,1
DA:14,1
DA:17,1
DA:23,5
DA:26,3
DA:28,1
DA:32,1
DA:33,1
DA:44,1
DA:45,0
DA:46,0
DA:55,1
DA:56,1
LF:17
LH:15
BRDA:26,0,0,1
BRDA:26,0,1,0
BRF:2
BRH:1
end_of_record
TN:
SF:/Users/maxime_beauchemin/code/caravel/superset/assets/javascripts/dashboard/components/SaveModal.jsx
FN:16,SaveModal
FN:44,(anonymous_15)
FN:44,success
FN:44,error
FN:75,(anonymous_21)
FN:109,(anonymous_24)
FN:109,ref
FN:141,(anonymous_26)
FN:141,onClick
FNF:9
FNH:0
FNDA:0,SaveModal
FNDA:0,(anonymous_15)
FNDA:0,success
FNDA:0,error
FNDA:0,(anonymous_21)
FNDA:0,(anonymous_24)
FNDA:0,ref
FNDA:0,(anonymous_26)
FNDA:0,onClick
DA:1,0
DA:3,0
DA:4,0
DA:5,0
DA:7,0
DA:9,0
DA:16,0
DA:18,0
DA:24,0
DA:25,0
DA:26,0
DA:27,0
DA:30,0
DA:35,0
DA:41,0
DA:42,0
DA:43,0
DA:44,0
DA:51,0
DA:52,0
DA:53,0
DA:54,0
DA:56,0
DA:63,0
DA:64,0
DA:65,0
DA:73,0
DA:74,0
DA:75,0
DA:76,0
DA:77,0
DA:78,0
DA:79,0
DA:82,0
DA:83,0
DA:88,0
DA:89,0
DA:90,0
DA:91,0
DA:92,0
DA:93,0
DA:94,0
DA:95,0
DA:100,0
DA:101,0
DA:102,0
DA:106,0
DA:107,0
DA:109,0
DA:141,0
DA:151,0
LF:51
LH:0
BRDA:16,0,0,0
BRDA:16,0,1,0
BRDA:53,1,0,0
BRDA:53,1,1,0
BRDA:78,2,0,0
BRDA:78,2,1,0
BRDA:89,3,0,0
BRDA:89,3,1,0
BRDA:92,4,0,0
BRDA:92,4,1,0
BRDA:93,5,0,0
BRDA:93,5,1,0
BRF:12
BRH:0
end_of_record
TN:
SF:/Users/maxime_beauchemin/code/caravel/superset/assets/javascripts/dashboard/components/SliceAdder.jsx
FN:13,SliceAdder
FN:42,(anonymous_11)
FN:42,success
FN:44,(anonymous_13)
FN:57,(anonymous_14)
FN:57,error
FN:102,(anonymous_26)
FN:146,(anonymous_27)
FN:146,dataFormat
FNF:9
FNH:0
FNDA:0,SliceAdder
FNDA:0,(anonymous_11)
FNDA:0,success
FNDA:0,(anonymous_13)
FNDA:0,(anonymous_14)
FNDA:0,error
FNDA:0,(anonymous_26)
FNDA:0,(anonymous_27)
FNDA:0,dataFormat
DA:1,0
DA:2,0
DA:3,0
DA:4,0
DA:5,0
DA:7,0
DA:13,0
DA:15,0
DA:21,0
DA:27,0
DA:28,0
DA:30,0
DA:37,0
DA:38,0
DA:39,0
DA:42,0
DA:44,0
DA:51,0
DA:57,0
DA:58,0
DA:59,0
DA:67,0
DA:71,0
DA:75,0
DA:76,0
DA:77,0
DA:81,0
DA:82,0
DA:83,0
DA:84,0
DA:85,0
DA:87,0
DA:90,0
DA:91,0
DA:92,0
DA:93,0
DA:95,0
DA:99,0
DA:100,0
DA:101,0
DA:102,0
DA:103,0
DA:107,0
DA:146,0
DA:164,0
DA:177,0
LF:46
LH:0
BRDA:13,0,0,0
BRDA:13,0,1,0
BRDA:81,1,0,0
BRDA:81,1,1,0
BRDA:82,2,0,0
BRDA:82,2,1,0
BRDA:84,3,0,0
BRDA:84,3,1,0
BRDA:90,4,0,0
BRDA:90,4,1,0
BRDA:92,5,0,0
BRDA:92,5,1,0
BRDA:99,6,0,0
BRDA:99,6,1,0
BRDA:100,7,0,0
BRDA:100,7,1,0
BRDA:101,8,0,0
BRDA:101,8,1,0
BRDA:110,9,0,0
BRDA:110,9,1,0
BRDA:111,10,0,0
BRDA:111,10,1,0
BRDA:113,11,0,0
BRDA:113,11,1,0
BRDA:116,12,0,0
BRDA:116,12,1,0
BRF:26
BRH:0
end_of_record
TN:
SF:/Users/maxime_beauchemin/code/caravel/superset/assets/javascripts/dashboard/components/SliceCell.jsx
FN:9,SliceCell
FN:51,(anonymous_2)
FN:51,onClick
FNF:3
FNH:2
FNDA:1,SliceCell
FNDA:1,(anonymous_2)
FNDA:0,onClick
DA:1,1
DA:3,1
DA:9,3
DA:10,1
DA:51,1
DA:87,1
LF:6
LH:6
BRDA:25,0,0,1
BRDA:25,0,1,0
BRDA:62,1,0,0
BRDA:62,1,1,1
BRDA:61,2,0,1
BRDA:61,2,1,1
BRF:6
BRH:4
end_of_record
TN:
SF:/Users/maxime_beauchemin/code/caravel/superset/assets/javascripts/explorev2/exploreUtils.js
FN:4,getExploreUrl
FNF:1
FNH:1
FNDA:6,getExploreUrl
DA:2,1
DA:4,18
DA:5,6
DA:6,0
DA:13,6
DA:14,6
DA:15,6
DA:19,6
DA:20,6
DA:21,4
DA:23,6
DA:24,6
DA:27,6
DA:28,6
DA:29,6
DA:30,1
DA:32,6
DA:33,1
DA:35,6
DA:36,1
DA:38,6
DA:39,0
DA:41,6
DA:42,6
LF:24
LH:22
BRDA:4,0,0,6
BRDA:4,0,1,0
BRDA:4,1,0,6
BRDA:4,1,1,6
BRDA:4,2,0,6
BRDA:4,2,1,0
BRDA:4,3,0,6
BRDA:4,3,1,6
BRDA:4,4,0,6
BRDA:4,4,1,0
BRDA:4,5,0,6
BRDA:4,5,1,6
BRDA:5,6,0,0
BRDA:5,6,1,6
BRDA:14,7,0,6
BRDA:14,7,1,0
BRDA:20,8,0,4
BRDA:20,8,1,2
BRDA:29,9,0,1
BRDA:29,9,1,5
BRDA:32,10,0,1
BRDA:32,10,1,5
BRDA:35,11,0,1
BRDA:35,11,1,5
BRDA:38,12,0,0
BRDA:38,12,1,6
BRF:26
BRH:20
end_of_record
TN:
SF:/Users/maxime_beauchemin/code/caravel/superset/assets/javascripts/explorev2/index.jsx
FNF:0
FNH:0
DA:2,0
DA:3,0
DA:4,0
DA:5,0
DA:6,0
DA:7,0
DA:8,0
DA:9,0
DA:10,0
DA:11,0
DA:12,0
DA:16,0
DA:17,0
DA:18,0
DA:19,0
DA:20,0
DA:22,0
DA:23,0
DA:24,0
DA:25,0
DA:27,0
DA:30,0
DA:47,0
DA:51,0
LF:24
LH:0
BRF:0
BRH:0
end_of_record
TN:
SF:/Users/maxime_beauchemin/code/caravel/superset/assets/javascripts/explorev2/validators.js
FN:8,numeric
FN:15,integer
FN:22,nonEmpty
FNF:3
FNH:0
FNDA:0,numeric
FNDA:0,integer
FNDA:0,nonEmpty
DA:9,0
DA:10,0
DA:12,0
DA:16,0
DA:17,0
DA:19,0
DA:23,0
DA:29,0
DA:31,0
LF:9
LH:0
BRDA:9,0,0,0
BRDA:9,0,1,0
BRDA:9,1,0,0
BRDA:9,1,1,0
BRDA:16,2,0,0
BRDA:16,2,1,0
BRDA:16,3,0,0
BRDA:16,3,1,0
BRDA:16,3,2,0
BRDA:23,4,0,0
BRDA:23,4,1,0
BRDA:24,5,0,0
BRDA:24,5,1,0
BRDA:24,5,2,0
BRDA:24,5,3,0
BRDA:24,5,4,0
BRF:16
BRH:0
end_of_record
TN:
SF:/Users/maxime_beauchemin/code/caravel/superset/assets/javascripts/explorev2/actions/exploreActions.js
FN:7,setDatasourceType
FN:12,setDatasource
FN:17,setDatasources
FN:22,fetchDatasourceStarted
FN:27,fetchDatasourceSucceeded
FN:32,fetchDatasourceFailed
FN:37,fetchDatasourcesStarted
FN:42,fetchDatasourcesSucceeded
FN:47,fetchDatasourcesFailed
FN:52,resetControls
FN:57,triggerQuery
FN:61,fetchDatasourceMetadata
FN:62,(anonymous_12)
FN:68,(anonymous_13)
FN:68,success
FN:65,(anonymous_15)
FN:65,error
FN:83,fetchDatasources
FN:84,(anonymous_18)
FN:90,(anonymous_19)
FN:90,success
FN:87,(anonymous_21)
FN:87,error
FN:102,toggleFaveStar
FN:107,fetchFaveStar
FN:108,(anonymous_25)
FN:110,(anonymous_26)
FN:119,saveFaveStar
FN:120,(anonymous_28)
FN:129,setControlValue
FN:134,chartUpdateStarted
FN:139,chartUpdateSucceeded
FN:144,chartUpdateStopped
FN:152,chartUpdateFailed
FN:157,chartRenderingFailed
FN:162,updateExploreEndpoints
FN:167,removeControlPanelAlert
FN:172,removeChartAlert
FN:177,fetchDashboardsSucceeded
FN:182,fetchDashboardsFailed
FN:186,fetchDashboards
FN:187,(anonymous_41)
FN:189,(anonymous_42)
FN:204,saveSliceFailed
FN:209,removeSaveModalAlert
FN:213,saveSlice
FN:214,(anonymous_46)
FN:215,(anonymous_47)
FN:227,updateChartStatus
FN:232,runQuery
FN:233,(anonymous_50)
FN:235,(anonymous_51)
FN:237,(anonymous_52)
FN:247,renderTriggered
FNF:54
FNH:1
FNDA:0,setDatasourceType
FNDA:0,setDatasource
FNDA:0,setDatasources
FNDA:0,fetchDatasourceStarted
FNDA:0,fetchDatasourceSucceeded
FNDA:0,fetchDatasourceFailed
FNDA:0,fetchDatasourcesStarted
FNDA:0,fetchDatasourcesSucceeded
FNDA:0,fetchDatasourcesFailed
FNDA:0,resetControls
FNDA:0,triggerQuery
FNDA:0,fetchDatasourceMetadata
FNDA:0,(anonymous_12)
FNDA:0,(anonymous_13)
FNDA:0,success
FNDA:0,(anonymous_15)
FNDA:0,error
FNDA:0,fetchDatasources
FNDA:0,(anonymous_18)
FNDA:0,(anonymous_19)
FNDA:0,success
FNDA:0,(anonymous_21)
FNDA:0,error
FNDA:0,toggleFaveStar
FNDA:0,fetchFaveStar
FNDA:0,(anonymous_25)
FNDA:0,(anonymous_26)
FNDA:0,saveFaveStar
FNDA:0,(anonymous_28)
FNDA:2,setControlValue
FNDA:0,chartUpdateStarted
FNDA:0,chartUpdateSucceeded
FNDA:0,chartUpdateStopped
FNDA:0,chartUpdateFailed
FNDA:0,chartRenderingFailed
FNDA:0,updateExploreEndpoints
FNDA:0,removeControlPanelAlert
FNDA:0,removeChartAlert
FNDA:0,fetchDashboardsSucceeded
FNDA:0,fetchDashboardsFailed
FNDA:0,fetchDashboards
FNDA:0,(anonymous_41)
FNDA:0,(anonymous_42)
FNDA:0,saveSliceFailed
FNDA:0,removeSaveModalAlert
FNDA:0,saveSlice
FNDA:0,(anonymous_46)
FNDA:0,(anonymous_47)
FNDA:0,updateChartStatus
FNDA:0,runQuery
FNDA:0,(anonymous_50)
FNDA:0,(anonymous_51)
FNDA:0,(anonymous_52)
FNDA:0,renderTriggered
DA:2,1
DA:3,1
DA:4,1
DA:6,1
DA:8,0
DA:11,1
DA:13,0
DA:16,1
DA:18,0
DA:21,1
DA:23,0
DA:26,1
DA:28,0
DA:31,1
DA:33,0
DA:36,1
DA:38,0
DA:41,1
DA:43,0
DA:46,1
DA:48,0
DA:51,1
DA:53,0
DA:56,1
DA:58,0
DA:61,0
DA:62,0
DA:63,0
DA:64,0
DA:65,0
DA:68,0
DA:69,0
DA:70,0
DA:71,0
DA:72,0
DA:73,0
DA:77,0
DA:84,0
DA:85,0
DA:86,0
DA:87,0
DA:90,0
DA:91,0
DA:92,0
DA:95,0
DA:101,1
DA:103,0
DA:106,1
DA:108,0
DA:109,0
DA:110,0
DA:111,0
DA:112,0
DA:118,1
DA:120,0
DA:121,0
DA:122,0
DA:123,0
DA:124,0
DA:128,1
DA:130,2
DA:133,1
DA:135,0
DA:138,1
DA:140,0
DA:143,1
DA:145,0
DA:146,0
DA:148,0
DA:151,1
DA:153,0
DA:156,1
DA:158,0
DA:161,1
DA:163,0
DA:166,1
DA:168,0
DA:171,1
DA:173,0
DA:176,1
DA:178,0
DA:181,1
DA:183,0
DA:187,0
DA:188,0
DA:189,0
DA:190,0
DA:191,0
DA:192,0
DA:193,0
DA:195,0
DA:197,0
DA:203,1
DA:205,0
DA:208,1
DA:210,0
DA:214,0
DA:215,0
DA:216,0
DA:218,0
DA:220,0
DA:226,1
DA:228,0
DA:231,1
DA:232,0
DA:233,0
DA:234,0
DA:235,0
DA:236,0
DA:238,0
DA:239,0
DA:242,0
DA:246,1
DA:248,0
LF:114
LH:34
BRDA:61,0,0,0
BRDA:61,0,1,0
BRDA:61,1,0,0
BRDA:61,1,1,0
BRDA:72,2,0,0
BRDA:72,2,1,0
BRDA:111,3,0,0
BRDA:111,3,1,0
BRDA:121,4,0,0
BRDA:121,4,1,0
BRDA:145,5,0,0
BRDA:145,5,1,0
BRDA:190,6,0,0
BRDA:190,6,1,0
BRDA:216,7,0,0
BRDA:216,7,1,0
BRDA:232,8,0,0
BRDA:232,8,1,0
BRDA:232,9,0,0
BRDA:232,9,1,0
BRDA:238,10,0,0
BRDA:238,10,1,0
BRF:22
BRH:0
end_of_record
TN:
SF:/Users/maxime_beauchemin/code/caravel/superset/assets/javascripts/explorev2/components/ChartContainer.jsx
FN:40,ChartContainer
FN:76,(anonymous_15)
FN:76,getHeight
FN:86,(anonymous_17)
FN:86,html
FN:90,(anonymous_19)
FN:90,css
FN:97,(anonymous_21)
FN:97,show
FN:98,(anonymous_23)
FN:98,get
FN:99,(anonymous_25)
FN:99,find
FN:102,(anonymous_27)
FN:102,width
FN:106,(anonymous_29)
FN:106,render_template
FN:114,(anonymous_31)
FN:114,setFilter
FN:116,(anonymous_33)
FN:116,getFilters
FN:121,(anonymous_35)
FN:121,addFilter
FN:123,(anonymous_37)
FN:123,removeFilter
FN:125,(anonymous_39)
FN:125,done
FN:126,(anonymous_41)
FN:126,clearError
FN:80,(anonymous_43)
FN:80,error
FN:132,(anonymous_45)
FN:132,d3format
FN:176,(anonymous_53)
FN:176,onClick
FN:207,(anonymous_57)
FN:207,ref
FN:303,mapStateToProps
FN:326,(anonymous_64)
FNF:39
FNH:0
FNDA:0,ChartContainer
FNDA:0,(anonymous_15)
FNDA:0,getHeight
FNDA:0,(anonymous_17)
FNDA:0,html
FNDA:0,(anonymous_19)
FNDA:0,css
FNDA:0,(anonymous_21)
FNDA:0,show
FNDA:0,(anonymous_23)
FNDA:0,get
FNDA:0,(anonymous_25)
FNDA:0,find
FNDA:0,(anonymous_27)
FNDA:0,width
FNDA:0,(anonymous_29)
FNDA:0,render_template
FNDA:0,(anonymous_31)
FNDA:0,setFilter
FNDA:0,(anonymous_33)
FNDA:0,getFilters
FNDA:0,(anonymous_35)
FNDA:0,addFilter
FNDA:0,(anonymous_37)
FNDA:0,removeFilter
FNDA:0,(anonymous_39)
FNDA:0,done
FNDA:0,(anonymous_41)
FNDA:0,clearError
FNDA:0,(anonymous_43)
FNDA:0,error
FNDA:0,(anonymous_45)
FNDA:0,d3format
FNDA:0,(anonymous_53)
FNDA:0,onClick
FNDA:0,(anonymous_57)
FNDA:0,ref
FNDA:0,mapStateToProps
FNDA:0,(anonymous_64)
DA:1,0
DA:2,0
DA:3,0
DA:4,0
DA:5,0
DA:6,0
DA:7,0
DA:8,0
DA:9,0
DA:10,0
DA:11,0
DA:12,0
DA:13,0
DA:15,0
DA:21,0
DA:40,0
DA:42,0
DA:49,0
DA:50,0
DA:51,0
DA:52,0
DA:53,0
DA:55,0
DA:60,0
DA:70,0
DA:74,0
DA:75,0
DA:76,0
DA:77,0
DA:78,0
DA:80,0
DA:86,0
DA:88,0
DA:90,0
DA:94,0
DA:97,0
DA:98,0
DA:99,0
DA:102,0
DA:106,0
DA:107,0
DA:111,0
DA:114,0
DA:116,0
DA:121,0
DA:123,0
DA:125,0
DA:126,0
DA:132,0
DA:134,0
DA:135,0
DA:149,0
DA:153,0
DA:154,0
DA:155,0
DA:157,0
DA:159,0
DA:162,0
DA:164,0
DA:172,0
DA:176,0
DA:190,0
DA:191,0
DA:192,0
DA:194,0
DA:195,0
DA:207,0
DA:217,0
DA:221,0
DA:223,0
DA:224,0
DA:226,0
DA:227,0
DA:301,0
DA:304,0
DA:305,0
DA:326,0
LF:77
LH:0
BRDA:40,0,0,0
BRDA:40,0,1,0
BRDA:60,1,0,0
BRDA:60,1,1,0
BRDA:61,2,0,0
BRDA:61,2,1,0
BRDA:61,2,2,0
BRDA:61,2,3,0
BRDA:61,2,4,0
BRDA:61,2,5,0
BRDA:61,2,6,0
BRDA:77,3,0,0
BRDA:77,3,1,0
BRDA:154,4,0,0
BRDA:154,4,1,0
BRDA:180,5,0,0
BRDA:180,5,1,0
BRDA:180,5,2,0
BRDA:191,6,0,0
BRDA:191,6,1,0
BRDA:197,7,0,0
BRDA:197,7,1,0
BRDA:210,8,0,0
BRDA:210,8,1,0
BRDA:221,9,0,0
BRDA:221,9,1,0
BRDA:238,10,0,0
BRDA:238,10,1,0
BRDA:261,11,0,0
BRDA:261,11,1,0
BRDA:261,11,2,0
BRDA:261,11,3,0
BRDA:311,12,0,0
BRDA:311,12,1,0
BRDA:312,13,0,0
BRDA:312,13,1,0
BRDA:322,14,0,0
BRDA:322,14,1,0
BRF:38
BRH:0
end_of_record
TN:
SF:/Users/maxime_beauchemin/code/caravel/superset/assets/javascripts/explorev2/components/Control.jsx
FN:47,Control
FN:67,(anonymous_16)
FNF:2
FNH:0
FNDA:0,Control
FNDA:0,(anonymous_16)
DA:1,1
DA:2,1
DA:4,1
DA:5,1
DA:6,1
DA:7,1
DA:8,1
DA:9,1
DA:11,1
DA:19,1
DA:21,1
DA:40,1
DA:47,0
DA:49,0
DA:50,0
DA:51,0
DA:54,0
DA:57,0
DA:58,0
DA:59,0
DA:61,0
DA:64,0
DA:65,0
DA:66,0
DA:67,0
DA:68,0
DA:69,0
DA:70,0
DA:74,0
DA:77,0
DA:78,0
DA:79,0
DA:97,1
DA:98,1
LF:34
LH:14
BRDA:47,0,0,0
BRDA:47,0,1,0
BRDA:58,1,0,0
BRDA:58,1,1,0
BRDA:58,2,0,0
BRDA:58,2,1,0
BRDA:66,3,0,0
BRDA:66,3,1,0
BRDA:66,4,0,0
BRDA:66,4,1,0
BRDA:69,5,0,0
BRDA:69,5,1,0
BRDA:78,6,0,0
BRDA:78,6,1,0
BRF:14
BRH:0
end_of_record
TN:
SF:/Users/maxime_beauchemin/code/caravel/superset/assets/javascripts/explorev2/components/ControlHeader.jsx
FN:18,ControlHeader
FNF:1
FNH:0
FNDA:0,ControlHeader
DA:1,1
DA:2,1
DA:3,1
DA:5,1
DA:13,1
DA:19,0
DA:20,0
DA:21,0
DA:78,1
DA:79,1
LF:10
LH:7
BRDA:26,0,0,0
BRDA:26,0,1,0
BRDA:30,1,0,0
BRDA:30,1,1,0
BRDA:45,2,0,0
BRDA:45,2,1,0
BRDA:51,3,0,0
BRDA:51,3,1,0
BRDA:68,4,0,0
BRDA:68,4,1,0
BRF:10
BRH:0
end_of_record
TN:
SF:/Users/maxime_beauchemin/code/caravel/superset/assets/javascripts/explorev2/components/ControlPanelSection.jsx
FNF:0
FNH:0
DA:1,1
DA:2,1
DA:3,1
DA:5,1
DA:12,1
DA:19,0
DA:20,0
DA:21,0
DA:22,0
DA:23,0
DA:30,0
DA:34,0
DA:45,1
DA:46,1
LF:14
LH:7
BRDA:22,0,0,0
BRDA:22,0,1,0
BRDA:26,1,0,0
BRDA:26,1,1,0
BRF:4
BRH:0
end_of_record
TN:
SF:/Users/maxime_beauchemin/code/caravel/superset/assets/javascripts/explorev2/components/ControlPanelsContainer.jsx
FN:25,ControlPanelsContainer
FN:57,(anonymous_19)
FN:63,(anonymous_20)
FN:66,(anonymous_21)
FN:88,mapStateToProps
FN:97,mapDispatchToProps
FNF:6
FNH:4
FNDA:1,ControlPanelsContainer
FNDA:7,(anonymous_19)
FNDA:14,(anonymous_20)
FNDA:20,(anonymous_21)
FNDA:0,mapStateToProps
FNDA:0,mapDispatchToProps
DA:2,1
DA:3,1
DA:4,1
DA:5,1
DA:6,1
DA:7,1
DA:8,1
DA:9,1
DA:10,1
DA:11,1
DA:13,1
DA:25,3
DA:27,1
DA:28,1
DA:31,20
DA:32,20
DA:33,8
DA:35,12
DA:38,1
DA:41,0
DA:43,1
DA:44,1
DA:57,7
DA:63,14
DA:66,20
DA:86,1
DA:89,0
DA:98,0
LF:28
LH:25
BRDA:25,0,0,1
BRDA:25,0,1,0
BRDA:32,1,0,8
BRDA:32,1,1,12
BRDA:47,2,0,1
BRDA:47,2,1,0
BRF:6
BRH:4
end_of_record
TN:
SF:/Users/maxime_beauchemin/code/caravel/superset/assets/javascripts/explorev2/components/ControlRow.jsx
FN:9,ControlSetRow
FN:13,(anonymous_2)
FNF:2
FNH:2
FNDA:2,ControlSetRow
FNDA:3,(anonymous_2)
DA:1,1
DA:3,1
DA:5,1
DA:10,2
DA:11,2
DA:13,3
DA:22,1
LF:7
LH:7
BRF:0
BRH:0
end_of_record
TN:
SF:/Users/maxime_beauchemin/code/caravel/superset/assets/javascripts/explorev2/components/DisplayQueryButton.jsx
FN:19,DisplayQueryButton
FN:35,(anonymous_11)
FN:35,success
FN:42,(anonymous_13)
FN:42,error
FNF:5
FNH:1
FNDA:1,DisplayQueryButton
FNDA:0,(anonymous_11)
FNDA:0,success
FNDA:0,(anonymous_13)
FNDA:0,error
DA:1,1
DA:2,1
DA:3,1
DA:4,1
DA:6,1
DA:8,1
DA:14,1
DA:19,3
DA:21,1
DA:27,1
DA:28,1
DA:30,0
DA:31,0
DA:32,0
DA:35,0
DA:36,0
DA:42,0
DA:43,0
DA:51,1
DA:52,1
DA:59,1
DA:60,0
DA:62,1
DA:66,2
DA:67,0
DA:72,2
DA:73,0
DA:75,2
DA:81,2
DA:95,1
DA:96,1
LF:31
LH:21
BRDA:19,0,0,1
BRDA:19,0,1,0
BRDA:59,1,0,0
BRDA:59,1,1,1
BRDA:59,2,0,1
BRDA:59,2,1,1
BRDA:66,3,0,0
BRDA:66,3,1,2
BRDA:72,4,0,0
BRDA:72,4,1,2
BRF:10
BRH:6
end_of_record
TN:
SF:/Users/maxime_beauchemin/code/caravel/superset/assets/javascripts/explorev2/components/EmbedCodeButton.jsx
FN:10,EmbedCodeButton
FNF:1
FNH:1
FNDA:2,EmbedCodeButton
DA:1,1
DA:2,1
DA:3,1
DA:5,1
DA:10,6
DA:12,2
DA:16,2
DA:20,0
DA:21,0
DA:22,0
DA:23,0
DA:24,0
DA:29,4
DA:33,4
DA:47,3
DA:48,3
DA:107,3
DA:122,1
LF:18
LH:13
BRDA:10,0,0,2
BRDA:10,0,1,0
BRF:2
BRH:1
end_of_record
TN:
SF:/Users/maxime_beauchemin/code/caravel/superset/assets/javascripts/explorev2/components/ExploreActionButtons.jsx
FN:15,ExploreActionButtons
FNF:1
FNH:1
FNDA:1,ExploreActionButtons
DA:1,1
DA:2,1
DA:3,1
DA:4,1
DA:5,1
DA:7,1
DA:16,5
DA:17,1
DA:20,1
DA:21,1
DA:53,0
DA:58,1
LF:12
LH:11
BRDA:20,0,0,1
BRDA:20,0,1,0
BRF:2
BRH:1
end_of_record
TN:
SF:/Users/maxime_beauchemin/code/caravel/superset/assets/javascripts/explorev2/components/ExploreViewContainer.jsx
FN:26,ExploreViewContainer
FN:90,(anonymous_28)
FN:100,(anonymous_33)
FN:180,mapStateToProps
FN:194,mapDispatchToProps
FNF:5
FNH:0
FNDA:0,ExploreViewContainer
FNDA:0,(anonymous_28)
FNDA:0,(anonymous_33)
FNDA:0,mapStateToProps
FNDA:0,mapDispatchToProps
DA:2,0
DA:3,0
DA:4,0
DA:5,0
DA:6,0
DA:7,0
DA:8,0
DA:9,0
DA:10,0
DA:11,0
DA:13,0
DA:26,0
DA:28,0
DA:35,0
DA:36,0
DA:40,0
DA:41,0
DA:42,0
DA:44,0
DA:45,0
DA:50,0
DA:51,0
DA:56,0
DA:61,0
DA:62,0
DA:64,0
DA:65,0
DA:72,0
DA:76,0
DA:77,0
DA:79,0
DA:80,0
DA:85,0
DA:88,0
DA:89,0
DA:90,0
DA:91,0
DA:96,0
DA:99,0
DA:100,0
DA:104,0
DA:105,0
DA:106,0
DA:107,0
DA:108,0
DA:116,0
DA:117,0
DA:118,0
DA:122,0
DA:125,0
DA:133,0
DA:134,0
DA:136,0
DA:178,0
DA:181,0
DA:182,0
DA:195,0
LF:57
LH:0
BRDA:26,0,0,0
BRDA:26,0,1,0
BRDA:40,1,0,0
BRDA:40,1,1,0
BRDA:44,2,0,0
BRDA:44,2,1,0
BRDA:50,3,0,0
BRDA:50,3,1,0
BRDA:50,4,0,0
BRDA:50,4,1,0
BRDA:76,5,0,0
BRDA:76,5,1,0
BRDA:79,6,0,0
BRDA:79,6,1,0
BRDA:107,7,0,0
BRDA:107,7,1,0
BRDA:107,8,0,0
BRDA:107,8,1,0
BRDA:117,9,0,0
BRDA:117,9,1,0
BRDA:133,10,0,0
BRDA:133,10,1,0
BRDA:145,11,0,0
BRDA:145,11,1,0
BRF:24
BRH:0
end_of_record
TN:
SF:/Users/maxime_beauchemin/code/caravel/superset/assets/javascripts/explorev2/components/QueryAndSaveBtns.jsx
FN:16,(anonymous_1)
FN:16,onStop
FN:17,(anonymous_3)
FN:17,onSave
FN:21,QueryAndSaveBtns
FNF:5
FNH:3
FNDA:1,(anonymous_1)
FNDA:0,onStop
FNDA:1,(anonymous_3)
FNDA:0,onSave
FNDA:3,QueryAndSaveBtns
DA:1,1
DA:2,1
DA:3,1
DA:4,1
DA:6,1
DA:15,1
DA:16,1
DA:17,1
DA:22,18
DA:23,3
DA:26,3
DA:27,3
DA:28,3
DA:46,3
DA:78,1
DA:79,1
LF:16
LH:16
BRDA:26,0,0,0
BRDA:26,0,1,3
BRDA:27,1,0,0
BRDA:27,1,1,3
BRDA:29,2,0,0
BRDA:29,2,1,3
BRDA:60,3,0,3
BRDA:60,3,1,0
BRF:8
BRH:4
end_of_record
TN:
SF:/Users/maxime_beauchemin/code/caravel/superset/assets/javascripts/explorev2/components/SaveModal.js
FN:21,SaveModal
FN:232,mapStateToProps
FN:244,(anonymous_24)
FNF:3
FNH:1
FNDA:9,SaveModal
FNDA:0,mapStateToProps
FNDA:0,(anonymous_24)
DA:2,1
DA:3,1
DA:4,1
DA:5,1
DA:6,1
DA:8,1
DA:21,27
DA:23,9
DA:34,0
DA:37,0
DA:39,0
DA:40,0
DA:42,0
DA:43,0
DA:44,0
DA:46,0
DA:47,0
DA:49,0
DA:53,0
DA:56,0
DA:59,0
DA:60,0
DA:61,0
DA:63,0
DA:64,0
DA:65,0
DA:66,0
DA:68,0
DA:69,0
DA:70,0
DA:71,0
DA:72,0
DA:74,0
DA:76,0
DA:79,0
DA:80,0
DA:81,0
DA:82,0
DA:84,0
DA:85,0
DA:86,0
DA:87,0
DA:89,0
DA:90,0
DA:92,0
DA:93,0
DA:94,0
DA:95,0
DA:97,0
DA:98,0
DA:100,0
DA:102,0
DA:104,0
DA:105,0
DA:107,0
DA:110,0
DA:111,0
DA:114,0
DA:115,0
DA:117,0
DA:120,9
DA:230,1
DA:233,0
DA:244,0
LF:64
LH:10
BRDA:21,0,0,9
BRDA:21,0,1,0
BRDA:29,1,0,1
BRDA:29,1,1,8
BRDA:38,2,0,0
BRDA:38,2,1,0
BRDA:38,2,2,0
BRDA:38,2,3,0
BRDA:65,3,0,0
BRDA:65,3,1,0
BRDA:65,4,0,0
BRDA:65,4,1,0
BRDA:68,5,0,0
BRDA:68,5,1,0
BRDA:70,6,0,0
BRDA:70,6,1,0
BRDA:83,7,0,0
BRDA:83,7,1,0
BRDA:83,7,2,0
BRDA:85,8,0,0
BRDA:85,8,1,0
BRDA:93,9,0,0
BRDA:93,9,1,0
BRDA:114,10,0,0
BRDA:114,10,1,0
BRDA:132,11,0,9
BRDA:132,11,1,9
BRDA:132,11,2,0
BRDA:134,12,0,0
BRDA:134,12,1,0
BRDA:142,13,0,9
BRDA:142,13,1,7
BRF:32
BRH:7
end_of_record
TN:
SF:/Users/maxime_beauchemin/code/caravel/superset/assets/javascripts/explorev2/components/URLShortLinkButton.jsx
FN:11,URLShortLinkButton
FNF:1
FNH:0
FNDA:0,URLShortLinkButton
DA:1,1
DA:2,1
DA:3,1
DA:4,1
DA:6,1
DA:11,0
DA:13,0
DA:19,0
DA:25,0
DA:26,0
DA:30,0
DA:31,0
DA:46,0
DA:62,1
LF:14
LH:6
BRDA:11,0,0,0
BRDA:11,0,1,0
BRF:2
BRH:0
end_of_record
TN:
SF:/Users/maxime_beauchemin/code/caravel/superset/assets/javascripts/explorev2/components/controls/CheckboxControl.jsx
FN:14,(anonymous_7)
FN:14,onChange
FNF:2
FNH:1
FNDA:1,(anonymous_7)
FNDA:0,onChange
DA:1,1
DA:2,1
DA:4,1
DA:12,1
DA:14,1
DA:19,1
DA:22,2
DA:31,1
DA:32,1
LF:9
LH:9
BRF:0
BRH:0
end_of_record
TN:
SF:/Users/maxime_beauchemin/code/caravel/superset/assets/javascripts/explorev2/components/controls/Filter.jsx
FN:20,(anonymous_7)
FN:32,(anonymous_8)
FN:32,changeFilter
FN:33,(anonymous_10)
FN:33,removeFilter
FN:38,Filter
FN:54,(anonymous_18)
FN:54,success
FN:119,(anonymous_36)
FN:120,(anonymous_37)
FN:122,(anonymous_38)
FNF:11
FNH:7
FNDA:10,(anonymous_7)
FNDA:1,(anonymous_8)
FNDA:0,changeFilter
FNDA:1,(anonymous_10)
FNDA:0,removeFilter
FNDA:9,Filter
FNDA:0,(anonymous_18)
FNDA:0,success
FNDA:90,(anonymous_36)
FNDA:78,(anonymous_37)
FNDA:12,(anonymous_38)
DA:1,1
DA:2,1
DA:3,1
DA:4,1
DA:5,1
DA:7,1
DA:19,1
DA:20,1
DA:21,10
DA:24,1
DA:31,1
DA:32,1
DA:33,1
DA:38,27
DA:40,9
DA:45,0
DA:47,1
DA:48,1
DA:49,1
DA:50,0
DA:51,0
DA:54,0
DA:55,0
DA:61,1
DA:62,0
DA:63,0
DA:65,0
DA:66,0
DA:67,0
DA:68,0
DA:70,0
DA:74,0
DA:77,1
DA:80,1
DA:81,1
DA:84,1
DA:85,1
DA:88,0
DA:91,9
DA:92,9
DA:93,8
DA:105,1
DA:116,9
DA:117,9
DA:118,9
DA:119,90
DA:120,78
DA:121,9
DA:122,12
DA:124,9
DA:167,1
DA:168,1
LF:52
LH:38
BRDA:38,0,0,9
BRDA:38,0,1,0
BRDA:49,1,0,0
BRDA:49,1,1,1
BRDA:49,2,0,1
BRDA:49,2,1,1
BRDA:49,2,2,1
BRDA:61,3,0,0
BRDA:61,3,1,1
BRDA:65,4,0,0
BRDA:65,4,1,0
BRDA:65,5,0,0
BRDA:65,5,1,0
BRDA:65,5,2,0
BRDA:67,6,0,0
BRDA:67,6,1,0
BRDA:67,7,0,0
BRDA:67,7,1,0
BRDA:92,8,0,8
BRDA:92,8,1,1
BRDA:119,9,0,90
BRDA:119,9,1,18
BRDA:122,10,0,9
BRDA:122,10,1,0
BRF:24
BRH:11
end_of_record
TN:
SF:/Users/maxime_beauchemin/code/caravel/superset/assets/javascripts/explorev2/components/controls/FilterControl.jsx
FN:13,(anonymous_7)
FN:13,onChange
FN:36,(anonymous_15)
FN:44,(anonymous_18)
FN:47,(anonymous_21)
FNF:5
FNH:1
FNDA:1,(anonymous_7)
FNDA:0,onChange
FNDA:0,(anonymous_15)
FNDA:0,(anonymous_18)
FNDA:0,(anonymous_21)
DA:1,1
DA:2,1
DA:3,1
DA:5,1
DA:12,1
DA:13,1
DA:19,1
DA:20,1
DA:23,1
DA:28,1
DA:31,0
DA:32,0
DA:33,0
DA:34,0
DA:36,0
DA:37,0
DA:40,0
DA:41,0
DA:44,0
DA:46,3
DA:47,3
DA:58,3
DA:77,1
DA:78,1
LF:24
LH:15
BRDA:21,0,0,1
BRDA:21,0,1,0
BRDA:20,1,0,1
BRDA:20,1,1,1
BRDA:26,2,0,0
BRDA:26,2,1,1
BRDA:33,3,0,0
BRDA:33,3,1,0
BRF:8
BRH:4
end_of_record
TN:
SF:/Users/maxime_beauchemin/code/caravel/superset/assets/javascripts/explorev2/components/controls/HiddenControl.jsx
FN:13,(anonymous_7)
FN:13,onChange
FNF:2
FNH:1
FNDA:1,(anonymous_7)
FNDA:0,onChange
DA:1,1
DA:2,1
DA:4,1
DA:12,1
DA:13,1
DA:19,0
DA:23,1
DA:24,1
LF:8
LH:7
BRF:0
BRH:0
end_of_record
TN:
SF:/Users/maxime_beauchemin/code/caravel/superset/assets/javascripts/explorev2/components/controls/SelectControl.jsx
FN:25,(anonymous_7)
FN:25,onChange
FN:29,SelectControl
FN:45,(anonymous_15)
FN:51,(anonymous_18)
FN:70,(anonymous_19)
FN:72,(anonymous_20)
FN:78,(anonymous_21)
FNF:8
FNH:5
FNDA:1,(anonymous_7)
FNDA:0,onChange
FNDA:4,SelectControl
FNDA:0,(anonymous_15)
FNDA:8,(anonymous_18)
FNDA:1,(anonymous_19)
FNDA:2,(anonymous_20)
FNDA:0,(anonymous_21)
DA:1,1
DA:2,1
DA:4,1
DA:17,1
DA:25,1
DA:29,12
DA:31,4
DA:32,4
DA:33,4
DA:36,0
DA:37,0
DA:38,0
DA:42,1
DA:44,1
DA:45,0
DA:47,1
DA:51,4
DA:52,8
DA:53,8
DA:54,8
DA:55,8
DA:59,8
DA:60,0
DA:61,0
DA:63,0
DA:68,8
DA:70,4
DA:72,2
DA:73,1
DA:74,0
DA:75,0
DA:76,0
DA:78,0
DA:79,0
DA:80,0
DA:85,4
DA:88,0
DA:89,0
DA:96,0
DA:100,4
DA:113,4
DA:115,4
DA:123,1
DA:124,1
LF:44
LH:28
BRDA:29,0,0,4
BRDA:29,0,1,0
BRDA:36,1,0,0
BRDA:36,1,1,0
BRDA:42,2,0,1
BRDA:42,2,1,0
BRDA:44,3,0,0
BRDA:44,3,1,1
BRDA:45,4,0,0
BRDA:45,4,1,0
BRDA:53,5,0,8
BRDA:53,5,1,0
BRDA:54,6,0,8
BRDA:54,6,1,0
BRDA:59,7,0,0
BRDA:59,7,1,8
BRDA:60,8,0,0
BRDA:60,8,1,0
BRDA:70,9,0,1
BRDA:70,9,1,3
BRDA:73,10,0,0
BRDA:73,10,1,1
BRDA:75,11,0,0
BRDA:75,11,1,0
BRDA:79,12,0,0
BRDA:79,12,1,0
BRDA:88,13,0,0
BRDA:88,13,1,0
BRDA:114,14,0,1
BRDA:114,14,1,3
BRF:30
BRH:11
end_of_record
TN:
SF:/Users/maxime_beauchemin/code/caravel/superset/assets/javascripts/explorev2/components/controls/TextAreaControl.jsx
FN:15,(anonymous_7)
FN:15,onChange
FNF:2
FNH:1
FNDA:1,(anonymous_7)
FNDA:0,onChange
DA:1,1
DA:2,1
DA:4,1
DA:12,1
DA:15,1
DA:21,1
DA:24,2
DA:37,1
DA:38,1
LF:9
LH:9
BRF:0
BRH:0
end_of_record
TN:
SF:/Users/maxime_beauchemin/code/caravel/superset/assets/javascripts/explorev2/components/controls/TextControl.jsx
FN:21,(anonymous_8)
FN:21,onChange
FN:28,TextControl
FNF:3
FNH:1
FNDA:1,(anonymous_8)
FNDA:0,onChange
FNDA:0,TextControl
DA:1,1
DA:2,1
DA:3,1
DA:5,1
DA:18,1
DA:21,1
DA:28,0
DA:30,0
DA:31,0
DA:32,0
DA:35,0
DA:36,0
DA:39,0
DA:40,0
DA:41,0
DA:42,0
DA:43,0
DA:45,0
DA:48,0
DA:49,0
DA:50,0
DA:51,0
DA:53,0
DA:56,0
DA:59,0
DA:72,1
DA:73,1
LF:27
LH:8
BRDA:28,0,0,0
BRDA:28,0,1,0
BRDA:30,1,0,0
BRDA:30,1,1,0
BRDA:35,2,0,0
BRDA:35,2,1,0
BRDA:40,3,0,0
BRDA:40,3,1,0
BRDA:42,4,0,0
BRDA:42,4,1,0
BRDA:48,5,0,0
BRDA:48,5,1,0
BRDA:50,6,0,0
BRDA:50,6,1,0
BRF:14
BRH:0
end_of_record
TN:
SF:/Users/maxime_beauchemin/code/caravel/superset/assets/javascripts/explorev2/reducers/exploreReducer.js
FN:6,(anonymous_2)
FN:6,exploreReducer
FN:7,(anonymous_4)
FN:7,(anonymous_5)
FN:7,(anonymous_6)
FN:7,(anonymous_7)
FN:7,(anonymous_8)
FN:7,(anonymous_9)
FN:7,(anonymous_10)
FN:7,(anonymous_11)
FN:7,(anonymous_12)
FN:7,(anonymous_13)
FN:7,(anonymous_14)
FN:7,(anonymous_15)
FN:7,(anonymous_16)
FN:7,(anonymous_17)
FN:7,(anonymous_18)
FN:7,(anonymous_19)
FN:7,(anonymous_20)
FN:7,(anonymous_21)
FN:7,(anonymous_22)
FN:7,(anonymous_23)
FN:7,(anonymous_24)
FN:7,(anonymous_25)
FN:7,(anonymous_26)
FN:7,(anonymous_27)
FN:7,(anonymous_28)
FNF:27
FNH:3
FNDA:1,(anonymous_2)
FNDA:2,exploreReducer
FNDA:0,(anonymous_4)
FNDA:0,(anonymous_5)
FNDA:0,(anonymous_6)
FNDA:0,(anonymous_7)
FNDA:0,(anonymous_8)
FNDA:0,(anonymous_9)
FNDA:0,(anonymous_10)
FNDA:0,(anonymous_11)
FNDA:0,(anonymous_12)
FNDA:0,(anonymous_13)
FNDA:0,(anonymous_14)
FNDA:0,(anonymous_15)
FNDA:2,(anonymous_16)
FNDA:0,(anonymous_17)
FNDA:0,(anonymous_18)
FNDA:0,(anonymous_19)
FNDA:0,(anonymous_20)
FNDA:0,(anonymous_21)
FNDA:0,(anonymous_22)
FNDA:0,(anonymous_23)
FNDA:0,(anonymous_24)
FNDA:0,(anonymous_25)
FNDA:0,(anonymous_26)
FNDA:0,(anonymous_27)
FNDA:0,(anonymous_28)
DA:2,1
DA:3,1
DA:4,1
DA:6,1
DA:7,2
DA:9,0
DA:13,0
DA:17,0
DA:22,0
DA:29,0
DA:32,0
DA:36,0
DA:41,0
DA:48,0
DA:51,0
DA:54,0
DA:58,0
DA:62,2
DA:63,2
DA:64,2
DA:65,2
DA:66,2
DA:67,2
DA:68,2
DA:69,2
DA:71,2
DA:74,0
DA:84,0
DA:95,0
DA:102,0
DA:108,0
DA:113,0
DA:121,0
DA:122,0
DA:123,0
DA:125,0
DA:128,0
DA:129,0
DA:131,0
DA:134,0
DA:137,0
DA:140,0
DA:141,0
DA:144,0
DA:147,2
DA:148,2
DA:150,0
LF:47
LH:16
BRDA:68,0,0,2
BRDA:68,0,1,0
BRDA:115,1,0,0
BRDA:115,1,1,0
BRDA:122,2,0,0
BRDA:122,2,1,0
BRDA:122,3,0,0
BRDA:122,3,1,0
BRDA:128,4,0,0
BRDA:128,4,1,0
BRDA:147,5,0,2
BRDA:147,5,1,0
BRF:12
BRH:2
end_of_record
TN:
SF:/Users/maxime_beauchemin/code/caravel/superset/assets/javascripts/explorev2/stores/controls.jsx
FN:37,(anonymous_2)
FN:37,mapStateToProps
FN:55,(anonymous_4)
FN:68,(anonymous_5)
FN:68,_default
FN:70,(anonymous_7)
FN:70,mapStateToProps
FN:82,(anonymous_9)
FN:82,mapStateToProps
FN:92,(anonymous_11)
FN:92,_default
FN:94,(anonymous_13)
FN:94,mapStateToProps
FN:105,(anonymous_15)
FN:105,mapStateToProps
FN:264,(anonymous_17)
FN:264,mapStateToProps
FN:289,(anonymous_19)
FN:289,mapStateToProps
FN:298,(anonymous_21)
FN:298,mapStateToProps
FN:311,(anonymous_23)
FN:311,mapStateToProps
FN:321,(anonymous_25)
FN:321,mapStateToProps
FN:331,(anonymous_27)
FN:331,mapStateToProps
FN:432,(anonymous_29)
FN:432,_default
FN:439,(anonymous_31)
FN:439,mapStateToProps
FN:447,(anonymous_33)
FN:447,_default
FN:453,(anonymous_35)
FN:453,mapStateToProps
FN:580,(anonymous_37)
FN:580,mapStateToProps
FN:609,(anonymous_39)
FN:609,mapStateToProps
FN:619,(anonymous_41)
FN:619,mapStateToProps
FN:629,(anonymous_43)
FN:629,mapStateToProps
FN:639,(anonymous_45)
FN:639,mapStateToProps
FN:648,(anonymous_47)
FN:648,mapStateToProps
FN:1012,(anonymous_49)
FN:1012,mapStateToProps
FN:1060,(anonymous_51)
FN:1060,mapStateToProps
FN:1179,(anonymous_53)
FN:1179,mapStateToProps
FN:1189,(anonymous_55)
FN:1189,mapStateToProps
FNF:55
FNH:36
FNDA:1,(anonymous_2)
FNDA:1,mapStateToProps
FNDA:30,(anonymous_4)
FNDA:1,(anonymous_5)
FNDA:0,_default
FNDA:1,(anonymous_7)
FNDA:1,mapStateToProps
FNDA:1,(anonymous_9)
FNDA:1,mapStateToProps
FNDA:1,(anonymous_11)
FNDA:0,_default
FNDA:1,(anonymous_13)
FNDA:0,mapStateToProps
FNDA:1,(anonymous_15)
FNDA:0,mapStateToProps
FNDA:1,(anonymous_17)
FNDA:0,mapStateToProps
FNDA:1,(anonymous_19)
FNDA:1,mapStateToProps
FNDA:1,(anonymous_21)
FNDA:0,mapStateToProps
FNDA:1,(anonymous_23)
FNDA:1,mapStateToProps
FNDA:1,(anonymous_25)
FNDA:0,mapStateToProps
FNDA:1,(anonymous_27)
FNDA:0,mapStateToProps
FNDA:1,(anonymous_29)
FNDA:0,_default
FNDA:1,(anonymous_31)
FNDA:1,mapStateToProps
FNDA:1,(anonymous_33)
FNDA:0,_default
FNDA:1,(anonymous_35)
FNDA:1,mapStateToProps
FNDA:1,(anonymous_37)
FNDA:0,mapStateToProps
FNDA:1,(anonymous_39)
FNDA:0,mapStateToProps
FNDA:1,(anonymous_41)
FNDA:0,mapStateToProps
FNDA:1,(anonymous_43)
FNDA:0,mapStateToProps
FNDA:1,(anonymous_45)
FNDA:0,mapStateToProps
FNDA:1,(anonymous_47)
FNDA:0,mapStateToProps
FNDA:1,(anonymous_49)
FNDA:0,mapStateToProps
FNDA:1,(anonymous_51)
FNDA:0,mapStateToProps
FNDA:1,(anonymous_53)
FNDA:1,mapStateToProps
FNDA:1,(anonymous_55)
FNDA:0,mapStateToProps
DA:1,1
DA:2,1
DA:3,1
DA:4,1
DA:6,1
DA:9,1
DA:18,1
DA:20,1
DA:22,1
DA:30,1
DA:37,1
DA:38,1
DA:39,1
DA:55,30
DA:68,1
DA:70,1
DA:82,1
DA:92,1
DA:94,1
DA:105,1
DA:264,1
DA:289,1
DA:298,1
DA:311,1
DA:321,1
DA:331,1
DA:432,1
DA:439,1
DA:447,1
DA:453,1
DA:580,1
DA:609,1
DA:619,1
DA:629,1
DA:639,1
DA:648,1
DA:1012,1
DA:1060,1
DA:1179,1
DA:1189,1
LF:40
LH:40
BRDA:38,0,0,1
BRDA:38,0,1,1
BRDA:43,1,0,0
BRDA:43,1,1,1
BRDA:69,2,0,0
BRDA:69,2,1,0
BRDA:69,3,0,0
BRDA:69,3,1,0
BRDA:71,4,0,0
BRDA:71,4,1,1
BRDA:83,5,0,0
BRDA:83,5,1,1
BRDA:93,6,0,0
BRDA:93,6,1,0
BRDA:93,7,0,0
BRDA:93,7,1,0
BRDA:95,8,0,0
BRDA:95,8,1,0
BRDA:106,9,0,0
BRDA:106,9,1,0
BRDA:265,10,0,0
BRDA:265,10,1,0
BRDA:290,11,0,0
BRDA:290,11,1,1
BRDA:299,12,0,0
BRDA:299,12,1,0
BRDA:312,13,0,0
BRDA:312,13,1,1
BRDA:322,14,0,0
BRDA:322,14,1,0
BRDA:332,15,0,0
BRDA:332,15,1,0
BRDA:433,16,0,0
BRDA:433,16,1,0
BRDA:433,17,0,0
BRDA:433,17,1,0
BRDA:440,18,0,0
BRDA:440,18,1,1
BRDA:447,19,0,0
BRDA:447,19,1,0
BRDA:447,20,0,0
BRDA:447,20,1,0
BRDA:454,21,0,0
BRDA:454,21,1,1
BRDA:581,22,0,0
BRDA:581,22,1,0
BRDA:610,23,0,0
BRDA:610,23,1,0
BRDA:620,24,0,0
BRDA:620,24,1,0
BRDA:630,25,0,0
BRDA:630,25,1,0
BRDA:640,26,0,0
BRDA:640,26,1,0
BRDA:649,27,0,0
BRDA:649,27,1,0
BRDA:1013,28,0,0
BRDA:1013,28,1,0
BRDA:1190,29,0,0
BRDA:1190,29,1,0
BRF:60
BRH:9
end_of_record
TN:
SF:/Users/maxime_beauchemin/code/caravel/superset/assets/javascripts/explorev2/stores/store.js
FN:5,getFormDataFromControls
FN:7,(anonymous_2)
FN:13,getControlNames
FN:16,(anonymous_4)
FN:17,(anonymous_5)
FN:18,(anonymous_6)
FN:22,getControlsState
FN:40,(anonymous_8)
FN:49,(anonymous_9)
FN:57,(anonymous_10)
FN:61,(anonymous_11)
FN:62,(anonymous_12)
FN:74,applyDefaultFormData
FN:81,(anonymous_14)
FN:105,(anonymous_15)
FNF:15
FNH:3
FNDA:2,getFormDataFromControls
FNDA:234,(anonymous_2)
FNDA:0,getControlNames
FNDA:0,(anonymous_4)
FNDA:0,(anonymous_5)
FNDA:0,(anonymous_6)
FNDA:0,getControlsState
FNDA:0,(anonymous_8)
FNDA:0,(anonymous_9)
FNDA:0,(anonymous_10)
FNDA:0,(anonymous_11)
FNDA:0,(anonymous_12)
FNDA:0,applyDefaultFormData
FNDA:0,(anonymous_14)
FNDA:117,(anonymous_15)
DA:2,1
DA:3,1
DA:6,2
DA:7,2
DA:8,234
DA:10,2
DA:14,0
DA:15,0
DA:16,0
DA:17,0
DA:18,0
DA:19,0
DA:32,0
DA:33,0
DA:35,0
DA:37,0
DA:38,0
DA:39,0
DA:40,0
DA:41,0
DA:42,0
DA:43,0
DA:44,0
DA:48,0
DA:49,0
DA:50,0
DA:51,0
DA:52,0
DA:53,0
DA:57,0
DA:58,0
DA:59,0
DA:61,0
DA:62,0
DA:65,0
DA:66,0
DA:68,0
DA:69,0
DA:71,0
DA:75,0
DA:76,0
DA:77,0
DA:78,0
DA:79,0
DA:80,0
DA:81,0
DA:82,0
DA:83,0
DA:84,0
DA:86,0
DA:87,0
DA:88,0
DA:90,0
DA:93,0
DA:96,0
DA:99,1
DA:104,1
DA:105,1
DA:106,117
DA:109,1
LF:60
LH:11
BRDA:33,0,0,0
BRDA:33,0,1,0
BRDA:38,1,0,0
BRDA:38,1,1,0
BRDA:42,2,0,0
BRDA:42,2,1,0
BRDA:48,3,0,0
BRDA:48,3,1,0
BRDA:48,4,0,0
BRDA:48,4,1,0
BRDA:48,4,2,0
BRDA:48,4,3,0
BRDA:50,5,0,0
BRDA:50,5,1,0
BRDA:50,6,0,0
BRDA:50,6,1,0
BRDA:50,6,2,0
BRDA:52,7,0,0
BRDA:52,7,1,0
BRDA:52,8,0,0
BRDA:52,8,1,0
BRDA:52,8,2,0
BRDA:57,9,0,0
BRDA:57,9,1,0
BRDA:57,10,0,0
BRDA:57,10,1,0
BRDA:58,11,0,0
BRDA:58,11,1,0
BRDA:65,12,0,0
BRDA:65,12,1,0
BRDA:68,13,0,0
BRDA:68,13,1,0
BRDA:76,14,0,0
BRDA:76,14,1,0
BRDA:79,15,0,0
BRDA:79,15,1,0
BRDA:83,16,0,0
BRDA:83,16,1,0
BRDA:86,17,0,0
BRDA:86,17,1,0
BRDA:87,18,0,0
BRDA:87,18,1,0
BRF:42
BRH:0
end_of_record
TN:
SF:/Users/maxime_beauchemin/code/caravel/superset/assets/javascripts/explorev2/stores/visTypes.js
FN:758,sectionsToRender
FNF:1
FNH:1
FNDA:1,sectionsToRender
DA:1,1
DA:75,1
DA:759,1
DA:760,1
LF:4
LH:4
BRDA:762,0,0,1
BRDA:762,0,1,0
BRDA:764,1,0,1
BRDA:764,1,1,0
BRDA:765,2,0,1
BRDA:765,2,1,0
BRF:6
BRH:3
end_of_record
TN:
SF:/Users/maxime_beauchemin/code/caravel/superset/assets/javascripts/modules/colors.js
FN:51,(anonymous_1)
FN:54,(anonymous_2)
FN:69,(anonymous_3)
FN:69,colorScalerFactory
FN:81,(anonymous_5)
FNF:5
FNH:0
FNDA:0,(anonymous_1)
FNDA:0,(anonymous_2)
FNDA:0,(anonymous_3)
FNDA:0,colorScalerFactory
FNDA:0,(anonymous_5)
DA:1,0
DA:2,0
DA:5,0
DA:29,0
DA:51,0
DA:53,0
DA:54,0
DA:55,0
DA:56,0
DA:58,0
DA:60,0
DA:61,0
DA:62,0
DA:65,0
DA:69,0
DA:71,0
DA:73,0
DA:75,0
DA:76,0
DA:77,0
DA:79,0
DA:80,0
DA:81,0
DA:82,0
DA:84,0
LF:25
LH:0
BRDA:55,0,0,0
BRDA:55,0,1,0
BRDA:61,1,0,0
BRDA:61,1,1,0
BRDA:71,2,0,0
BRDA:71,2,1,0
BRDA:76,3,0,0
BRDA:76,3,1,0
BRF:8
BRH:0
end_of_record
TN:
SF:/Users/maxime_beauchemin/code/caravel/superset/assets/javascripts/modules/dates.js
FN:5,UTC
FN:18,(anonymous_2)
FN:25,(anonymous_3)
FN:32,(anonymous_4)
FN:39,(anonymous_5)
FN:46,(anonymous_6)
FN:53,(anonymous_7)
FN:60,(anonymous_8)
FN:65,(anonymous_9)
FN:65,formatDate
FN:70,(anonymous_11)
FN:70,timeFormatFactory
FN:72,(anonymous_13)
FN:77,(anonymous_14)
FN:77,fDuration
FN:83,(anonymous_16)
FN:83,now
FN:88,(anonymous_18)
FN:88,epochTimeXHoursAgo
FN:95,(anonymous_20)
FN:95,epochTimeXDaysAgo
FN:102,(anonymous_22)
FN:102,epochTimeXYearsAgo
FNF:23
FNH:9
FNDA:0,UTC
FNDA:0,(anonymous_2)
FNDA:0,(anonymous_3)
FNDA:0,(anonymous_4)
FNDA:0,(anonymous_5)
FNDA:0,(anonymous_6)
FNDA:0,(anonymous_7)
FNDA:0,(anonymous_8)
FNDA:1,(anonymous_9)
FNDA:0,formatDate
FNDA:1,(anonymous_11)
FNDA:0,timeFormatFactory
FNDA:0,(anonymous_13)
FNDA:1,(anonymous_14)
FNDA:3,fDuration
FNDA:1,(anonymous_16)
FNDA:6,now
FNDA:1,(anonymous_18)
FNDA:0,epochTimeXHoursAgo
FNDA:1,(anonymous_20)
FNDA:0,epochTimeXDaysAgo
FNDA:1,(anonymous_22)
FNDA:0,epochTimeXYearsAgo
DA:1,1
DA:3,1
DA:6,0
DA:15,1
DA:19,0
DA:26,0
DA:33,0
DA:40,0
DA:47,0
DA:54,0
DA:61,0
DA:65,1
DA:66,0
DA:68,0
DA:70,1
DA:71,0
DA:72,0
DA:73,0
DA:74,0
DA:77,3
DA:78,3
DA:79,3
DA:80,3
DA:83,1
DA:85,6
DA:88,1
DA:89,0
DA:95,1
DA:96,0
DA:102,1
DA:103,0
LF:31
LH:14
BRDA:54,0,0,0
BRDA:54,0,1,0
BRDA:77,1,0,0
BRDA:77,1,1,3
BRDA:77,2,0,3
BRDA:77,2,1,0
BRF:6
BRH:2
end_of_record
TN:
SF:/Users/maxime_beauchemin/code/caravel/superset/assets/javascripts/modules/superset.js
FN:11,(anonymous_1)
FN:13,getParam
FN:20,initFavStars
FN:23,show
FN:34,(anonymous_5)
FN:38,(anonymous_6)
FN:44,(anonymous_7)
FN:58,(anonymous_8)
FN:58,Slice
FN:67,(anonymous_10)
FN:67,stopwatch
FN:72,(anonymous_12)
FN:72,getWidgetHeader
FN:72,render_template
FN:72,jsonEndpoint
FN:72,endpoint
FN:72,d3format
FN:72,always
FN:72,done
FN:72,getErrorMsg
FN:72,error
FN:72,clearError
FN:72,width
FN:72,height
FN:72,bindResizeToWindowResize
FN:199,(anonymous_38)
FN:201,(anonymous_39)
FN:72,render
FN:219,(anonymous_42)
FN:226,(anonymous_43)
FN:72,resize
FN:72,addFilter
FN:72,setFilter
FN:72,getFilters
FN:72,clearFilter
FN:72,removeFilter
FNF:36
FNH:0
FNDA:0,(anonymous_1)
FNDA:0,getParam
FNDA:0,initFavStars
FNDA:0,show
FNDA:0,(anonymous_5)
FNDA:0,(anonymous_6)
FNDA:0,(anonymous_7)
FNDA:0,(anonymous_8)
FNDA:0,Slice
FNDA:0,(anonymous_10)
FNDA:0,stopwatch
FNDA:0,(anonymous_12)
FNDA:0,getWidgetHeader
FNDA:0,render_template
FNDA:0,jsonEndpoint
FNDA:0,endpoint
FNDA:0,d3format
FNDA:0,always
FNDA:0,done
FNDA:0,getErrorMsg
FNDA:0,error
FNDA:0,clearError
FNDA:0,width
FNDA:0,height
FNDA:0,bindResizeToWindowResize
FNDA:0,(anonymous_38)
FNDA:0,(anonymous_39)
FNDA:0,render
FNDA:0,(anonymous_42)
FNDA:0,(anonymous_43)
FNDA:0,resize
FNDA:0,addFilter
FNDA:0,setFilter
FNDA:0,getFilters
FNDA:0,clearFilter
FNDA:0,removeFilter
DA:1,0
DA:2,0
DA:5,0
DA:6,0
DA:7,0
DA:8,0
DA:11,0
DA:12,0
DA:15,0
DA:16,0
DA:17,0
DA:18,0
DA:21,0
DA:24,0
DA:25,0
DA:27,0
DA:30,0
DA:35,0
DA:36,0
DA:37,0
DA:38,0
DA:39,0
DA:40,0
DA:45,0
DA:46,0
DA:47,0
DA:48,0
DA:49,0
DA:51,0
DA:53,0
DA:54,0
DA:58,0
DA:59,0
DA:60,0
DA:61,0
DA:62,0
DA:63,0
DA:64,0
DA:65,0
DA:66,0
DA:67,0
DA:68,0
DA:69,0
DA:70,0
DA:72,0
DA:79,0
DA:82,0
DA:86,0
DA:89,0
DA:91,0
DA:92,0
DA:93,0
DA:94,0
DA:95,0
DA:97,0
DA:98,0
DA:101,0
DA:103,0
DA:108,0
DA:109,0
DA:110,0
DA:112,0
DA:116,0
DA:117,0
DA:118,0
DA:119,0
DA:123,0
DA:125,0
DA:126,0
DA:127,0
DA:128,0
DA:130,0
DA:131,0
DA:132,0
DA:133,0
DA:134,0
DA:137,0
DA:138,0
DA:140,0
DA:141,0
DA:142,0
DA:143,0
DA:144,0
DA:146,0
DA:149,0
DA:152,0
DA:153,0
DA:154,0
DA:155,0
DA:156,0
DA:157,0
DA:158,0
DA:159,0
DA:160,0
DA:165,0
DA:166,0
DA:167,0
DA:168,0
DA:169,0
DA:172,0
DA:173,0
DA:174,0
DA:175,0
DA:176,0
DA:177,0
DA:178,0
DA:181,0
DA:184,0
DA:187,0
DA:188,0
DA:189,0
DA:190,0
DA:191,0
DA:193,0
DA:194,0
DA:197,0
DA:198,0
DA:199,0
DA:200,0
DA:201,0
DA:202,0
DA:206,0
DA:207,0
DA:208,0
DA:210,0
DA:212,0
DA:213,0
DA:214,0
DA:215,0
DA:216,0
DA:217,0
DA:218,0
DA:219,0
DA:220,0
DA:221,0
DA:222,0
DA:224,0
DA:227,0
DA:231,0
DA:233,0
DA:234,0
DA:236,0
DA:237,0
DA:240,0
DA:243,0
DA:246,0
DA:249,0
DA:252,0
DA:258,0
LF:149
LH:0
BRDA:18,0,0,0
BRDA:18,0,1,0
BRDA:24,1,0,0
BRDA:24,1,1,0
BRDA:39,2,0,0
BRDA:39,2,1,0
BRDA:48,3,0,0
BRDA:48,3,1,0
BRDA:91,4,0,0
BRDA:91,4,1,0
BRDA:91,5,0,0
BRDA:91,5,1,0
BRDA:94,6,0,0
BRDA:94,6,1,0
BRDA:98,7,0,0
BRDA:98,7,1,0
BRDA:108,8,0,0
BRDA:108,8,1,0
BRDA:118,9,0,0
BRDA:118,9,1,0
BRDA:118,10,0,0
BRDA:118,10,1,0
BRDA:137,11,0,0
BRDA:137,11,1,0
BRDA:141,12,0,0
BRDA:141,12,1,0
BRDA:144,13,0,0
BRDA:144,13,1,0
BRDA:159,14,0,0
BRDA:159,14,1,0
BRDA:166,15,0,0
BRDA:166,15,1,0
BRDA:168,16,0,0
BRDA:168,16,1,0
BRDA:190,17,0,0
BRDA:190,17,1,0
BRDA:207,18,0,0
BRDA:207,18,1,0
BRDA:233,19,0,0
BRDA:233,19,1,0
BRDA:233,20,0,0
BRDA:233,20,1,0
BRDA:233,21,0,0
BRDA:233,21,1,0
BRDA:233,22,0,0
BRDA:233,22,1,0
BRDA:236,23,0,0
BRDA:236,23,1,0
BRDA:236,24,0,0
BRDA:236,24,1,0
BRF:50
BRH:0
end_of_record
TN:
SF:/Users/maxime_beauchemin/code/caravel/superset/assets/javascripts/modules/utils.js
FN:12,wrapSvgText
FN:15,(anonymous_1)
FN:65,showModal
FN:76,showApiMessage
FN:87,toggleCheckbox
FN:89,(anonymous_5)
FN:100,(anonymous_6)
FN:100,fixDataTableBodyHeight
FN:105,d3format
FN:123,(anonymous_9)
FN:123,done
FN:124,(anonymous_11)
FN:124,error
FN:125,(anonymous_13)
FN:125,always
FN:126,(anonymous_15)
FN:126,addFiler
FN:127,(anonymous_17)
FN:127,setFilter
FN:128,(anonymous_19)
FN:128,getFilters
FN:129,(anonymous_21)
FN:129,clearFilter
FN:130,(anonymous_23)
FN:130,removeFilter
FN:134,formatSelectOptionsForRange
FN:145,formatSelectOptions
FN:146,(anonymous_27)
FN:151,slugify
FN:161,getAjaxErrorMsg
FN:167,customizeToolTip
FN:169,(anonymous_31)
FN:177,(anonymous_32)
FN:192,initJQueryAjaxCSRF
FN:197,(anonymous_34)
FN:197,beforeSend
FNF:36
FNH:12
FNDA:0,wrapSvgText
FNDA:0,(anonymous_1)
FNDA:0,showModal
FNDA:0,showApiMessage
FNDA:0,toggleCheckbox
FNDA:0,(anonymous_5)
FNDA:1,(anonymous_6)
FNDA:0,fixDataTableBodyHeight
FNDA:0,d3format
FNDA:1,(anonymous_9)
FNDA:0,done
FNDA:1,(anonymous_11)
FNDA:0,error
FNDA:1,(anonymous_13)
FNDA:0,always
FNDA:1,(anonymous_15)
FNDA:0,addFiler
FNDA:1,(anonymous_17)
FNDA:0,setFilter
FNDA:1,(anonymous_19)
FNDA:0,getFilters
FNDA:1,(anonymous_21)
FNDA:0,clearFilter
FNDA:1,(anonymous_23)
FNDA:0,removeFilter
FNDA:2,formatSelectOptionsForRange
FNDA:25,formatSelectOptions
FNDA:158,(anonymous_27)
FNDA:0,slugify
FNDA:0,getAjaxErrorMsg
FNDA:0,customizeToolTip
FNDA:0,(anonymous_31)
FNDA:0,(anonymous_32)
FNDA:0,initJQueryAjaxCSRF
FNDA:0,(anonymous_34)
FNDA:0,beforeSend
DA:2,1
DA:3,1
DA:13,0
DA:15,0
DA:16,0
DA:17,0
DA:18,0
DA:19,0
DA:20,0
DA:21,0
DA:22,0
DA:23,0
DA:25,0
DA:29,0
DA:30,0
DA:31,0
DA:32,0
DA:33,0
DA:34,0
DA:35,0
DA:37,0
DA:38,0
DA:39,0
DA:43,0
DA:46,0
DA:47,0
DA:67,0
DA:68,0
DA:69,0
DA:70,0
DA:71,0
DA:72,0
DA:78,0
DA:81,0
DA:82,0
DA:88,0
DA:89,0
DA:90,0
DA:91,0
DA:92,0
DA:100,1
DA:101,0
DA:102,0
DA:106,0
DA:108,0
DA:109,0
DA:110,0
DA:112,0
DA:113,0
DA:115,0
DA:121,1
DA:123,1
DA:124,1
DA:125,1
DA:126,1
DA:127,1
DA:128,1
DA:129,1
DA:130,1
DA:138,2
DA:139,2
DA:140,100
DA:142,2
DA:146,158
DA:153,0
DA:162,0
DA:163,0
DA:168,0
DA:169,0
DA:170,0
DA:171,0
DA:173,0
DA:177,0
DA:178,0
DA:179,0
DA:180,0
DA:186,0
DA:188,0
DA:195,0
DA:196,0
DA:197,0
DA:199,0
DA:200,0
LF:83
LH:17
BRDA:34,0,0,0
BRDA:34,0,1,0
BRDA:46,1,0,0
BRDA:46,1,1,0
BRDA:46,2,0,0
BRDA:46,2,1,0
BRDA:67,3,0,0
BRDA:67,3,1,0
BRDA:68,4,0,0
BRDA:68,4,1,0
BRDA:69,5,0,0
BRDA:69,5,1,0
BRDA:70,6,0,0
BRDA:70,6,1,0
BRDA:71,7,0,0
BRDA:71,7,1,0
BRDA:81,8,0,0
BRDA:81,8,1,0
BRDA:91,9,0,0
BRDA:91,9,1,0
BRDA:91,10,0,0
BRDA:91,10,1,0
BRDA:108,11,0,0
BRDA:108,11,1,0
BRDA:109,12,0,0
BRDA:109,12,1,0
BRDA:163,13,0,0
BRDA:163,13,1,0
BRDA:163,14,0,0
BRDA:163,14,1,0
BRDA:196,15,0,0
BRDA:196,15,1,0
BRDA:199,16,0,0
BRDA:199,16,1,0
BRDA:199,17,0,0
BRDA:199,17,1,0
BRF:36
BRH:0
end_of_record
TN:
SF:/Users/maxime_beauchemin/code/caravel/superset/assets/javascripts/profile/index.jsx
FNF:0
FNH:0
DA:1,0
DA:2,0
DA:3,0
DA:5,0
DA:7,0
DA:9,0
DA:10,0
DA:11,0
DA:14,0
DA:15,0
DA:17,0
DA:18,0
LF:12
LH:0
BRF:0
BRH:0
end_of_record
TN:
SF:/Users/maxime_beauchemin/code/caravel/superset/assets/javascripts/profile/components/App.jsx
FN:13,App
FNF:1
FNH:1
FNDA:2,App
DA:1,1
DA:2,1
DA:3,1
DA:4,1
DA:5,1
DA:6,1
DA:7,1
DA:9,1
DA:14,2
DA:51,1
LF:10
LH:10
BRF:0
BRH:0
end_of_record
TN:
SF:/Users/maxime_beauchemin/code/caravel/superset/assets/javascripts/profile/components/CreatedContent.jsx
FN:10,CreatedContent
FN:20,(anonymous_11)
FN:20,mutator
FN:20,(anonymous_13)
FN:37,(anonymous_16)
FN:37,mutator
FN:37,(anonymous_18)
FNF:7
FNH:3
FNDA:4,CreatedContent
FNDA:4,(anonymous_11)
FNDA:0,mutator
FNDA:0,(anonymous_13)
FNDA:4,(anonymous_16)
FNDA:0,mutator
FNDA:0,(anonymous_18)
DA:1,1
DA:2,1
DA:3,1
DA:5,1
DA:10,12
DA:12,4
DA:20,4
DA:25,4
DA:37,4
DA:42,4
DA:54,4
DA:65,1
LF:12
LH:12
BRDA:10,0,0,4
BRDA:10,0,1,0
BRF:2
BRH:1
end_of_record
TN:
SF:/Users/maxime_beauchemin/code/caravel/superset/assets/javascripts/profile/components/Favorites.jsx
FN:10,Favorites
FN:20,(anonymous_11)
FN:20,mutator
FN:20,(anonymous_13)
FN:38,(anonymous_16)
FN:38,mutator
FN:38,(anonymous_18)
FNF:7
FNH:3
FNDA:4,Favorites
FNDA:4,(anonymous_11)
FNDA:0,mutator
FNDA:0,(anonymous_13)
FNDA:4,(anonymous_16)
FNDA:0,mutator
FNDA:0,(anonymous_18)
DA:1,1
DA:2,1
DA:3,1
DA:5,1
DA:10,12
DA:12,4
DA:20,4
DA:26,4
DA:38,4
DA:43,4
DA:55,4
DA:66,1
LF:12
LH:12
BRDA:10,0,0,4
BRDA:10,0,1,0
BRF:2
BRH:1
end_of_record
TN:
SF:/Users/maxime_beauchemin/code/caravel/superset/assets/javascripts/profile/components/RecentActivity.jsx
FN:11,RecentActivity
FN:19,(anonymous_11)
FN:24,(anonymous_14)
FN:24,mutator
FN:25,(anonymous_16)
FNF:5
FNH:2
FNDA:3,RecentActivity
FNDA:0,(anonymous_11)
FNDA:3,(anonymous_14)
FNDA:0,mutator
FNDA:0,(anonymous_16)
DA:1,1
DA:2,1
DA:3,1
DA:4,1
DA:6,1
DA:11,9
DA:13,3
DA:18,3
DA:19,3
DA:20,0
DA:24,3
DA:25,0
DA:32,3
DA:44,1
LF:14
LH:12
BRDA:11,0,0,3
BRDA:11,0,1,0
BRF:2
BRH:1
end_of_record
TN:
SF:/Users/maxime_beauchemin/code/caravel/superset/assets/javascripts/profile/components/Security.jsx
FN:7,Security
FN:14,(anonymous_2)
FN:23,(anonymous_3)
FN:34,(anonymous_4)
FNF:4
FNH:4
FNDA:8,Security
FNDA:16,(anonymous_2)
FNDA:21,(anonymous_3)
FNDA:14,(anonymous_4)
DA:1,1
DA:2,1
DA:4,1
DA:7,8
DA:8,8
DA:14,16
DA:23,21
DA:34,14
DA:41,1
LF:9
LH:9
BRDA:18,0,0,8
BRDA:18,0,1,7
BRDA:29,1,0,8
BRDA:29,1,1,7
BRF:4
BRH:4
end_of_record
TN:
SF:/Users/maxime_beauchemin/code/caravel/superset/assets/javascripts/profile/components/TableLoader.jsx
FN:13,TableLoader
FN:21,(anonymous_11)
FN:33,(anonymous_14)
FN:45,(anonymous_15)
FN:47,(anonymous_16)
FNF:5
FNH:1
FNDA:19,TableLoader
FNDA:0,(anonymous_11)
FNDA:0,(anonymous_14)
FNDA:0,(anonymous_15)
FNDA:0,(anonymous_16)
DA:1,1
DA:2,1
DA:3,1
DA:4,1
DA:6,1
DA:13,57
DA:15,19
DA:20,19
DA:21,19
DA:22,0
DA:23,0
DA:24,0
DA:26,0
DA:30,19
DA:31,19
DA:32,19
DA:33,0
DA:35,19
DA:36,19
DA:37,19
DA:38,19
DA:39,19
DA:41,0
DA:45,0
DA:48,0
DA:49,0
DA:54,0
DA:64,1
LF:28
LH:18
BRDA:13,0,0,19
BRDA:13,0,1,0
BRDA:23,1,0,0
BRDA:23,1,1,0
BRDA:32,2,0,0
BRDA:32,2,1,19
BRDA:32,3,0,19
BRDA:32,3,1,3
BRDA:38,4,0,19
BRDA:38,4,1,0
BRDA:48,5,0,0
BRDA:48,5,1,0
BRF:12
BRH:5
end_of_record
TN:
SF:/Users/maxime_beauchemin/code/caravel/superset/assets/javascripts/profile/components/UserInfo.jsx
FN:9,(anonymous_1)
FN:9,UserInfo
FNF:2
FNH:2
FNDA:1,(anonymous_1)
FNDA:7,UserInfo
DA:1,1
DA:2,1
DA:3,1
DA:4,1
DA:6,1
DA:9,7
DA:47,1
LF:7
LH:7
BRF:0
BRH:0
end_of_record
