TN:
SF:/Users/maxime_beauchemin/code/caravel/superset/assets/javascripts/common.js
FN:3,(anonymous_0)
FN:4,(anonymous_1)
FNF:2
FNH:0
FNDA:0,(anonymous_0)
FNDA:0,(anonymous_1)
DA:1,0
DA:2,0
DA:3,0
DA:4,0
DA:5,0
DA:6,0
DA:7,0
DA:8,0
LF:8
LH:0
BRF:0
BRH:0
end_of_record
TN:
SF:/Users/maxime_beauchemin/code/caravel/superset/assets/javascripts/css-theme.js
FNF:0
FNH:0
DA:1,0
DA:2,0
LF:2
LH:0
BRF:0
BRH:0
end_of_record
TN:
SF:/Users/maxime_beauchemin/code/caravel/superset/assets/javascripts/index.jsx
FN:5,App
FNF:1
FNH:0
FNDA:0,App
DA:1,0
DA:2,0
DA:3,0
DA:6,0
DA:14,0
LF:5
LH:0
BRF:0
BRH:0
end_of_record
TN:
SF:/Users/maxime_beauchemin/code/caravel/superset/assets/javascripts/reduxUtils.js
FN:5,addToObject
FN:16,alterInObject
FN:22,alterInArr
FN:27,(anonymous_6)
FN:37,removeFromArr
FN:39,(anonymous_8)
FN:47,getFromArr
FN:49,(anonymous_10)
FN:57,addToArr
FN:67,initEnhancer
FN:78,areArraysShallowEqual
FN:98,areObjectsEqual
FNF:12
FNH:7
FNDA:3,addToObject
FNDA:1,alterInObject
FNDA:13,alterInArr
FNDA:20,(anonymous_6)
FNDA:3,removeFromArr
FNDA:4,(anonymous_8)
FNDA:0,getFromArr
FNDA:0,(anonymous_10)
FNDA:16,addToArr
FNDA:0,initEnhancer
FNDA:0,areArraysShallowEqual
FNDA:0,areObjectsEqual
DA:1,1
DA:2,1
DA:3,1
DA:6,3
DA:7,3
DA:9,3
DA:10,0
DA:12,3
DA:13,3
DA:17,1
DA:18,1
DA:19,1
DA:25,13
DA:26,13
DA:27,13
DA:28,20
DA:29,10
DA:31,10
DA:34,13
DA:37,3
DA:38,3
DA:39,3
DA:40,4
DA:41,1
DA:44,3
DA:48,0
DA:49,0
DA:50,0
DA:51,0
DA:54,0
DA:58,16
DA:59,16
DA:60,0
DA:62,16
DA:63,16
DA:64,16
DA:67,0
DA:68,0
DA:69,0
DA:71,0
DA:73,0
DA:75,0
DA:83,0
DA:84,0
DA:86,0
DA:87,0
DA:89,0
DA:90,0
DA:91,0
DA:92,0
DA:95,0
DA:99,0
DA:100,0
DA:102,0
DA:103,0
DA:105,0
DA:106,0
DA:107,0
DA:109,0
DA:110,0
DA:113,0
LF:61
LH:29
BRDA:9,0,0,0
BRDA:9,0,1,3
BRDA:28,1,0,10
BRDA:28,1,1,10
BRDA:37,2,0,0
BRDA:37,2,1,3
BRDA:37,3,0,3
BRDA:37,3,1,0
BRDA:40,4,0,1
BRDA:40,4,1,3
BRDA:50,5,0,0
BRDA:50,5,1,0
BRDA:59,6,0,0
BRDA:59,6,1,16
BRDA:67,7,0,0
BRDA:67,7,1,0
BRDA:67,8,0,0
BRDA:67,8,1,0
BRDA:68,9,0,0
BRDA:68,9,1,0
BRDA:69,10,0,0
BRDA:69,10,1,0
BRDA:71,11,0,0
BRDA:71,11,1,0
BRDA:73,12,0,0
BRDA:73,12,1,0
BRDA:83,13,0,0
BRDA:83,13,1,0
BRDA:83,14,0,0
BRDA:83,14,1,0
BRDA:86,15,0,0
BRDA:86,15,1,0
BRDA:91,16,0,0
BRDA:91,16,1,0
BRDA:99,17,0,0
BRDA:99,17,1,0
BRDA:99,18,0,0
BRDA:99,18,1,0
BRDA:102,19,0,0
BRDA:102,19,1,0
BRDA:106,20,0,0
BRDA:106,20,1,0
BRDA:109,21,0,0
BRDA:109,21,1,0
BRF:44
BRH:8
end_of_record
TN:
SF:/Users/maxime_beauchemin/code/caravel/superset/assets/javascripts/standalone.js
FN:12,(anonymous_0)
FNF:1
FNH:0
FNDA:0,(anonymous_0)
DA:1,0
DA:3,0
DA:4,0
DA:5,0
DA:7,0
DA:9,0
DA:12,0
DA:13,0
DA:14,0
DA:15,0
DA:16,0
LF:11
LH:0
BRF:0
BRH:0
end_of_record
TN:
SF:/Users/maxime_beauchemin/code/caravel/superset/assets/javascripts/superset-select2.js
FNF:0
FNH:0
DA:1,0
DA:2,0
DA:3,0
DA:4,0
DA:5,0
LF:5
LH:0
BRF:0
BRH:0
end_of_record
TN:
SF:/Users/maxime_beauchemin/code/caravel/superset/assets/javascripts/welcome.js
FN:13,modelViewTable
FN:18,(anonymous_2)
FN:20,(anonymous_3)
FN:21,(anonymous_4)
FN:26,(anonymous_5)
FN:55,(anonymous_6)
FNF:6
FNH:0
FNDA:0,modelViewTable
FNDA:0,(anonymous_2)
FNDA:0,(anonymous_3)
FNDA:0,(anonymous_4)
FNDA:0,(anonymous_5)
FNDA:0,(anonymous_6)
DA:1,0
DA:3,0
DA:4,0
DA:5,0
DA:7,0
DA:8,0
DA:9,0
DA:10,0
DA:12,0
DA:15,0
DA:16,0
DA:17,0
DA:18,0
DA:19,0
DA:20,0
DA:21,0
DA:22,0
DA:24,0
DA:26,0
DA:27,0
DA:29,0
DA:30,0
DA:31,0
DA:42,0
DA:43,0
DA:44,0
DA:45,0
DA:47,0
DA:48,0
DA:49,0
DA:50,0
DA:51,0
DA:52,0
DA:55,0
DA:56,0
LF:35
LH:0
BRF:0
BRH:0
end_of_record
TN:
SF:/Users/maxime_beauchemin/code/caravel/superset/assets/javascripts/SqlLab/actions.js
FN:38,resetState
FN:42,startQuery
FN:53,querySuccess
FN:57,queryFailed
FN:61,stopQuery
FN:65,clearQueryResults
FN:69,removeDataPreview
FN:73,requestQueryResults
FN:77,fetchQueryResults
FN:78,(anonymous_10)
FN:81,(anonymous_11)
FN:81,success
FN:81,error
FN:99,runQuery
FN:100,(anonymous_16)
FN:115,(anonymous_17)
FN:115,success
FN:115,error
FN:145,setDatabases
FN:149,addQueryEditor
FN:154,cloneQueryToNewTab
FN:158,setNetworkStatus
FN:162,addAlert
FN:168,removeAlert
FN:172,setActiveQueryEditor
FN:176,setActiveSouthPaneTab
FN:180,removeQueryEditor
FN:184,removeQuery
FN:188,queryEditorSetDb
FN:192,queryEditorSetSchema
FN:196,queryEditorSetAutorun
FN:200,queryEditorSetTitle
FN:204,queryEditorSetSql
FN:208,queryEditorSetSelectedText
FN:212,mergeTable
FN:216,addTable
FN:217,(anonymous_39)
FN:219,(anonymous_40)
FN:242,(anonymous_41)
FN:252,(anonymous_42)
FN:265,changeDataPreviewId
FN:269,reFetchQueryResults
FN:270,(anonymous_45)
FN:286,expandTable
FN:290,collapseTable
FN:294,removeTable
FN:298,refreshQueries
FNF:47
FNH:20
FNDA:0,resetState
FNDA:3,startQuery
FNDA:0,querySuccess
FNDA:0,queryFailed
FNDA:1,stopQuery
FNDA:0,clearQueryResults
FNDA:0,removeDataPreview
FNDA:0,requestQueryResults
FNDA:0,fetchQueryResults
FNDA:0,(anonymous_10)
FNDA:0,(anonymous_11)
FNDA:0,success
FNDA:0,error
FNDA:0,runQuery
FNDA:0,(anonymous_16)
FNDA:0,(anonymous_17)
FNDA:0,success
FNDA:0,error
FNDA:0,setDatabases
FNDA:11,addQueryEditor
FNDA:1,cloneQueryToNewTab
FNDA:0,setNetworkStatus
FNDA:1,addAlert
FNDA:1,removeAlert
FNDA:1,setActiveQueryEditor
FNDA:0,setActiveSouthPaneTab
FNDA:1,removeQueryEditor
FNDA:1,removeQuery
FNDA:1,queryEditorSetDb
FNDA:1,queryEditorSetSchema
FNDA:2,queryEditorSetAutorun
FNDA:1,queryEditorSetTitle
FNDA:1,queryEditorSetSql
FNDA:1,queryEditorSetSelectedText
FNDA:5,mergeTable
FNDA:0,addTable
FNDA:0,(anonymous_39)
FNDA:0,(anonymous_40)
FNDA:0,(anonymous_41)
FNDA:0,(anonymous_42)
FNDA:0,changeDataPreviewId
FNDA:0,reFetchQueryResults
FNDA:0,(anonymous_45)
FNDA:1,expandTable
FNDA:1,collapseTable
FNDA:1,removeTable
FNDA:1,refreshQueries
DA:1,1
DA:2,1
DA:3,1
DA:5,1
DA:6,1
DA:7,1
DA:8,1
DA:9,1
DA:10,1
DA:11,1
DA:12,1
DA:13,1
DA:14,1
DA:15,1
DA:16,1
DA:17,1
DA:18,1
DA:19,1
DA:20,1
DA:21,1
DA:22,1
DA:23,1
DA:24,1
DA:25,1
DA:26,1
DA:27,1
DA:28,1
DA:29,1
DA:30,1
DA:31,1
DA:32,1
DA:33,1
DA:34,1
DA:35,1
DA:36,1
DA:39,0
DA:43,3
DA:50,3
DA:54,0
DA:58,0
DA:62,1
DA:66,0
DA:70,0
DA:74,0
DA:78,0
DA:79,0
DA:80,0
DA:81,0
DA:86,0
DA:89,0
DA:90,0
DA:91,0
DA:93,0
DA:100,0
DA:101,0
DA:102,0
DA:103,0
DA:115,0
DA:121,0
DA:122,0
DA:126,0
DA:127,0
DA:128,0
DA:130,0
DA:131,0
DA:134,0
DA:135,0
DA:136,0
DA:137,0
DA:139,0
DA:146,0
DA:150,11
DA:151,11
DA:155,1
DA:159,0
DA:163,1
DA:164,1
DA:165,1
DA:169,1
DA:173,1
DA:177,0
DA:181,1
DA:185,1
DA:189,1
DA:193,1
DA:197,2
DA:201,1
DA:205,1
DA:209,1
DA:213,5
DA:217,0
DA:218,0
DA:219,0
DA:220,0
DA:231,0
DA:240,0
DA:243,0
DA:251,0
DA:252,0
DA:253,0
DA:259,0
DA:260,0
DA:266,0
DA:270,0
DA:271,0
DA:281,0
DA:282,0
DA:287,1
DA:291,1
DA:295,1
DA:299,1
LF:111
LH:59
BRDA:44,0,0,0
BRDA:44,0,1,3
BRDA:47,1,0,0
BRDA:47,1,1,3
BRDA:90,2,0,0
BRDA:90,2,1,0
BRDA:90,3,0,0
BRDA:90,3,1,0
BRDA:121,4,0,0
BRDA:121,4,1,0
BRDA:130,5,0,0
BRDA:130,5,1,0
BRDA:134,6,0,0
BRDA:134,6,1,0
BRDA:134,7,0,0
BRDA:134,7,1,0
BRDA:136,8,0,0
BRDA:136,8,1,0
BRF:18
BRH:2
end_of_record
TN:
SF:/Users/maxime_beauchemin/code/caravel/superset/assets/javascripts/SqlLab/constants.js
FNF:0
FNH:0
DA:1,1
DA:10,1
DA:16,1
LF:3
LH:3
BRF:0
BRH:0
end_of_record
TN:
SF:/Users/maxime_beauchemin/code/caravel/superset/assets/javascripts/SqlLab/index.jsx
FNF:0
FNH:0
DA:1,0
DA:2,0
DA:3,0
DA:5,0
DA:6,0
DA:7,0
DA:8,0
DA:9,0
DA:10,0
DA:11,0
DA:13,0
DA:16,0
DA:18,0
DA:19,0
DA:20,0
DA:22,0
DA:26,0
DA:28,0
LF:18
LH:0
BRF:0
BRH:0
end_of_record
TN:
SF:/Users/maxime_beauchemin/code/caravel/superset/assets/javascripts/SqlLab/reducers.js
FN:7,getInitialState
FN:31,(anonymous_4)
FN:31,sqlLabReducer
FN:32,(anonymous_6)
FN:32,(anonymous_7)
FN:40,(anonymous_8)
FN:32,(anonymous_9)
FN:56,(anonymous_10)
FN:58,(anonymous_11)
FN:65,(anonymous_12)
FN:32,(anonymous_13)
FN:32,(anonymous_14)
FN:32,(anonymous_15)
FN:80,(anonymous_16)
FN:32,(anonymous_17)
FN:32,(anonymous_18)
FN:32,(anonymous_19)
FN:119,(anonymous_20)
FN:32,(anonymous_21)
FN:32,(anonymous_22)
FN:32,(anonymous_23)
FN:32,(anonymous_24)
FN:32,(anonymous_25)
FN:32,(anonymous_26)
FN:32,(anonymous_27)
FN:32,(anonymous_28)
FN:32,(anonymous_29)
FN:185,(anonymous_30)
FN:32,(anonymous_31)
FN:32,(anonymous_32)
FN:32,(anonymous_33)
FN:32,(anonymous_34)
FN:32,(anonymous_35)
FN:32,(anonymous_36)
FN:32,(anonymous_37)
FN:32,(anonymous_38)
FN:32,(anonymous_39)
FN:219,(anonymous_40)
FN:32,(anonymous_41)
FN:32,(anonymous_42)
FN:32,(anonymous_43)
FNF:41
FNH:27
FNDA:0,getInitialState
FNDA:1,(anonymous_4)
FNDA:37,sqlLabReducer
FNDA:11,(anonymous_6)
FNDA:1,(anonymous_7)
FNDA:1,(anonymous_8)
FNDA:1,(anonymous_9)
FNDA:1,(anonymous_10)
FNDA:0,(anonymous_11)
FNDA:2,(anonymous_12)
FNDA:1,(anonymous_13)
FNDA:0,(anonymous_14)
FNDA:5,(anonymous_15)
FNDA:1,(anonymous_16)
FNDA:1,(anonymous_17)
FNDA:0,(anonymous_18)
FNDA:0,(anonymous_19)
FNDA:0,(anonymous_20)
FNDA:1,(anonymous_21)
FNDA:1,(anonymous_22)
FNDA:3,(anonymous_23)
FNDA:1,(anonymous_24)
FNDA:0,(anonymous_25)
FNDA:0,(anonymous_26)
FNDA:0,(anonymous_27)
FNDA:0,(anonymous_28)
FNDA:1,(anonymous_29)
FNDA:3,(anonymous_30)
FNDA:0,(anonymous_31)
FNDA:1,(anonymous_32)
FNDA:1,(anonymous_33)
FNDA:1,(anonymous_34)
FNDA:1,(anonymous_35)
FNDA:1,(anonymous_36)
FNDA:2,(anonymous_37)
FNDA:1,(anonymous_38)
FNDA:0,(anonymous_39)
FNDA:0,(anonymous_40)
FNDA:1,(anonymous_41)
FNDA:0,(anonymous_42)
FNDA:1,(anonymous_43)
DA:1,1
DA:2,1
DA:3,1
DA:4,1
DA:8,0
DA:18,0
DA:31,1
DA:32,37
DA:34,11
DA:35,11
DA:36,11
DA:37,11
DA:40,1
DA:42,1
DA:51,1
DA:54,1
DA:56,1
DA:57,1
DA:58,1
DA:59,0
DA:60,0
DA:61,0
DA:64,1
DA:65,2
DA:66,1
DA:67,1
DA:70,1
DA:71,1
DA:72,1
DA:75,0
DA:78,5
DA:79,5
DA:80,5
DA:81,1
DA:86,1
DA:89,5
DA:90,1
DA:91,0
DA:93,1
DA:95,4
DA:97,4
DA:98,4
DA:99,4
DA:100,0
DA:102,4
DA:105,1
DA:108,0
DA:109,0
DA:110,0
DA:111,0
DA:115,0
DA:116,0
DA:118,0
DA:119,0
DA:120,0
DA:121,0
DA:123,0
DA:126,0
DA:130,1
DA:133,1
DA:136,3
DA:137,3
DA:138,0
DA:139,0
DA:140,0
DA:142,0
DA:143,0
DA:144,0
DA:147,3
DA:149,3
DA:150,3
DA:151,3
DA:154,1
DA:157,0
DA:158,0
DA:159,0
DA:162,0
DA:165,0
DA:166,0
DA:167,0
DA:169,0
DA:178,0
DA:181,0
DA:182,0
DA:185,3
DA:186,1
DA:187,1
DA:188,1
DA:189,1
DA:191,0
DA:194,0
DA:197,1
DA:200,1
DA:203,1
DA:206,1
DA:209,1
DA:212,2
DA:215,1
DA:218,0
DA:219,0
DA:220,0
DA:222,0
DA:225,1
DA:228,0
DA:229,0
DA:231,0
DA:234,1
DA:236,1
DA:237,1
DA:238,0
DA:239,0
DA:242,0
DA:243,0
DA:246,1
DA:247,1
DA:249,1
DA:250,1
DA:253,37
DA:254,37
DA:256,0
LF:120
LH:69
BRDA:45,0,0,1
BRDA:45,0,1,0
BRDA:46,1,0,0
BRDA:46,1,1,1
BRDA:60,2,0,0
BRDA:60,2,1,0
BRDA:81,3,0,1
BRDA:81,3,1,0
BRDA:82,4,0,1
BRDA:82,4,1,1
BRDA:82,4,2,1
BRDA:82,4,3,1
BRDA:89,5,0,1
BRDA:89,5,1,4
BRDA:90,6,0,0
BRDA:90,6,1,1
BRDA:99,7,0,0
BRDA:99,7,1,4
BRDA:120,8,0,0
BRDA:120,8,1,0
BRDA:137,9,0,0
BRDA:137,9,1,3
BRDA:139,10,0,0
BRDA:139,10,1,0
BRDA:139,11,0,0
BRDA:139,11,1,0
BRDA:166,12,0,0
BRDA:166,12,1,0
BRDA:186,13,0,1
BRDA:186,13,1,0
BRDA:228,14,0,0
BRDA:228,14,1,0
BRDA:239,15,0,0
BRDA:239,15,1,0
BRDA:240,16,0,0
BRDA:240,16,1,0
BRDA:246,17,0,1
BRDA:246,17,1,0
BRDA:253,18,0,37
BRDA:253,18,1,0
BRF:40
BRH:15
end_of_record
TN:
SF:/Users/maxime_beauchemin/code/caravel/superset/assets/javascripts/SqlLab/components/AceEditorWrapper.jsx
FN:21,(anonymous_7)
FN:21,onBlur
FN:22,(anonymous_9)
FN:22,onAltEnter
FN:27,AceEditorWrapper
FN:59,(anonymous_25)
FN:59,exec
FN:64,(anonymous_27)
FN:74,(anonymous_30)
FN:77,(anonymous_31)
FN:81,(anonymous_32)
FN:85,(anonymous_33)
FNF:12
FNH:2
FNDA:1,(anonymous_7)
FNDA:0,onBlur
FNDA:1,(anonymous_9)
FNDA:0,onAltEnter
FNDA:0,AceEditorWrapper
FNDA:0,(anonymous_25)
FNDA:0,exec
FNDA:0,(anonymous_27)
FNDA:0,(anonymous_30)
FNDA:0,(anonymous_31)
FNDA:0,(anonymous_32)
FNDA:0,(anonymous_33)
DA:1,1
DA:2,1
DA:3,1
DA:4,1
DA:5,1
DA:6,1
DA:7,1
DA:9,1
DA:11,1
DA:20,1
DA:21,1
DA:22,1
DA:27,0
DA:29,0
DA:35,0
DA:36,0
DA:39,0
DA:40,0
DA:42,0
DA:43,0
DA:47,0
DA:50,0
DA:53,0
DA:55,0
DA:56,0
DA:59,0
DA:60,0
DA:63,0
DA:64,0
DA:65,0
DA:69,0
DA:71,0
DA:72,0
DA:73,0
DA:74,0
DA:75,0
DA:76,0
DA:77,0
DA:78,0
DA:81,0
DA:85,0
DA:86,0
DA:89,0
DA:90,0
DA:95,0
DA:113,1
DA:114,1
LF:47
LH:14
BRDA:27,0,0,0
BRDA:27,0,1,0
BRDA:39,1,0,0
BRDA:39,1,1,0
BRDA:42,2,0,0
BRDA:42,2,1,0
BRDA:73,3,0,0
BRDA:73,3,1,0
BRDA:76,4,0,0
BRDA:76,4,1,0
BRDA:89,5,0,0
BRDA:89,5,1,0
BRF:12
BRH:0
end_of_record
TN:
SF:/Users/maxime_beauchemin/code/caravel/superset/assets/javascripts/SqlLab/components/Alerts.jsx
FN:9,(anonymous_13)
FNF:1
FNH:1
FNDA:1,(anonymous_13)
DA:1,1
DA:2,1
DA:6,0
DA:8,1
DA:9,1
DA:23,1
DA:29,1
LF:7
LH:6
BRF:0
BRH:0
end_of_record
TN:
SF:/Users/maxime_beauchemin/code/caravel/superset/assets/javascripts/SqlLab/components/App.jsx
FN:14,App
FN:81,mapStateToProps
FN:86,mapDispatchToProps
FNF:3
FNH:0
FNDA:0,App
FNDA:0,mapStateToProps
FNDA:0,mapDispatchToProps
DA:1,1
DA:2,1
DA:3,1
DA:5,1
DA:6,1
DA:7,1
DA:8,1
DA:10,1
DA:11,1
DA:14,0
DA:16,0
DA:23,0
DA:24,0
DA:25,0
DA:28,0
DA:29,0
DA:32,0
DA:33,0
DA:35,0
DA:36,0
DA:37,0
DA:40,0
DA:43,0
DA:46,0
DA:47,0
DA:48,0
DA:58,0
DA:65,0
DA:76,1
DA:82,0
DA:87,0
LF:31
LH:10
BRDA:14,0,0,0
BRDA:14,0,1,0
BRDA:34,1,0,0
BRDA:34,1,1,0
BRDA:47,2,0,0
BRDA:47,2,1,0
BRF:6
BRH:0
end_of_record
TN:
SF:/Users/maxime_beauchemin/code/caravel/superset/assets/javascripts/SqlLab/components/ColumnElement.jsx
FN:27,(anonymous_11)
FNF:1
FNH:1
FNDA:18,(anonymous_11)
DA:1,1
DA:3,1
DA:5,1
DA:9,1
DA:14,1
DA:22,73
DA:23,73
DA:24,73
DA:25,73
DA:26,12
DA:27,18
DA:46,73
DA:57,1
LF:13
LH:13
BRDA:25,0,0,12
BRDA:25,0,1,61
BRDA:25,1,0,73
BRDA:25,1,1,12
BRF:4
BRH:4
end_of_record
TN:
SF:/Users/maxime_beauchemin/code/caravel/superset/assets/javascripts/SqlLab/components/CopyQueryTabUrl.jsx
FNF:0
FNH:0
DA:1,1
DA:2,1
DA:3,1
DA:5,1
DA:11,0
DA:12,0
DA:13,0
DA:14,0
DA:15,0
DA:16,0
DA:17,0
DA:19,0
DA:20,0
DA:21,0
DA:25,0
DA:41,1
LF:16
LH:5
BRDA:13,0,0,0
BRDA:13,0,1,0
BRDA:14,1,0,0
BRDA:14,1,1,0
BRDA:15,2,0,0
BRDA:15,2,1,0
BRDA:16,3,0,0
BRDA:16,3,1,0
BRDA:17,4,0,0
BRDA:17,4,1,0
BRF:10
BRH:0
end_of_record
TN:
SF:/Users/maxime_beauchemin/code/caravel/superset/assets/javascripts/SqlLab/components/DataPreviewModal.jsx
FN:45,mapStateToProps
FN:52,mapDispatchToProps
FNF:2
FNH:0
FNDA:0,mapStateToProps
FNDA:0,mapDispatchToProps
DA:1,0
DA:2,0
DA:3,0
DA:4,0
DA:5,0
DA:7,0
DA:9,0
DA:18,0
DA:21,0
DA:22,0
DA:23,0
DA:40,0
DA:43,0
DA:46,0
DA:53,0
LF:15
LH:0
BRDA:21,0,0,0
BRDA:21,0,1,0
BRDA:21,1,0,0
BRDA:21,1,1,0
BRF:4
BRH:0
end_of_record
TN:
SF:/Users/maxime_beauchemin/code/caravel/superset/assets/javascripts/SqlLab/components/HighlightedSql.jsx
FN:21,HighlightedSql
FN:35,(anonymous_11)
FNF:2
FNH:2
FNDA:3,HighlightedSql
FNDA:3,(anonymous_11)
DA:1,1
DA:2,1
DA:3,1
DA:4,1
DA:6,1
DA:12,1
DA:21,9
DA:23,3
DA:28,3
DA:29,3
DA:30,3
DA:31,3
DA:32,0
DA:33,0
DA:35,3
DA:36,3
DA:37,3
DA:39,0
DA:44,4
DA:45,4
DA:46,4
DA:52,1
DA:53,1
DA:54,1
DA:55,1
DA:64,1
DA:77,4
DA:87,1
DA:88,1
LF:29
LH:26
BRDA:21,0,0,3
BRDA:21,0,1,0
BRDA:29,1,0,3
BRDA:29,1,1,0
BRDA:31,2,0,0
BRDA:31,2,1,3
BRDA:36,3,0,3
BRDA:36,3,1,0
BRDA:45,4,0,3
BRDA:45,4,1,1
BRDA:54,5,0,1
BRDA:54,5,1,0
BRDA:54,6,0,1
BRDA:54,6,1,1
BRF:14
BRH:9
end_of_record
TN:
SF:/Users/maxime_beauchemin/code/caravel/superset/assets/javascripts/SqlLab/components/Link.jsx
FN:16,(anonymous_7)
FN:16,onClick
FNF:2
FNH:1
FNDA:1,(anonymous_7)
FNDA:0,onClick
DA:1,1
DA:2,1
DA:4,1
DA:13,1
DA:16,1
DA:26,20
DA:31,20
DA:40,20
DA:41,20
DA:52,0
DA:55,1
DA:56,1
LF:12
LH:11
BRDA:40,0,0,20
BRDA:40,0,1,0
BRF:2
BRH:1
end_of_record
TN:
SF:/Users/maxime_beauchemin/code/caravel/superset/assets/javascripts/SqlLab/components/QueryAutoRefresh.jsx
FN:29,(anonymous_20)
FN:35,(anonymous_21)
FN:51,mapStateToProps
FN:57,mapDispatchToProps
FNF:4
FNH:0
FNDA:0,(anonymous_20)
FNDA:0,(anonymous_21)
FNDA:0,mapStateToProps
FNDA:0,mapDispatchToProps
DA:1,1
DA:2,1
DA:3,1
DA:4,1
DA:6,1
DA:7,1
DA:8,1
DA:12,0
DA:15,0
DA:18,0
DA:19,0
DA:23,0
DA:24,0
DA:26,0
DA:27,0
DA:29,0
DA:30,0
DA:31,0
DA:33,0
DA:36,0
DA:40,0
DA:43,1
DA:47,1
DA:52,0
DA:58,0
LF:25
LH:9
BRDA:18,0,0,0
BRDA:18,0,1,0
BRDA:30,1,0,0
BRDA:30,1,1,0
BRF:4
BRH:0
end_of_record
TN:
SF:/Users/maxime_beauchemin/code/caravel/superset/assets/javascripts/SqlLab/components/QueryHistory.jsx
FN:11,(anonymous_1)
FN:11,QueryHistory
FNF:2
FNH:1
FNDA:1,(anonymous_1)
FNDA:0,QueryHistory
DA:1,1
DA:3,1
DA:4,1
DA:6,1
DA:11,1
DA:12,0
DA:13,0
DA:24,0
DA:30,1
LF:9
LH:6
BRDA:12,0,0,0
BRDA:12,0,1,0
BRF:2
BRH:0
end_of_record
TN:
SF:/Users/maxime_beauchemin/code/caravel/superset/assets/javascripts/SqlLab/components/QuerySearch.jsx
FN:16,QuerySearch
FN:35,(anonymous_13)
FN:38,(anonymous_16)
FN:78,(anonymous_29)
FN:97,(anonymous_38)
FN:119,(anonymous_41)
FN:158,(anonymous_44)
FN:168,(anonymous_45)
FN:178,(anonymous_46)
FNF:9
FNH:5
FNDA:1,QuerySearch
FNDA:0,(anonymous_13)
FNDA:0,(anonymous_16)
FNDA:6,(anonymous_29)
FNDA:0,(anonymous_38)
FNDA:0,(anonymous_41)
FNDA:24,(anonymous_44)
FNDA:28,(anonymous_45)
FNDA:12,(anonymous_46)
DA:1,1
DA:2,1
DA:3,1
DA:4,1
DA:5,1
DA:6,1
DA:8,1
DA:9,1
DA:11,1
DA:16,3
DA:18,1
DA:32,0
DA:34,0
DA:35,0
DA:37,0
DA:38,0
DA:41,0
DA:42,0
DA:45,0
DA:47,0
DA:49,0
DA:51,0
DA:53,0
DA:55,0
DA:57,0
DA:59,0
DA:61,0
DA:65,1
DA:66,1
DA:69,1
DA:70,1
DA:73,0
DA:74,0
DA:77,1
DA:78,6
DA:80,1
DA:83,1
DA:84,1
DA:87,1
DA:90,0
DA:91,0
DA:92,0
DA:94,0
DA:97,0
DA:98,0
DA:99,0
DA:100,0
DA:105,0
DA:107,1
DA:108,1
DA:109,1
DA:118,1
DA:119,1
DA:120,0
DA:121,0
DA:126,4
DA:158,24
DA:168,28
DA:178,12
DA:216,1
LF:60
LH:31
BRDA:16,0,0,1
BRDA:16,0,1,0
BRDA:41,1,0,0
BRDA:41,1,1,0
BRDA:46,2,0,0
BRDA:46,2,1,0
BRDA:46,2,2,0
BRDA:46,2,3,0
BRDA:46,2,4,0
BRDA:46,2,5,0
BRDA:46,2,6,0
BRDA:46,2,7,0
BRDA:65,3,0,1
BRDA:65,3,1,0
BRDA:69,4,0,1
BRDA:69,4,1,0
BRDA:73,5,0,0
BRDA:73,5,1,0
BRDA:83,6,0,1
BRDA:83,6,1,0
BRDA:99,7,0,0
BRDA:99,7,1,0
BRDA:110,8,0,0
BRDA:110,8,1,1
BRDA:111,9,0,0
BRDA:111,9,1,1
BRDA:112,10,0,1
BRDA:112,10,1,0
BRDA:113,11,0,1
BRDA:113,11,1,0
BRDA:114,12,0,0
BRDA:114,12,1,1
BRDA:115,13,0,0
BRDA:115,13,1,1
BRDA:120,14,0,0
BRDA:120,14,1,0
BRDA:190,15,0,4
BRDA:190,15,1,0
BRF:38
BRH:11
end_of_record
TN:
SF:/Users/maxime_beauchemin/code/caravel/superset/assets/javascripts/SqlLab/components/QueryTable.jsx
FN:25,(anonymous_7)
FN:25,onUserClicked
FN:26,(anonymous_9)
FN:26,onDbClicked
FN:31,QueryTable
FN:69,(anonymous_31)
FN:137,(anonymous_32)
FNF:7
FNH:5
FNDA:1,(anonymous_7)
FNDA:0,onUserClicked
FNDA:1,(anonymous_9)
FNDA:0,onDbClicked
FNDA:1,QueryTable
FNDA:2,(anonymous_31)
FNDA:2,(anonymous_32)
DA:1,1
DA:3,1
DA:4,1
DA:5,1
DA:6,1
DA:7,1
DA:8,1
DA:9,1
DA:10,1
DA:11,1
DA:12,1
DA:13,1
DA:15,1
DA:22,1
DA:25,1
DA:26,1
DA:31,3
DA:33,1
DA:34,1
DA:35,1
DA:42,2
DA:43,2
DA:44,2
DA:47,0
DA:50,0
DA:53,0
DA:57,0
DA:60,0
DA:63,0
DA:66,0
DA:68,1
DA:69,1
DA:70,2
DA:71,2
DA:72,2
DA:74,2
DA:75,2
DA:82,2
DA:90,2
DA:98,2
DA:99,2
DA:109,2
DA:114,2
DA:115,1
DA:136,1
DA:137,2
DA:139,2
DA:147,2
DA:148,2
DA:149,0
DA:155,2
DA:163,2
DA:189,2
DA:191,1
DA:208,1
DA:209,1
LF:56
LH:48
BRDA:31,0,0,1
BRDA:31,0,1,0
BRDA:71,1,0,2
BRDA:71,1,1,0
BRDA:114,2,0,1
BRDA:114,2,1,1
BRDA:136,3,0,0
BRDA:136,3,1,1
BRDA:136,4,0,1
BRDA:136,4,1,0
BRDA:148,5,0,0
BRDA:148,5,1,2
BRF:12
BRH:7
end_of_record
TN:
SF:/Users/maxime_beauchemin/code/caravel/superset/assets/javascripts/SqlLab/components/ResultSet.jsx
FN:31,ResultSet
FN:190,(anonymous_29)
FN:194,(anonymous_30)
FNF:3
FNH:3
FNDA:1,ResultSet
FNDA:2,(anonymous_29)
FNDA:2,(anonymous_30)
DA:1,1
DA:2,1
DA:3,1
DA:4,1
DA:6,1
DA:7,1
DA:9,1
DA:19,1
DA:31,3
DA:33,1
DA:41,0
DA:44,0
DA:51,1
DA:52,1
DA:53,1
DA:54,1
DA:60,1
DA:61,1
DA:62,1
DA:71,1
DA:72,1
DA:73,1
DA:82,1
DA:98,0
DA:101,0
DA:104,0
DA:111,0
DA:114,0
DA:117,0
DA:120,0
DA:123,0
DA:126,0
DA:129,1
DA:130,1
DA:131,1
DA:132,1
DA:133,0
DA:135,1
DA:138,1
DA:140,1
DA:141,0
DA:143,1
DA:144,0
DA:145,0
DA:146,0
DA:153,0
DA:159,1
DA:160,0
DA:161,1
DA:162,0
DA:176,1
DA:177,1
DA:178,1
DA:190,2
DA:194,2
DA:200,0
DA:201,0
DA:212,0
DA:213,0
DA:223,0
DA:226,1
DA:227,1
LF:62
LH:38
BRDA:31,0,0,1
BRDA:31,0,1,0
BRDA:41,1,0,0
BRDA:41,1,1,0
BRDA:41,2,0,0
BRDA:41,2,1,0
BRDA:41,2,2,0
BRDA:41,2,3,0
BRDA:51,3,0,1
BRDA:51,3,1,0
BRDA:51,4,0,1
BRDA:51,4,1,0
BRDA:51,4,2,0
BRDA:53,5,0,1
BRDA:53,5,1,0
BRDA:61,6,0,1
BRDA:61,6,1,0
BRDA:72,7,0,1
BRDA:72,7,1,0
BRDA:132,8,0,0
BRDA:132,8,1,1
BRDA:132,9,0,1
BRDA:132,9,1,0
BRDA:135,10,0,1
BRDA:135,10,1,0
BRDA:140,11,0,0
BRDA:140,11,1,1
BRDA:143,12,0,0
BRDA:143,12,1,1
BRDA:145,13,0,0
BRDA:145,13,1,0
BRDA:145,14,0,0
BRDA:145,14,1,0
BRDA:159,15,0,0
BRDA:159,15,1,1
BRDA:161,16,0,0
BRDA:161,16,1,1
BRDA:161,17,0,1
BRDA:161,17,1,1
BRDA:176,18,0,1
BRDA:176,18,1,0
BRDA:177,19,0,1
BRDA:177,19,1,0
BRDA:177,20,0,1
BRDA:177,20,1,1
BRDA:177,20,2,1
BRDA:200,21,0,0
BRDA:200,21,1,0
BRDA:212,22,0,0
BRDA:212,22,1,0
BRF:50
BRH:20
end_of_record
TN:
SF:/Users/maxime_beauchemin/code/caravel/superset/assets/javascripts/SqlLab/components/RunQueryActionButton.jsx
FN:13,RunQueryActionButton
FN:28,(anonymous_3)
FN:28,onClick
FN:38,(anonymous_5)
FN:38,onClick
FNF:5
FNH:3
FNDA:2,RunQueryActionButton
FNDA:2,(anonymous_3)
FNDA:0,onClick
FNDA:2,(anonymous_5)
FNDA:0,onClick
DA:1,1
DA:2,1
DA:4,1
DA:14,2
DA:15,2
DA:16,2
DA:17,2
DA:19,2
DA:26,2
DA:28,2
DA:36,2
DA:38,2
DA:47,2
DA:55,2
DA:56,2
DA:57,2
DA:58,0
DA:59,0
DA:61,0
DA:64,2
DA:71,1
LF:21
LH:18
BRDA:14,0,0,0
BRDA:14,0,1,2
BRDA:15,1,0,0
BRDA:15,1,1,2
BRDA:56,2,0,2
BRDA:56,2,1,0
BRDA:58,3,0,0
BRDA:58,3,1,0
BRF:8
BRH:3
end_of_record
TN:
SF:/Users/maxime_beauchemin/code/caravel/superset/assets/javascripts/SqlLab/components/SouthPane.jsx
FN:45,(anonymous_14)
FN:84,mapStateToProps
FN:90,mapDispatchToProps
FNF:3
FNH:0
FNDA:0,(anonymous_14)
FNDA:0,mapStateToProps
FNDA:0,mapDispatchToProps
DA:1,1
DA:2,1
DA:3,1
DA:4,1
DA:5,1
DA:6,1
DA:7,1
DA:9,1
DA:15,1
DA:22,1
DA:28,0
DA:31,0
DA:32,0
DA:33,0
DA:34,0
DA:36,0
DA:37,0
DA:38,0
DA:42,0
DA:45,0
DA:55,0
DA:85,0
DA:91,0
DA:96,1
DA:97,1
LF:25
LH:12
BRDA:33,0,0,0
BRDA:33,0,1,0
BRDA:37,1,0,0
BRDA:37,1,1,0
BRF:4
BRH:0
end_of_record
TN:
SF:/Users/maxime_beauchemin/code/caravel/superset/assets/javascripts/SqlLab/components/SqlEditor.jsx
FN:46,SqlEditor
FNF:1
FNH:1
FNDA:1,SqlEditor
DA:1,1
DA:2,1
DA:15,1
DA:17,1
DA:18,1
DA:19,1
DA:20,1
DA:21,1
DA:22,1
DA:24,1
DA:37,1
DA:46,3
DA:48,1
DA:54,0
DA:57,0
DA:58,0
DA:59,0
DA:60,0
DA:63,0
DA:64,0
DA:65,0
DA:66,0
DA:68,0
DA:70,0
DA:71,0
DA:72,0
DA:82,0
DA:83,0
DA:86,0
DA:89,0
DA:92,0
DA:95,0
DA:99,1
DA:100,1
DA:101,1
DA:102,1
DA:106,1
DA:107,1
DA:109,0
DA:115,0
DA:121,1
DA:122,1
DA:123,0
DA:124,0
DA:149,1
DA:176,1
DA:224,1
DA:225,1
LF:48
LH:25
BRDA:46,0,0,1
BRDA:46,0,1,0
BRDA:57,1,0,0
BRDA:57,1,1,0
BRDA:63,2,0,0
BRDA:63,2,1,0
BRDA:63,3,0,0
BRDA:63,3,1,0
BRDA:65,4,0,0
BRDA:65,4,1,0
BRDA:70,5,0,0
BRDA:70,5,1,0
BRDA:70,6,0,0
BRDA:70,6,1,0
BRDA:70,7,0,0
BRDA:70,7,1,0
BRDA:70,8,0,0
BRDA:70,8,1,0
BRDA:74,9,0,0
BRDA:74,9,1,0
BRDA:78,10,0,0
BRDA:78,10,1,0
BRDA:107,11,0,0
BRDA:107,11,1,1
BRDA:107,12,0,1
BRDA:107,12,1,1
BRDA:122,13,0,0
BRDA:122,13,1,1
BRDA:122,14,0,1
BRDA:122,14,1,1
BRDA:153,15,0,1
BRDA:153,15,1,1
BRDA:155,16,0,1
BRDA:155,16,1,1
BRDA:165,17,0,1
BRDA:165,17,1,1
BRDA:198,18,0,0
BRDA:198,18,1,1
BRF:38
BRH:14
end_of_record
TN:
SF:/Users/maxime_beauchemin/code/caravel/superset/assets/javascripts/SqlLab/components/SqlEditorLeftBar.jsx
FN:22,SqlEditorLeftBar
FN:48,(anonymous_16)
FN:68,(anonymous_21)
FN:69,(anonymous_22)
FN:70,(anonymous_23)
FN:87,(anonymous_28)
FN:89,(anonymous_29)
FN:121,(anonymous_36)
FN:121,valueRenderer
FN:136,(anonymous_38)
FN:136,valueRenderer
FN:159,(anonymous_40)
FNF:12
FNH:4
FNDA:1,SqlEditorLeftBar
FNDA:0,(anonymous_16)
FNDA:0,(anonymous_21)
FNDA:0,(anonymous_22)
FNDA:0,(anonymous_23)
FNDA:0,(anonymous_28)
FNDA:0,(anonymous_29)
FNDA:1,(anonymous_36)
FNDA:0,valueRenderer
FNDA:1,(anonymous_38)
FNDA:0,valueRenderer
FNDA:1,(anonymous_40)
DA:1,1
DA:2,1
DA:3,1
DA:4,1
DA:5,1
DA:6,1
DA:8,1
DA:15,1
DA:22,3
DA:24,1
DA:33,1
DA:34,1
DA:37,0
DA:38,0
DA:39,0
DA:40,0
DA:41,0
DA:43,0
DA:44,0
DA:48,0
DA:49,0
DA:50,0
DA:51,0
DA:56,0
DA:59,0
DA:61,1
DA:62,1
DA:63,1
DA:64,0
DA:65,0
DA:66,0
DA:67,0
DA:68,0
DA:69,0
DA:70,0
DA:71,0
DA:72,0
DA:73,0
DA:78,0
DA:79,0
DA:80,0
DA:82,1
DA:83,1
DA:84,1
DA:85,0
DA:86,0
DA:87,0
DA:88,0
DA:89,0
DA:90,0
DA:91,0
DA:96,0
DA:99,0
DA:100,0
DA:102,0
DA:103,0
DA:104,0
DA:106,1
DA:107,1
DA:108,1
DA:109,0
DA:111,1
DA:112,1
DA:121,1
DA:136,1
DA:159,1
DA:177,1
DA:178,1
LF:68
LH:28
BRDA:22,0,0,1
BRDA:22,0,1,0
BRDA:37,1,0,0
BRDA:37,1,1,0
BRDA:40,2,0,0
BRDA:40,2,1,0
BRDA:50,3,0,0
BRDA:50,3,1,0
BRDA:62,4,0,1
BRDA:62,4,1,1
BRDA:63,5,0,0
BRDA:63,5,1,1
BRDA:64,6,0,0
BRDA:64,6,1,0
BRDA:78,7,0,0
BRDA:78,7,1,0
BRDA:83,8,0,1
BRDA:83,8,1,1
BRDA:84,9,0,0
BRDA:84,9,1,1
BRDA:108,10,0,0
BRDA:108,10,1,1
BRDA:167,11,0,1
BRDA:167,11,1,0
BRF:24
BRH:9
end_of_record
TN:
SF:/Users/maxime_beauchemin/code/caravel/superset/assets/javascripts/SqlLab/components/TabbedSqlEditors.jsx
FN:29,TabbedSqlEditors
FN:72,(anonymous_14)
FN:127,(anonymous_29)
FN:176,(anonymous_30)
FN:213,mapStateToProps
FN:224,mapDispatchToProps
FNF:6
FNH:2
FNDA:1,TabbedSqlEditors
FNDA:0,(anonymous_14)
FNDA:1,(anonymous_29)
FNDA:0,(anonymous_30)
FNDA:0,mapStateToProps
FNDA:0,mapDispatchToProps
DA:1,1
DA:2,1
DA:3,1
DA:4,1
DA:5,1
DA:6,1
DA:7,1
DA:8,1
DA:9,1
DA:11,1
DA:21,1
DA:26,1
DA:29,3
DA:31,1
DA:32,1
DA:33,1
DA:34,1
DA:35,1
DA:45,1
DA:46,0
DA:47,0
DA:54,0
DA:56,0
DA:60,0
DA:61,0
DA:62,0
DA:63,0
DA:64,0
DA:67,0
DA:68,0
DA:71,0
DA:72,0
DA:73,0
DA:74,0
DA:75,0
DA:78,0
DA:79,0
DA:84,0
DA:85,0
DA:86,0
DA:90,1
DA:91,1
DA:92,1
DA:93,1
DA:94,1
DA:97,0
DA:100,0
DA:101,0
DA:102,0
DA:111,0
DA:114,0
DA:115,0
DA:117,0
DA:121,0
DA:124,0
DA:126,1
DA:127,1
DA:128,1
DA:130,1
DA:131,1
DA:132,0
DA:134,1
DA:135,1
DA:136,0
DA:138,1
DA:141,1
DA:165,1
DA:176,0
DA:191,1
DA:210,1
DA:211,1
DA:214,0
DA:225,0
LF:73
LH:37
BRDA:29,0,0,1
BRDA:29,0,1,0
BRDA:33,1,0,0
BRDA:33,1,1,1
BRDA:45,2,0,0
BRDA:45,2,1,1
BRDA:63,3,0,0
BRDA:63,3,1,0
BRDA:67,4,0,0
BRDA:67,4,1,0
BRDA:74,5,0,0
BRDA:74,5,1,0
BRDA:74,6,0,0
BRDA:74,6,1,0
BRDA:74,6,2,0
BRDA:78,7,0,0
BRDA:78,7,1,0
BRDA:85,8,0,0
BRDA:85,8,1,0
BRDA:93,9,0,1
BRDA:93,9,1,0
BRDA:105,10,0,0
BRDA:105,10,1,0
BRDA:104,11,0,0
BRDA:104,11,1,0
BRDA:107,12,0,0
BRDA:107,12,1,0
BRDA:114,13,0,0
BRDA:114,13,1,0
BRDA:131,14,0,0
BRDA:131,14,1,1
BRDA:135,15,0,0
BRDA:135,15,1,1
BRDA:138,16,0,0
BRDA:138,16,1,1
BRDA:154,17,0,1
BRDA:154,17,1,1
BRDA:160,18,0,0
BRDA:160,18,1,1
BRDA:173,19,0,1
BRDA:173,19,1,1
BRF:41
BRH:12
end_of_record
TN:
SF:/Users/maxime_beauchemin/code/caravel/superset/assets/javascripts/SqlLab/components/TableElement.jsx
FN:24,TableElement
FN:101,(anonymous_21)
FN:112,(anonymous_22)
FN:137,(anonymous_27)
FN:162,(anonymous_28)
FN:162,onClick
FNF:6
FNH:6
FNDA:7,TableElement
FNDA:25,(anonymous_21)
FNDA:126,(anonymous_22)
FNDA:36,(anonymous_27)
FNDA:9,(anonymous_28)
FNDA:1,onClick
DA:1,1
DA:3,1
DA:4,1
DA:6,1
DA:7,1
DA:8,1
DA:9,1
DA:11,1
DA:17,1
DA:24,21
DA:26,7
DA:33,0
DA:40,0
DA:44,1
DA:45,1
DA:46,1
DA:48,0
DA:53,1
DA:54,1
DA:57,1
DA:61,9
DA:62,9
DA:63,9
DA:64,9
DA:65,9
DA:66,9
DA:67,9
DA:68,9
DA:69,9
DA:78,9
DA:79,9
DA:80,27
DA:82,9
DA:83,9
DA:93,9
DA:96,9
DA:97,9
DA:98,9
DA:99,9
DA:100,9
DA:101,25
DA:105,9
DA:112,126
DA:120,9
DA:123,1
DA:126,9
DA:127,9
DA:128,9
DA:129,9
DA:130,9
DA:137,36
DA:149,9
DA:162,9
DA:211,1
DA:212,1
LF:55
LH:52
BRDA:24,0,0,7
BRDA:24,0,1,0
BRDA:45,1,0,1
BRDA:45,1,1,0
BRDA:63,2,0,9
BRDA:63,2,1,0
BRDA:66,3,0,9
BRDA:66,3,1,0
BRDA:98,4,0,9
BRDA:98,4,1,0
BRDA:100,5,0,1
BRDA:100,5,1,8
BRDA:112,6,0,9
BRDA:112,6,1,9
BRDA:129,7,0,9
BRDA:129,7,1,0
BRDA:129,8,0,9
BRDA:129,8,1,9
BRDA:166,9,0,9
BRDA:166,9,1,0
BRDA:175,10,0,8
BRDA:175,10,1,1
BRDA:180,11,0,8
BRDA:180,11,1,1
BRDA:184,12,0,9
BRDA:184,12,1,9
BRF:26
BRH:19
end_of_record
TN:
SF:/Users/maxime_beauchemin/code/caravel/superset/assets/javascripts/SqlLab/components/VisualizeModal.jsx
FN:24,(anonymous_8)
FN:24,onHide
FN:28,VisualizeModal
FN:52,(anonymous_18)
FN:61,(anonymous_21)
FN:93,(anonymous_26)
FN:116,(anonymous_29)
FN:116,success
FN:150,(anonymous_39)
FN:182,(anonymous_40)
FNF:10
FNH:3
FNDA:1,(anonymous_8)
FNDA:0,onHide
FNDA:2,VisualizeModal
FNDA:0,(anonymous_18)
FNDA:0,(anonymous_21)
FNDA:0,(anonymous_26)
FNDA:0,(anonymous_29)
FNDA:0,success
FNDA:2,(anonymous_39)
FNDA:0,(anonymous_40)
DA:1,1
DA:2,1
DA:4,1
DA:5,1
DA:6,1
DA:7,1
DA:9,1
DA:16,1
DA:21,1
DA:24,1
DA:28,6
DA:30,2
DA:31,2
DA:39,1
DA:42,0
DA:45,0
DA:49,0
DA:51,0
DA:52,0
DA:53,0
DA:55,0
DA:58,1
DA:59,1
DA:60,1
DA:61,1
DA:62,0
DA:63,0
DA:71,1
DA:72,0
DA:73,1
DA:74,0
DA:75,0
DA:76,0
DA:77,0
DA:78,0
DA:81,0
DA:82,0
DA:85,1
DA:88,0
DA:91,1
DA:92,1
DA:93,0
DA:94,0
DA:95,0
DA:99,1
DA:102,0
DA:109,0
DA:116,0
DA:117,0
DA:122,0
DA:123,0
DA:126,0
DA:127,0
DA:128,0
DA:129,0
DA:132,0
DA:133,0
DA:134,0
DA:135,0
DA:136,0
DA:138,3
DA:139,3
DA:140,2
DA:150,2
DA:182,1
DA:186,1
DA:233,1
DA:236,1
DA:237,1
LF:69
LH:33
BRDA:28,0,0,2
BRDA:28,0,1,0
BRDA:45,1,0,0
BRDA:45,1,1,0
BRDA:46,2,0,0
BRDA:46,2,1,0
BRDA:46,2,2,0
BRDA:62,3,0,0
BRDA:62,3,1,0
BRDA:71,4,0,0
BRDA:71,4,1,1
BRDA:73,5,0,0
BRDA:73,5,1,1
BRDA:77,6,0,0
BRDA:77,6,1,0
BRDA:77,7,0,0
BRDA:77,7,1,0
BRDA:81,8,0,0
BRDA:81,8,1,0
BRDA:92,9,0,0
BRDA:92,9,1,1
BRDA:92,10,0,1
BRDA:92,10,1,0
BRDA:94,11,0,0
BRDA:94,11,1,0
BRDA:133,12,0,0
BRDA:133,12,1,0
BRDA:139,13,0,2
BRDA:139,13,1,1
BRDA:139,14,0,3
BRDA:139,14,1,1
BRDA:139,14,2,1
BRDA:156,15,0,0
BRDA:156,15,1,2
BRDA:165,16,0,0
BRDA:165,16,1,2
BRDA:178,17,0,0
BRDA:178,17,1,2
BRDA:200,18,0,1
BRDA:200,18,1,0
BRF:40
BRH:14
end_of_record
TN:
SF:/Users/maxime_beauchemin/code/caravel/superset/assets/javascripts/components/AsyncSelect.jsx
FN:16,(anonymous_7)
FN:16,valueRenderer
FN:20,AsyncSelect
FN:33,(anonymous_15)
FNF:4
FNH:2
FNDA:1,(anonymous_7)
FNDA:0,valueRenderer
FNDA:3,AsyncSelect
FNDA:0,(anonymous_15)
DA:1,1
DA:2,1
DA:3,1
DA:5,1
DA:14,1
DA:16,1
DA:20,9
DA:22,3
DA:28,1
DA:30,1
DA:31,1
DA:32,1
DA:33,1
DA:34,0
DA:38,1
DA:41,4
DA:56,1
DA:57,1
LF:18
LH:17
BRDA:20,0,0,3
BRDA:20,0,1,0
BRDA:34,1,0,0
BRDA:34,1,1,0
BRF:4
BRH:1
end_of_record
TN:
SF:/Users/maxime_beauchemin/code/caravel/superset/assets/javascripts/components/Button.jsx
FN:14,Button
FNF:1
FNH:1
FNDA:3,Button
DA:1,1
DA:2,1
DA:3,1
DA:5,1
DA:9,1
DA:15,3
DA:16,3
DA:17,3
DA:18,3
DA:19,3
DA:22,3
DA:26,3
DA:27,0
DA:36,3
DA:39,1
DA:40,1
LF:16
LH:15
BRDA:26,0,0,0
BRDA:26,0,1,3
BRF:2
BRH:1
end_of_record
TN:
SF:/Users/maxime_beauchemin/code/caravel/superset/assets/javascripts/components/CopyToClipboard.jsx
FN:16,(anonymous_7)
FN:16,onCopyEnd
FN:23,CopyToClipboard
FN:42,(anonymous_15)
FNF:4
FNH:2
FNDA:1,(anonymous_7)
FNDA:0,onCopyEnd
FNDA:10,CopyToClipboard
FNDA:0,(anonymous_15)
DA:1,1
DA:2,1
DA:4,1
DA:14,1
DA:16,1
DA:23,30
DA:25,10
DA:30,10
DA:31,10
DA:32,10
DA:37,0
DA:40,0
DA:41,0
DA:42,0
DA:44,0
DA:49,0
DA:53,0
DA:55,0
DA:56,0
DA:57,0
DA:59,0
DA:60,0
DA:61,0
DA:62,0
DA:63,0
DA:66,0
DA:69,0
DA:71,0
DA:72,0
DA:76,14
DA:77,0
DA:79,14
DA:83,14
DA:107,0
DA:122,14
DA:130,14
DA:131,14
DA:132,0
DA:134,14
DA:136,14
DA:140,1
DA:141,1
LF:42
LH:20
BRDA:23,0,0,10
BRDA:23,0,1,0
BRDA:41,1,0,0
BRDA:41,1,1,0
BRDA:62,2,0,0
BRDA:62,2,1,0
BRDA:76,3,0,0
BRDA:76,3,1,14
BRDA:85,4,0,14
BRDA:85,4,1,0
BRDA:131,5,0,0
BRDA:131,5,1,14
BRF:12
BRH:4
end_of_record
TN:
SF:/Users/maxime_beauchemin/code/caravel/superset/assets/javascripts/components/FaveStar.jsx
FNF:0
FNH:0
DA:1,0
DA:2,0
DA:3,0
DA:5,0
DA:13,0
DA:17,0
DA:18,0
DA:22,0
DA:27,0
DA:44,0
LF:10
LH:0
BRF:0
BRH:0
end_of_record
TN:
SF:/Users/maxime_beauchemin/code/caravel/superset/assets/javascripts/components/InfoTooltipWithTrigger.jsx
FN:10,InfoTooltipWithTrigger
FNF:1
FNH:0
FNDA:0,InfoTooltipWithTrigger
DA:1,1
DA:2,1
DA:3,1
DA:5,1
DA:10,0
DA:11,0
DA:21,1
LF:7
LH:5
BRF:0
BRH:0
end_of_record
TN:
SF:/Users/maxime_beauchemin/code/caravel/superset/assets/javascripts/components/ModalTrigger.jsx
FN:20,(anonymous_7)
FN:20,beforeOpen
FN:21,(anonymous_9)
FN:21,onExit
FN:28,ModalTrigger
FNF:5
FNH:3
FNDA:1,(anonymous_7)
FNDA:0,beforeOpen
FNDA:1,(anonymous_9)
FNDA:0,onExit
FNDA:9,ModalTrigger
DA:1,1
DA:2,1
DA:3,1
DA:4,1
DA:6,1
DA:19,1
DA:20,1
DA:21,1
DA:28,27
DA:30,9
DA:33,9
DA:34,9
DA:38,0
DA:42,1
DA:43,1
DA:44,1
DA:47,12
DA:71,12
DA:74,12
DA:75,3
DA:82,9
DA:91,1
DA:92,1
LF:23
LH:22
BRDA:28,0,0,9
BRDA:28,0,1,0
BRDA:61,1,0,12
BRDA:61,1,1,0
BRDA:74,2,0,3
BRDA:74,2,1,9
BRF:6
BRH:4
end_of_record
TN:
SF:/Users/maxime_beauchemin/code/caravel/superset/assets/javascripts/components/Timer.jsx
FN:5,Timer
FNF:1
FNH:1
FNDA:1,Timer
DA:1,1
DA:2,1
DA:5,3
DA:7,1
DA:12,1
DA:15,0
DA:18,3
DA:19,1
DA:23,0
DA:24,0
DA:27,1
DA:28,1
DA:29,1
DA:30,1
DA:31,1
DA:33,1
DA:34,0
DA:39,2
DA:40,2
DA:42,2
DA:43,2
DA:44,2
DA:53,2
DA:56,1
DA:64,1
LF:25
LH:21
BRDA:5,0,0,1
BRDA:5,0,1,0
BRDA:18,1,0,1
BRDA:18,1,1,2
BRDA:27,2,0,1
BRDA:27,2,1,0
BRDA:27,3,0,1
BRDA:27,3,1,1
BRDA:28,4,0,1
BRDA:28,4,1,1
BRDA:29,5,0,1
BRDA:29,5,1,0
BRDA:33,6,0,0
BRDA:33,6,1,1
BRDA:39,7,0,2
BRDA:39,7,1,0
BRDA:39,8,0,2
BRDA:39,8,1,2
BRDA:43,9,0,2
BRDA:43,9,1,0
BRF:20
BRH:14
end_of_record
TN:
SF:/Users/maxime_beauchemin/code/caravel/superset/assets/javascripts/components/TooltipWrapper.jsx
FN:16,TooltipWrapper
FNF:1
FNH:0
FNDA:0,TooltipWrapper
DA:1,0
DA:2,0
DA:3,0
DA:5,0
DA:12,0
DA:16,0
DA:17,0
DA:27,0
DA:28,0
LF:9
LH:0
BRF:0
BRH:0
end_of_record
TN:
SF:/Users/maxime_beauchemin/code/caravel/superset/assets/javascripts/components/VictoryTheme.js
FNF:0
FNH:0
DA:3,0
DA:4,0
DA:7,0
DA:19,0
DA:22,0
DA:23,0
DA:24,0
DA:27,0
DA:35,0
DA:45,0
DA:46,0
DA:49,0
LF:12
LH:0
BRF:0
BRH:0
end_of_record
TN:
SF:/Users/maxime_beauchemin/code/caravel/superset/assets/javascripts/dashboard/Dashboard.jsx
FN:18,getInitialState
FN:24,(anonymous_2)
FN:37,unload
FN:43,onBeforeUnload
FN:51,renderAlert
FN:64,initDashboardView
FN:77,(anonymous_7)
FN:80,(anonymous_8)
FN:89,(anonymous_9)
FN:94,(anonymous_10)
FN:105,dashboardContainer
FN:106,(anonymous_12)
FN:106,init
FN:111,(anonymous_14)
FN:115,(anonymous_15)
FN:117,(anonymous_16)
FN:106,onChange
FN:106,onSave
FN:106,loadPreSelectFilters
FN:106,setFilter
FN:106,done
FN:106,effectiveExtraFilters
FN:106,addFilter
FN:106,readFilters
FN:106,updateFilterParamsInUrl
FN:106,bindResizeToWindowResize
FN:222,(anonymous_37)
FN:224,(anonymous_38)
FN:225,(anonymous_39)
FN:106,stopPeriodicRender
FN:106,startPeriodicRender
FN:241,(anonymous_44)
FN:241,refreshAll
FN:242,(anonymous_46)
FN:244,(anonymous_47)
FN:253,(anonymous_48)
FN:253,fetchAndRender
FN:256,(anonymous_50)
FN:106,refreshExcept
FN:265,(anonymous_53)
FN:266,(anonymous_54)
FN:270,(anonymous_55)
FN:106,clearFilters
FN:106,removeFilter
FN:283,(anonymous_60)
FN:285,(anonymous_61)
FN:106,getSlice
FN:106,getAjaxErrorMsg
FN:106,addSlicesToDashboard
FN:317,(anonymous_68)
FN:317,success
FN:317,error
FN:339,(anonymous_72)
FNF:53
FNH:0
FNDA:0,getInitialState
FNDA:0,(anonymous_2)
FNDA:0,unload
FNDA:0,onBeforeUnload
FNDA:0,renderAlert
FNDA:0,initDashboardView
FNDA:0,(anonymous_7)
FNDA:0,(anonymous_8)
FNDA:0,(anonymous_9)
FNDA:0,(anonymous_10)
FNDA:0,dashboardContainer
FNDA:0,(anonymous_12)
FNDA:0,init
FNDA:0,(anonymous_14)
FNDA:0,(anonymous_15)
FNDA:0,(anonymous_16)
FNDA:0,onChange
FNDA:0,onSave
FNDA:0,loadPreSelectFilters
FNDA:0,setFilter
FNDA:0,done
FNDA:0,effectiveExtraFilters
FNDA:0,addFilter
FNDA:0,readFilters
FNDA:0,updateFilterParamsInUrl
FNDA:0,bindResizeToWindowResize
FNDA:0,(anonymous_37)
FNDA:0,(anonymous_38)
FNDA:0,(anonymous_39)
FNDA:0,stopPeriodicRender
FNDA:0,startPeriodicRender
FNDA:0,(anonymous_44)
FNDA:0,refreshAll
FNDA:0,(anonymous_46)
FNDA:0,(anonymous_47)
FNDA:0,(anonymous_48)
FNDA:0,fetchAndRender
FNDA:0,(anonymous_50)
FNDA:0,refreshExcept
FNDA:0,(anonymous_53)
FNDA:0,(anonymous_54)
FNDA:0,(anonymous_55)
FNDA:0,clearFilters
FNDA:0,removeFilter
FNDA:0,(anonymous_60)
FNDA:0,(anonymous_61)
FNDA:0,getSlice
FNDA:0,getAjaxErrorMsg
FNDA:0,addSlicesToDashboard
FNDA:0,(anonymous_68)
FNDA:0,success
FNDA:0,error
FNDA:0,(anonymous_72)
DA:1,0
DA:2,0
DA:3,0
DA:4,0
DA:5,0
DA:6,0
DA:9,0
DA:10,0
DA:11,0
DA:12,0
DA:14,0
DA:15,0
DA:16,0
DA:19,0
DA:20,0
DA:22,0
DA:23,0
DA:24,0
DA:25,0
DA:28,0
DA:29,0
DA:31,0
DA:34,0
DA:38,0
DA:39,0
DA:40,0
DA:44,0
DA:45,0
DA:47,0
DA:52,0
DA:65,0
DA:70,0
DA:76,0
DA:78,0
DA:81,0
DA:84,0
DA:86,0
DA:89,0
DA:90,0
DA:91,0
DA:93,0
DA:94,0
DA:95,0
DA:97,0
DA:98,0
DA:101,0
DA:102,0
DA:106,0
DA:109,0
DA:110,0
DA:111,0
DA:112,0
DA:113,0
DA:114,0
DA:115,0
DA:116,0
DA:117,0
DA:118,0
DA:120,0
DA:123,0
DA:124,0
DA:125,0
DA:128,0
DA:129,0
DA:132,0
DA:133,0
DA:136,0
DA:137,0
DA:138,0
DA:139,0
DA:140,0
DA:148,0
DA:151,0
DA:152,0
DA:153,0
DA:154,0
DA:161,0
DA:170,0
DA:171,0
DA:172,0
DA:174,0
DA:178,0
DA:179,0
DA:183,0
DA:185,0
DA:186,0
DA:187,0
DA:188,0
DA:192,0
DA:194,0
DA:195,0
DA:196,0
DA:198,0
DA:199,0
DA:201,0
DA:203,0
DA:204,0
DA:206,0
DA:210,0
DA:213,0
DA:214,0
DA:215,0
DA:216,0
DA:217,0
DA:220,0
DA:221,0
DA:222,0
DA:223,0
DA:224,0
DA:225,0
DA:226,0
DA:232,0
DA:233,0
DA:234,0
DA:238,0
DA:239,0
DA:240,0
DA:241,0
DA:242,0
DA:243,0
DA:244,0
DA:245,0
DA:250,0
DA:253,0
DA:254,0
DA:255,0
DA:256,0
DA:257,0
DA:261,0
DA:264,0
DA:265,0
DA:266,0
DA:267,0
DA:268,0
DA:269,0
DA:270,0
DA:271,0
DA:277,0
DA:278,0
DA:279,0
DA:281,0
DA:282,0
DA:283,0
DA:284,0
DA:285,0
DA:286,0
DA:287,0
DA:290,0
DA:293,0
DA:294,0
DA:297,0
DA:298,0
DA:299,0
DA:300,0
DA:302,0
DA:303,0
DA:304,0
DA:306,0
DA:308,0
DA:311,0
DA:312,0
DA:316,0
DA:317,0
DA:325,0
DA:328,0
DA:329,0
DA:339,0
DA:341,0
DA:342,0
DA:344,0
DA:345,0
DA:346,0
DA:347,0
LF:173
LH:0
BRDA:23,0,0,0
BRDA:23,0,1,0
BRDA:44,1,0,0
BRDA:44,1,1,0
BRDA:93,2,0,0
BRDA:93,2,1,0
BRDA:97,3,0,0
BRDA:97,3,1,0
BRDA:112,4,0,0
BRDA:112,4,1,0
BRDA:137,5,0,0
BRDA:137,5,1,0
BRDA:153,6,0,0
BRDA:153,6,1,0
BRDA:153,7,0,0
BRDA:153,7,1,0
BRDA:171,8,0,0
BRDA:171,8,1,0
BRDA:172,9,0,0
BRDA:172,9,1,0
BRDA:172,10,0,0
BRDA:172,10,1,0
BRDA:179,11,0,0
BRDA:179,11,1,0
BRDA:180,12,0,0
BRDA:180,12,1,0
BRDA:180,12,2,0
BRDA:187,13,0,0
BRDA:187,13,1,0
BRDA:194,14,0,0
BRDA:194,14,1,0
BRDA:194,15,0,0
BRDA:194,15,1,0
BRDA:194,16,0,0
BRDA:194,16,1,0
BRDA:194,17,0,0
BRDA:194,17,1,0
BRDA:195,18,0,0
BRDA:195,18,1,0
BRDA:198,19,0,0
BRDA:198,19,1,0
BRDA:198,20,0,0
BRDA:198,20,1,0
BRDA:203,21,0,0
BRDA:203,21,1,0
BRDA:214,22,0,0
BRDA:214,22,1,0
BRDA:232,23,0,0
BRDA:232,23,1,0
BRDA:255,24,0,0
BRDA:255,24,1,0
BRDA:264,25,0,0
BRDA:264,25,1,0
BRDA:266,26,0,0
BRDA:266,26,1,0
BRDA:266,27,0,0
BRDA:266,27,1,0
BRDA:282,28,0,0
BRDA:282,28,1,0
BRDA:283,29,0,0
BRDA:283,29,1,0
BRDA:286,30,0,0
BRDA:286,30,1,0
BRDA:302,31,0,0
BRDA:302,31,1,0
BRDA:312,32,0,0
BRDA:312,32,1,0
BRDA:312,33,0,0
BRDA:312,33,1,0
BRF:69
BRH:0
end_of_record
TN:
SF:/Users/maxime_beauchemin/code/caravel/superset/assets/javascripts/dashboard/components/CodeModal.jsx
FN:15,CodeModal
FNF:1
FNH:1
FNDA:1,CodeModal
DA:1,1
DA:3,1
DA:5,1
DA:11,1
DA:15,3
DA:17,1
DA:22,0
DA:23,0
DA:24,0
DA:26,0
DA:29,1
DA:46,1
DA:47,1
LF:13
LH:9
BRDA:15,0,0,1
BRDA:15,0,1,0
BRDA:23,1,0,0
BRDA:23,1,1,0
BRF:4
BRH:1
end_of_record
TN:
SF:/Users/maxime_beauchemin/code/caravel/superset/assets/javascripts/dashboard/components/Controls.jsx
FN:18,Controls
FN:26,(anonymous_11)
FN:31,(anonymous_14)
FN:32,(anonymous_15)
FN:65,(anonymous_20)
FN:65,onChange
FN:85,(anonymous_22)
FN:85,onClick
FN:100,(anonymous_24)
FN:100,onClick
FNF:10
FNH:0
FNDA:0,Controls
FNDA:0,(anonymous_11)
FNDA:0,(anonymous_14)
FNDA:0,(anonymous_15)
FNDA:0,(anonymous_20)
FNDA:0,onChange
FNDA:0,(anonymous_22)
FNDA:0,onClick
FNDA:0,(anonymous_24)
FNDA:0,onClick
DA:1,0
DA:3,0
DA:5,0
DA:6,0
DA:7,0
DA:8,0
DA:9,0
DA:10,0
DA:11,0
DA:13,0
DA:18,0
DA:20,0
DA:26,0
DA:27,0
DA:30,0
DA:31,0
DA:32,0
DA:37,0
DA:41,0
DA:42,0
DA:45,0
DA:46,0
DA:47,0
DA:48,0
DA:50,0
DA:65,0
DA:85,0
DA:86,0
DA:100,0
DA:108,0
LF:30
LH:0
BRDA:18,0,0,0
BRDA:18,0,1,0
BRF:2
BRH:0
end_of_record
TN:
SF:/Users/maxime_beauchemin/code/caravel/superset/assets/javascripts/dashboard/components/CssEditor.jsx
FN:20,(anonymous_7)
FN:20,onChange
FN:25,CssEditor
FNF:3
FNH:2
FNDA:1,(anonymous_7)
FNDA:0,onChange
FNDA:1,CssEditor
DA:1,1
DA:3,1
DA:4,1
DA:6,1
DA:7,1
DA:8,1
DA:11,1
DA:18,1
DA:20,1
DA:25,3
DA:27,1
DA:33,1
DA:36,0
DA:37,0
DA:40,1
DA:41,1
DA:42,1
DA:43,1
DA:45,1
DA:46,1
DA:47,1
DA:48,1
DA:49,1
DA:51,1
DA:52,0
DA:54,1
DA:58,0
DA:61,1
DA:62,1
DA:73,0
DA:76,1
DA:107,1
DA:108,1
LF:33
LH:28
BRDA:25,0,0,1
BRDA:25,0,1,0
BRDA:42,1,0,1
BRDA:42,1,1,0
BRDA:45,2,0,1
BRDA:45,2,1,0
BRDA:51,3,0,0
BRDA:51,3,1,1
BRDA:61,4,0,1
BRDA:61,4,1,0
BRF:10
BRH:5
end_of_record
TN:
SF:/Users/maxime_beauchemin/code/caravel/superset/assets/javascripts/dashboard/components/GridLayout.jsx
FN:18,(anonymous_11)
FN:49,(anonymous_14)
FN:62,(anonymous_19)
FN:65,(anonymous_20)
FN:73,(anonymous_23)
FN:96,(anonymous_26)
FNF:6
FNH:0
FNDA:0,(anonymous_11)
FNDA:0,(anonymous_14)
FNDA:0,(anonymous_19)
FNDA:0,(anonymous_20)
FNDA:0,(anonymous_23)
FNDA:0,(anonymous_26)
DA:1,0
DA:2,0
DA:3,0
DA:4,0
DA:6,0
DA:7,0
DA:8,0
DA:10,0
DA:15,0
DA:16,0
DA:18,0
DA:19,0
DA:20,0
DA:21,0
DA:22,0
DA:30,0
DA:40,0
DA:47,0
DA:48,0
DA:49,0
DA:51,0
DA:55,0
DA:56,0
DA:60,0
DA:61,0
DA:63,0
DA:66,0
DA:69,0
DA:73,0
DA:82,0
DA:83,0
DA:96,0
DA:115,0
LF:33
LH:0
BRDA:21,0,0,0
BRDA:21,0,1,0
BRDA:48,1,0,0
BRDA:48,1,1,0
BRDA:48,2,0,0
BRDA:48,2,1,0
BRF:6
BRH:0
end_of_record
TN:
SF:/Users/maxime_beauchemin/code/caravel/superset/assets/javascripts/dashboard/components/Header.jsx
FN:12,Header
FNF:1
FNH:0
FNDA:0,Header
DA:1,0
DA:3,0
DA:5,0
DA:8,0
DA:12,0
DA:14,0
DA:18,0
DA:19,0
DA:37,0
DA:38,0
LF:10
LH:0
BRDA:12,0,0,0
BRDA:12,0,1,0
BRDA:28,1,0,0
BRDA:28,1,1,0
BRF:4
BRH:0
end_of_record
TN:
SF:/Users/maxime_beauchemin/code/caravel/superset/assets/javascripts/dashboard/components/RefreshIntervalModal.jsx
FN:14,(anonymous_7)
FN:14,onChange
FN:23,(anonymous_9)
FN:26,RefreshIntervalModal
FN:44,(anonymous_14)
FN:44,onChange
FNF:6
FNH:4
FNDA:1,(anonymous_7)
FNDA:0,onChange
FNDA:5,(anonymous_9)
FNDA:1,RefreshIntervalModal
FNDA:1,(anonymous_14)
FNDA:0,onChange
DA:1,1
DA:3,1
DA:4,1
DA:6,1
DA:12,1
DA:14,1
DA:17,1
DA:23,5
DA:26,3
DA:28,1
DA:32,1
DA:33,1
DA:44,1
DA:45,0
DA:46,0
DA:55,1
DA:56,1
LF:17
LH:15
BRDA:26,0,0,1
BRDA:26,0,1,0
BRF:2
BRH:1
end_of_record
TN:
SF:/Users/maxime_beauchemin/code/caravel/superset/assets/javascripts/dashboard/components/SaveModal.jsx
FN:16,SaveModal
FN:43,(anonymous_15)
FN:43,success
FN:43,error
FN:74,(anonymous_21)
FN:108,(anonymous_24)
FN:108,ref
FN:140,(anonymous_26)
FN:140,onClick
FNF:9
FNH:0
FNDA:0,SaveModal
FNDA:0,(anonymous_15)
FNDA:0,success
FNDA:0,error
FNDA:0,(anonymous_21)
FNDA:0,(anonymous_24)
FNDA:0,ref
FNDA:0,(anonymous_26)
FNDA:0,onClick
DA:1,0
DA:3,0
DA:4,0
DA:5,0
DA:7,0
DA:9,0
DA:16,0
DA:18,0
DA:24,0
DA:25,0
DA:26,0
DA:27,0
DA:30,0
DA:35,0
DA:41,0
DA:42,0
DA:43,0
DA:50,0
DA:51,0
DA:52,0
DA:53,0
DA:55,0
DA:62,0
DA:63,0
DA:64,0
DA:72,0
DA:73,0
DA:74,0
DA:75,0
DA:76,0
DA:77,0
DA:78,0
DA:81,0
DA:82,0
DA:87,0
DA:88,0
DA:89,0
DA:90,0
DA:91,0
DA:92,0
DA:93,0
DA:94,0
DA:99,0
DA:100,0
DA:101,0
DA:105,0
DA:106,0
DA:108,0
DA:140,0
DA:150,0
LF:50
LH:0
BRDA:16,0,0,0
BRDA:16,0,1,0
BRDA:52,1,0,0
BRDA:52,1,1,0
BRDA:77,2,0,0
BRDA:77,2,1,0
BRDA:88,3,0,0
BRDA:88,3,1,0
BRDA:91,4,0,0
BRDA:91,4,1,0
BRDA:92,5,0,0
BRDA:92,5,1,0
BRF:12
BRH:0
end_of_record
TN:
SF:/Users/maxime_beauchemin/code/caravel/superset/assets/javascripts/dashboard/components/SliceAdder.jsx
FN:13,SliceAdder
FN:42,(anonymous_11)
FN:42,success
FN:44,(anonymous_13)
FN:57,(anonymous_14)
FN:57,error
FN:102,(anonymous_26)
FN:146,(anonymous_27)
FN:146,dataFormat
FNF:9
FNH:0
FNDA:0,SliceAdder
FNDA:0,(anonymous_11)
FNDA:0,success
FNDA:0,(anonymous_13)
FNDA:0,(anonymous_14)
FNDA:0,error
FNDA:0,(anonymous_26)
FNDA:0,(anonymous_27)
FNDA:0,dataFormat
DA:1,0
DA:2,0
DA:3,0
DA:4,0
DA:5,0
DA:7,0
DA:13,0
DA:15,0
DA:21,0
DA:27,0
DA:28,0
DA:30,0
DA:37,0
DA:38,0
DA:39,0
DA:42,0
DA:44,0
DA:51,0
DA:57,0
DA:58,0
DA:59,0
DA:67,0
DA:71,0
DA:75,0
DA:76,0
DA:77,0
DA:81,0
DA:82,0
DA:83,0
DA:84,0
DA:85,0
DA:87,0
DA:90,0
DA:91,0
DA:92,0
DA:93,0
DA:95,0
DA:99,0
DA:100,0
DA:101,0
DA:102,0
DA:103,0
DA:107,0
DA:146,0
DA:164,0
DA:177,0
LF:46
LH:0
BRDA:13,0,0,0
BRDA:13,0,1,0
BRDA:81,1,0,0
BRDA:81,1,1,0
BRDA:82,2,0,0
BRDA:82,2,1,0
BRDA:84,3,0,0
BRDA:84,3,1,0
BRDA:90,4,0,0
BRDA:90,4,1,0
BRDA:92,5,0,0
BRDA:92,5,1,0
BRDA:99,6,0,0
BRDA:99,6,1,0
BRDA:100,7,0,0
BRDA:100,7,1,0
BRDA:101,8,0,0
BRDA:101,8,1,0
BRDA:110,9,0,0
BRDA:110,9,1,0
BRDA:111,10,0,0
BRDA:111,10,1,0
BRDA:113,11,0,0
BRDA:113,11,1,0
BRDA:116,12,0,0
BRDA:116,12,1,0
BRF:26
BRH:0
end_of_record
TN:
SF:/Users/maxime_beauchemin/code/caravel/superset/assets/javascripts/dashboard/components/SliceCell.jsx
FN:9,SliceCell
FN:51,(anonymous_2)
FN:51,onClick
FNF:3
FNH:2
FNDA:1,SliceCell
FNDA:1,(anonymous_2)
FNDA:0,onClick
DA:1,1
DA:3,1
DA:9,3
DA:10,1
DA:51,1
DA:83,1
LF:6
LH:6
BRDA:25,0,0,1
BRDA:25,0,1,0
BRDA:62,1,0,0
BRDA:62,1,1,1
BRDA:61,2,0,1
BRDA:61,2,1,1
BRF:6
BRH:4
end_of_record
TN:
SF:/Users/maxime_beauchemin/code/caravel/superset/assets/javascripts/explore/explore.jsx
FN:28,(anonymous_1)
FN:28,getPanelClass
FN:32,prepForm
FN:34,(anonymous_4)
FN:34,fixId
FN:35,(anonymous_6)
FN:39,(anonymous_7)
FN:42,(anonymous_8)
FN:45,(anonymous_9)
FN:51,(anonymous_10)
FN:53,(anonymous_11)
FN:60,query
FN:80,saveSlice
FN:112,initExploreView
FN:113,getCollapsedFieldsets
FN:124,toggleFieldset
FN:164,(anonymous_17)
FN:168,(anonymous_18)
FN:176,formatViz
FN:203,addFilter
FN:213,(anonymous_21)
FN:221,setFilters
FN:222,(anonymous_23)
FN:233,(anonymous_24)
FN:241,(anonymous_25)
FN:244,(anonymous_26)
FN:248,createChoices
FN:249,(anonymous_28)
FN:261,initSelectionToValue
FN:268,(anonymous_30)
FN:296,prepSaveDialog
FN:297,(anonymous_32)
FN:297,setButtonsState
FN:306,(anonymous_34)
FN:314,(anonymous_35)
FN:321,(anonymous_36)
FN:325,(anonymous_37)
FN:330,(anonymous_38)
FN:332,(anonymous_39)
FN:340,renderExploreActions
FN:351,initComponents
FN:356,(anonymous_42)
FN:356,onQuery
FN:365,(anonymous_44)
FN:365,done
FN:380,(anonymous_46)
FN:380,error
FN:388,(anonymous_48)
FNF:48
FNH:0
FNDA:0,(anonymous_1)
FNDA:0,getPanelClass
FNDA:0,prepForm
FNDA:0,(anonymous_4)
FNDA:0,fixId
FNDA:0,(anonymous_6)
FNDA:0,(anonymous_7)
FNDA:0,(anonymous_8)
FNDA:0,(anonymous_9)
FNDA:0,(anonymous_10)
FNDA:0,(anonymous_11)
FNDA:0,query
FNDA:0,saveSlice
FNDA:0,initExploreView
FNDA:0,getCollapsedFieldsets
FNDA:0,toggleFieldset
FNDA:0,(anonymous_17)
FNDA:0,(anonymous_18)
FNDA:0,formatViz
FNDA:0,addFilter
FNDA:0,(anonymous_21)
FNDA:0,setFilters
FNDA:0,(anonymous_23)
FNDA:0,(anonymous_24)
FNDA:0,(anonymous_25)
FNDA:0,(anonymous_26)
FNDA:0,createChoices
FNDA:0,(anonymous_28)
FNDA:0,initSelectionToValue
FNDA:0,(anonymous_30)
FNDA:0,prepSaveDialog
FNDA:0,(anonymous_32)
FNDA:0,setButtonsState
FNDA:0,(anonymous_34)
FNDA:0,(anonymous_35)
FNDA:0,(anonymous_36)
FNDA:0,(anonymous_37)
FNDA:0,(anonymous_38)
FNDA:0,(anonymous_39)
FNDA:0,renderExploreActions
FNDA:0,initComponents
FNDA:0,(anonymous_42)
FNDA:0,onQuery
FNDA:0,(anonymous_44)
FNDA:0,done
FNDA:0,(anonymous_46)
FNDA:0,error
FNDA:0,(anonymous_48)
DA:6,0
DA:7,0
DA:8,0
DA:9,0
DA:11,0
DA:12,0
DA:13,0
DA:14,0
DA:16,0
DA:18,0
DA:20,0
DA:23,0
DA:24,0
DA:26,0
DA:28,0
DA:29,0
DA:34,0
DA:35,0
DA:36,0
DA:39,0
DA:40,0
DA:41,0
DA:43,0
DA:46,0
DA:51,0
DA:52,0
DA:53,0
DA:54,0
DA:55,0
DA:61,0
DA:62,0
DA:63,0
DA:65,0
DA:66,0
DA:67,0
DA:69,0
DA:70,0
DA:72,0
DA:74,0
DA:76,0
DA:77,0
DA:81,0
DA:82,0
DA:83,0
DA:84,0
DA:85,0
DA:89,0
DA:91,0
DA:93,0
DA:94,0
DA:95,0
DA:99,0
DA:100,0
DA:101,0
DA:105,0
DA:107,0
DA:108,0
DA:109,0
DA:114,0
DA:116,0
DA:117,0
DA:119,0
DA:121,0
DA:125,0
DA:126,0
DA:127,0
DA:128,0
DA:130,0
DA:131,0
DA:132,0
DA:134,0
DA:136,0
DA:137,0
DA:140,0
DA:141,0
DA:142,0
DA:145,0
DA:146,0
DA:148,0
DA:151,0
DA:152,0
DA:153,0
DA:154,0
DA:155,0
DA:159,0
DA:162,0
DA:164,0
DA:165,0
DA:168,0
DA:169,0
DA:172,0
DA:173,0
DA:174,0
DA:177,0
DA:178,0
DA:179,0
DA:185,0
DA:188,0
DA:191,0
DA:196,0
DA:199,0
DA:200,0
DA:201,0
DA:204,0
DA:205,0
DA:206,0
DA:207,0
DA:208,0
DA:209,0
DA:210,0
DA:212,0
DA:213,0
DA:214,0
DA:222,0
DA:223,0
DA:224,0
DA:225,0
DA:226,0
DA:231,0
DA:233,0
DA:235,0
DA:238,0
DA:241,0
DA:242,0
DA:244,0
DA:245,0
DA:249,0
DA:250,0
DA:252,0
DA:253,0
DA:258,0
DA:262,0
DA:268,0
DA:269,0
DA:270,0
DA:271,0
DA:272,0
DA:273,0
DA:274,0
DA:278,0
DA:279,0
DA:282,0
DA:286,0
DA:293,0
DA:297,0
DA:298,0
DA:299,0
DA:300,0
DA:302,0
DA:305,0
DA:306,0
DA:307,0
DA:308,0
DA:309,0
DA:311,0
DA:315,0
DA:316,0
DA:320,0
DA:321,0
DA:322,0
DA:323,0
DA:325,0
DA:326,0
DA:327,0
DA:330,0
DA:332,0
DA:333,0
DA:334,0
DA:337,0
DA:341,0
DA:342,0
DA:352,0
DA:353,0
DA:356,0
DA:360,0
DA:363,0
DA:365,0
DA:366,0
DA:367,0
DA:368,0
DA:369,0
DA:370,0
DA:377,0
DA:380,0
DA:381,0
DA:382,0
DA:385,0
DA:388,0
DA:389,0
DA:391,0
DA:393,0
DA:397,0
DA:399,0
DA:401,0
LF:194
LH:0
BRDA:29,0,0,0
BRDA:29,0,1,0
BRDA:62,1,0,0
BRDA:62,1,1,0
BRDA:66,2,0,0
BRDA:66,2,1,0
BRDA:72,3,0,0
BRDA:72,3,1,0
BRDA:82,4,0,0
BRDA:82,4,1,0
BRDA:84,5,0,0
BRDA:84,5,1,0
BRDA:94,6,0,0
BRDA:94,6,1,0
BRDA:94,7,0,0
BRDA:94,7,1,0
BRDA:100,8,0,0
BRDA:100,8,1,0
BRDA:100,9,0,0
BRDA:100,9,1,0
BRDA:116,10,0,0
BRDA:116,10,1,0
BRDA:116,11,0,0
BRDA:116,11,1,0
BRDA:130,12,0,0
BRDA:130,12,1,0
BRDA:131,13,0,0
BRDA:131,13,1,0
BRDA:141,14,0,0
BRDA:141,14,1,0
BRDA:145,15,0,0
BRDA:145,15,1,0
BRDA:154,16,0,0
BRDA:154,16,1,0
BRDA:154,17,0,0
BRDA:154,17,1,0
BRDA:154,17,2,0
BRDA:207,18,0,0
BRDA:207,18,1,0
BRDA:225,19,0,0
BRDA:225,19,1,0
BRDA:235,20,0,0
BRDA:235,20,1,0
BRDA:252,21,0,0
BRDA:252,21,1,0
BRDA:278,22,0,0
BRDA:278,22,1,0
BRDA:299,23,0,0
BRDA:299,23,1,0
BRDA:299,24,0,0
BRDA:299,24,1,0
BRDA:369,25,0,0
BRDA:369,25,1,0
BRDA:369,26,0,0
BRDA:369,26,1,0
BRF:55
BRH:0
end_of_record
TN:
SF:/Users/maxime_beauchemin/code/caravel/superset/assets/javascripts/explore/components/DisplayQueryButton.jsx
FN:12,DisplayQueryButton
FNF:1
FNH:0
FNDA:0,DisplayQueryButton
DA:1,1
DA:2,1
DA:4,1
DA:8,1
DA:12,0
DA:13,0
DA:14,0
DA:24,1
DA:25,1
LF:9
LH:6
BRF:0
BRH:0
end_of_record
TN:
SF:/Users/maxime_beauchemin/code/caravel/superset/assets/javascripts/explore/components/EmbedCodeButton.jsx
FN:10,EmbedCodeButton
FNF:1
FNH:1
FNDA:2,EmbedCodeButton
DA:1,1
DA:2,1
DA:3,1
DA:5,1
DA:10,6
DA:12,2
DA:16,2
DA:20,0
DA:21,0
DA:22,0
DA:23,0
DA:24,0
DA:29,4
DA:33,4
DA:47,3
DA:48,3
DA:107,3
DA:122,1
LF:18
LH:13
BRDA:10,0,0,2
BRDA:10,0,1,0
BRF:2
BRH:1
end_of_record
TN:
SF:/Users/maxime_beauchemin/code/caravel/superset/assets/javascripts/explore/components/ExploreActionButtons.jsx
FN:13,ExploreActionButtons
FNF:1
FNH:1
FNDA:1,ExploreActionButtons
DA:1,1
DA:2,1
DA:3,1
DA:4,1
DA:5,1
DA:7,1
DA:13,3
DA:14,1
DA:17,1
DA:46,1
LF:10
LH:10
BRF:0
BRH:0
end_of_record
TN:
SF:/Users/maxime_beauchemin/code/caravel/superset/assets/javascripts/explore/components/QueryAndSaveBtns.jsx
FN:15,(anonymous_1)
FN:15,onSave
FN:19,QueryAndSaveBtns
FNF:3
FNH:2
FNDA:1,(anonymous_1)
FNDA:0,onSave
FNDA:3,QueryAndSaveBtns
DA:1,1
DA:2,1
DA:3,1
DA:4,1
DA:6,1
DA:14,1
DA:15,1
DA:19,15
DA:20,3
DA:23,3
DA:24,3
DA:26,3
DA:65,1
DA:66,1
LF:14
LH:14
BRDA:23,0,0,0
BRDA:23,0,1,3
BRDA:24,1,0,0
BRDA:24,1,1,3
BRDA:47,2,0,3
BRDA:47,2,1,0
BRF:6
BRH:3
end_of_record
TN:
SF:/Users/maxime_beauchemin/code/caravel/superset/assets/javascripts/explore/components/URLShortLinkButton.jsx
FN:11,URLShortLinkButton
FNF:1
FNH:0
FNDA:0,URLShortLinkButton
DA:1,1
DA:2,1
DA:3,1
DA:4,1
DA:6,1
DA:11,0
DA:13,0
DA:19,0
DA:25,0
DA:26,0
DA:30,0
DA:31,0
DA:46,0
DA:62,1
LF:14
LH:6
BRDA:11,0,0,0
BRDA:11,0,1,0
BRF:2
BRH:0
end_of_record
TN:
SF:/Users/maxime_beauchemin/code/caravel/superset/assets/javascripts/explorev2/exploreUtils.js
FN:3,formatFilters
FN:16,getParamObject
FN:24,(anonymous_2)
FN:36,getExploreUrl
FNF:4
FNH:0
FNDA:0,formatFilters
FNDA:0,getParamObject
FNDA:0,(anonymous_2)
FNDA:0,getExploreUrl
DA:2,1
DA:6,0
DA:7,0
DA:8,0
DA:9,0
DA:10,0
DA:11,0
DA:13,0
DA:17,0
DA:24,0
DA:26,0
DA:28,0
DA:31,0
DA:32,0
DA:33,0
DA:36,0
DA:37,0
DA:38,0
DA:40,0
DA:42,0
DA:44,0
DA:46,0
DA:48,0
DA:50,0
LF:24
LH:1
BRDA:26,0,0,0
BRDA:26,0,1,0
BRDA:26,1,0,0
BRDA:26,1,1,0
BRDA:26,1,2,0
BRDA:26,1,3,0
BRDA:27,2,0,0
BRDA:27,2,1,0
BRDA:36,3,0,0
BRDA:36,3,1,0
BRDA:36,4,0,0
BRDA:36,4,1,0
BRDA:41,5,0,0
BRDA:41,5,1,0
BRDA:41,5,2,0
BRDA:41,5,3,0
BRDA:41,5,4,0
BRF:17
BRH:0
end_of_record
TN:
SF:/Users/maxime_beauchemin/code/caravel/superset/assets/javascripts/explorev2/index.jsx
FN:41,parseFilters
FN:60,getFilters
FNF:2
FNH:0
FNDA:0,parseFilters
FNDA:0,getFilters
DA:2,0
DA:3,0
DA:4,0
DA:5,0
DA:6,0
DA:7,0
DA:8,0
DA:9,0
DA:12,0
DA:13,0
DA:14,0
DA:15,0
DA:17,0
DA:19,0
DA:20,0
DA:22,0
DA:24,0
DA:38,0
DA:39,0
DA:41,0
DA:42,0
DA:43,0
DA:44,0
DA:45,0
DA:53,0
DA:54,0
DA:55,0
DA:57,0
DA:61,0
DA:62,0
DA:64,0
DA:67,0
DA:70,0
DA:74,0
LF:34
LH:0
BRDA:41,0,0,0
BRDA:41,0,1,0
BRDA:41,1,0,0
BRDA:41,1,1,0
BRDA:44,2,0,0
BRDA:44,2,1,0
BRDA:44,3,0,0
BRDA:44,3,1,0
BRDA:61,4,0,0
BRDA:61,4,1,0
BRF:10
BRH:0
end_of_record
TN:
SF:/Users/maxime_beauchemin/code/caravel/superset/assets/javascripts/explorev2/validators.js
FN:8,numeric
FN:15,integer
FN:22,nonEmpty
FNF:3
FNH:0
FNDA:0,numeric
FNDA:0,integer
FNDA:0,nonEmpty
DA:9,0
DA:10,0
DA:12,0
DA:16,0
DA:17,0
DA:19,0
DA:23,0
DA:29,0
DA:31,0
LF:9
LH:0
BRDA:9,0,0,0
BRDA:9,0,1,0
BRDA:9,1,0,0
BRDA:9,1,1,0
BRDA:16,2,0,0
BRDA:16,2,1,0
BRDA:16,3,0,0
BRDA:16,3,1,0
BRDA:16,3,2,0
BRDA:23,4,0,0
BRDA:23,4,1,0
BRDA:24,5,0,0
BRDA:24,5,1,0
BRDA:24,5,2,0
BRDA:24,5,3,0
BRDA:24,5,4,0
BRF:16
BRH:0
end_of_record
TN:
SF:/Users/maxime_beauchemin/code/caravel/superset/assets/javascripts/explorev2/actions/exploreActions.js
FN:6,setDatasourceType
FN:11,setDatasource
FN:16,fetchStarted
FN:21,fetchSucceeded
FN:26,fetchFailed
FN:30,fetchDatasourceMetadata
FN:31,(anonymous_6)
FN:40,(anonymous_7)
FN:40,success
FN:37,(anonymous_9)
FN:37,error
FN:55,toggleFaveStar
FN:60,fetchFaveStar
FN:61,(anonymous_13)
FN:63,(anonymous_14)
FN:72,saveFaveStar
FN:73,(anonymous_16)
FN:82,addFilter
FN:87,removeFilter
FN:92,changeFilter
FN:96,fetchFilterValues
FN:97,(anonymous_21)
FN:101,(anonymous_22)
FN:101,success
FN:105,(anonymous_24)
FN:98,(anonymous_25)
FN:98,error
FN:117,setFieldValue
FN:122,chartUpdateStarted
FN:127,chartUpdateSucceeded
FN:132,chartUpdateFailed
FN:137,updateExploreEndpoints
FN:142,removeControlPanelAlert
FN:147,removeChartAlert
FN:152,fetchDashboardsSucceeded
FN:157,fetchDashboardsFailed
FN:161,fetchDashboards
FN:162,(anonymous_37)
FN:164,(anonymous_38)
FN:179,saveSliceFailed
FN:184,removeSaveModalAlert
FN:188,saveSlice
FN:189,(anonymous_42)
FN:190,(anonymous_43)
FN:202,updateChartStatus
FNF:45
FNH:2
FNDA:0,setDatasourceType
FNDA:0,setDatasource
FNDA:0,fetchStarted
FNDA:0,fetchSucceeded
FNDA:0,fetchFailed
FNDA:0,fetchDatasourceMetadata
FNDA:0,(anonymous_6)
FNDA:0,(anonymous_7)
FNDA:0,success
FNDA:0,(anonymous_9)
FNDA:0,error
FNDA:0,toggleFaveStar
FNDA:0,fetchFaveStar
FNDA:0,(anonymous_13)
FNDA:0,(anonymous_14)
FNDA:0,saveFaveStar
FNDA:0,(anonymous_16)
FNDA:1,addFilter
FNDA:0,removeFilter
FNDA:0,changeFilter
FNDA:0,fetchFilterValues
FNDA:0,(anonymous_21)
FNDA:0,(anonymous_22)
FNDA:0,success
FNDA:0,(anonymous_24)
FNDA:0,(anonymous_25)
FNDA:0,error
FNDA:2,setFieldValue
FNDA:0,chartUpdateStarted
FNDA:0,chartUpdateSucceeded
FNDA:0,chartUpdateFailed
FNDA:0,updateExploreEndpoints
FNDA:0,removeControlPanelAlert
FNDA:0,removeChartAlert
FNDA:0,fetchDashboardsSucceeded
FNDA:0,fetchDashboardsFailed
FNDA:0,fetchDashboards
FNDA:0,(anonymous_37)
FNDA:0,(anonymous_38)
FNDA:0,saveSliceFailed
FNDA:0,removeSaveModalAlert
FNDA:0,saveSlice
FNDA:0,(anonymous_42)
FNDA:0,(anonymous_43)
FNDA:0,updateChartStatus
DA:2,1
DA:3,1
DA:5,1
DA:7,0
DA:10,1
DA:12,0
DA:15,1
DA:17,0
DA:20,1
DA:22,0
DA:25,1
DA:27,0
DA:31,0
DA:32,0
DA:34,0
DA:35,0
DA:36,0
DA:37,0
DA:40,0
DA:41,0
DA:42,0
DA:45,0
DA:49,0
DA:54,1
DA:56,0
DA:59,1
DA:61,0
DA:62,0
DA:63,0
DA:64,0
DA:65,0
DA:71,1
DA:73,0
DA:74,0
DA:75,0
DA:76,0
DA:77,0
DA:81,1
DA:83,1
DA:86,1
DA:88,0
DA:91,1
DA:93,0
DA:97,0
DA:98,0
DA:101,0
DA:102,0
DA:105,0
DA:110,0
DA:116,1
DA:118,2
DA:121,1
DA:123,0
DA:126,1
DA:128,0
DA:131,1
DA:133,0
DA:136,1
DA:138,0
DA:141,1
DA:143,0
DA:146,1
DA:148,0
DA:151,1
DA:153,0
DA:156,1
DA:158,0
DA:162,0
DA:163,0
DA:164,0
DA:165,0
DA:166,0
DA:167,0
DA:168,0
DA:170,0
DA:172,0
DA:178,1
DA:180,0
DA:183,1
DA:185,0
DA:189,0
DA:190,0
DA:191,0
DA:193,0
DA:195,0
DA:201,1
DA:203,0
LF:87
LH:27
BRDA:34,0,0,0
BRDA:34,0,1,0
BRDA:64,1,0,0
BRDA:64,1,1,0
BRDA:74,2,0,0
BRDA:74,2,1,0
BRDA:165,3,0,0
BRDA:165,3,1,0
BRDA:191,4,0,0
BRDA:191,4,1,0
BRF:10
BRH:0
end_of_record
TN:
SF:/Users/maxime_beauchemin/code/caravel/superset/assets/javascripts/explorev2/components/ChartContainer.jsx
FN:41,ChartContainer
FN:93,(anonymous_19)
FN:93,jsonEndpoint
FN:96,(anonymous_21)
FN:96,html
FN:101,(anonymous_23)
FN:101,css
FN:107,(anonymous_25)
FN:107,height
FN:109,(anonymous_27)
FN:109,show
FN:111,(anonymous_29)
FN:111,get
FN:113,(anonymous_31)
FN:113,find
FN:117,(anonymous_33)
FN:117,width
FN:119,(anonymous_35)
FN:119,height
FN:123,(anonymous_37)
FN:123,setFilter
FN:128,(anonymous_39)
FN:128,getFilters
FN:133,(anonymous_41)
FN:133,done
FN:139,(anonymous_43)
FN:139,clearError
FN:82,(anonymous_45)
FN:82,error
FN:154,(anonymous_47)
FN:154,d3format
FN:202,(anonymous_55)
FN:202,ref
FN:272,mapStateToProps
FN:294,(anonymous_60)
FNF:35
FNH:0
FNDA:0,ChartContainer
FNDA:0,(anonymous_19)
FNDA:0,jsonEndpoint
FNDA:0,(anonymous_21)
FNDA:0,html
FNDA:0,(anonymous_23)
FNDA:0,css
FNDA:0,(anonymous_25)
FNDA:0,height
FNDA:0,(anonymous_27)
FNDA:0,show
FNDA:0,(anonymous_29)
FNDA:0,get
FNDA:0,(anonymous_31)
FNDA:0,find
FNDA:0,(anonymous_33)
FNDA:0,width
FNDA:0,(anonymous_35)
FNDA:0,height
FNDA:0,(anonymous_37)
FNDA:0,setFilter
FNDA:0,(anonymous_39)
FNDA:0,getFilters
FNDA:0,(anonymous_41)
FNDA:0,done
FNDA:0,(anonymous_43)
FNDA:0,clearError
FNDA:0,(anonymous_45)
FNDA:0,error
FNDA:0,(anonymous_47)
FNDA:0,d3format
FNDA:0,(anonymous_55)
FNDA:0,ref
FNDA:0,mapStateToProps
FNDA:0,(anonymous_60)
DA:1,0
DA:2,0
DA:3,0
DA:4,0
DA:5,0
DA:6,0
DA:7,0
DA:8,0
DA:9,0
DA:10,0
DA:12,0
DA:18,0
DA:41,0
DA:43,0
DA:51,0
DA:52,0
DA:59,0
DA:63,0
DA:64,0
DA:65,0
DA:73,0
DA:74,0
DA:76,0
DA:77,0
DA:81,0
DA:82,0
DA:93,0
DA:96,0
DA:98,0
DA:101,0
DA:105,0
DA:107,0
DA:109,0
DA:111,0
DA:113,0
DA:117,0
DA:119,0
DA:123,0
DA:128,0
DA:133,0
DA:136,0
DA:139,0
DA:145,0
DA:146,0
DA:147,0
DA:151,0
DA:154,0
DA:156,0
DA:157,0
DA:163,0
DA:167,0
DA:168,0
DA:169,0
DA:171,0
DA:173,0
DA:176,0
DA:177,0
DA:178,0
DA:189,0
DA:190,0
DA:202,0
DA:213,0
DA:270,0
DA:273,0
DA:294,0
LF:65
LH:0
BRDA:41,0,0,0
BRDA:41,0,1,0
BRDA:63,1,0,0
BRDA:63,1,1,0
BRDA:73,2,0,0
BRDA:73,2,1,0
BRDA:76,3,0,0
BRDA:76,3,1,0
BRDA:168,4,0,0
BRDA:168,4,1,0
BRDA:177,5,0,0
BRDA:177,5,1,0
BRDA:192,6,0,0
BRDA:192,6,1,0
BRDA:205,7,0,0
BRDA:205,7,1,0
BRDA:224,8,0,0
BRDA:224,8,1,0
BRF:18
BRH:0
end_of_record
TN:
SF:/Users/maxime_beauchemin/code/caravel/superset/assets/javascripts/explorev2/components/CheckboxField.jsx
FN:14,(anonymous_7)
FN:14,onChange
FNF:2
FNH:1
FNDA:1,(anonymous_7)
FNDA:0,onChange
DA:1,1
DA:2,1
DA:4,1
DA:12,1
DA:14,1
DA:19,1
DA:22,2
DA:31,1
DA:32,1
LF:9
LH:9
BRF:0
BRH:0
end_of_record
TN:
SF:/Users/maxime_beauchemin/code/caravel/superset/assets/javascripts/explorev2/components/ControlHeader.jsx
FN:16,ControlHeader
FNF:1
FNH:0
FNDA:0,ControlHeader
DA:1,1
DA:2,1
DA:3,1
DA:5,1
DA:11,1
DA:16,0
DA:17,0
DA:18,0
DA:47,1
DA:48,1
LF:10
LH:7
BRDA:21,0,0,0
BRDA:21,0,1,0
BRDA:25,1,0,0
BRDA:25,1,1,0
BRDA:40,2,0,0
BRDA:40,2,1,0
BRF:6
BRH:0
end_of_record
TN:
SF:/Users/maxime_beauchemin/code/caravel/superset/assets/javascripts/explorev2/components/ControlPanelSection.jsx
FNF:0
FNH:0
DA:1,1
DA:2,1
DA:3,1
DA:5,1
DA:12,1
DA:19,0
DA:20,0
DA:21,0
DA:22,0
DA:23,0
DA:30,0
DA:34,0
DA:45,1
DA:46,1
LF:14
LH:7
BRDA:22,0,0,0
BRDA:22,0,1,0
BRDA:26,1,0,0
BRDA:26,1,1,0
BRF:4
BRH:0
end_of_record
TN:
SF:/Users/maxime_beauchemin/code/caravel/superset/assets/javascripts/explorev2/components/ControlPanelsContainer.jsx
FN:25,ControlPanelsContainer
FN:87,(anonymous_27)
FN:93,(anonymous_28)
FN:96,(anonymous_29)
FN:110,(anonymous_30)
FN:133,mapStateToProps
FN:142,mapDispatchToProps
FNF:7
FNH:5
FNDA:1,ControlPanelsContainer
FNDA:6,(anonymous_27)
FNDA:12,(anonymous_28)
FNDA:17,(anonymous_29)
FNDA:2,(anonymous_30)
FNDA:0,mapStateToProps
FNDA:0,mapDispatchToProps
DA:2,1
DA:3,1
DA:4,1
DA:5,1
DA:6,1
DA:7,1
DA:8,1
DA:9,1
DA:10,1
DA:11,1
DA:13,1
DA:25,3
DA:27,1
DA:28,1
DA:29,1
DA:32,1
DA:33,1
DA:34,1
DA:35,0
DA:39,0
DA:40,0
DA:41,0
DA:47,17
DA:48,17
DA:49,17
DA:50,0
DA:51,0
DA:53,17
DA:54,5
DA:56,17
DA:59,1
DA:62,1
DA:64,1
DA:67,17
DA:68,17
DA:71,0
DA:73,1
DA:74,1
DA:87,6
DA:93,12
DA:96,17
DA:110,2
DA:131,1
DA:134,0
DA:143,0
LF:45
LH:36
BRDA:25,0,0,1
BRDA:25,0,1,0
BRDA:34,1,0,0
BRDA:34,1,1,1
BRDA:39,2,0,0
BRDA:39,2,1,0
BRDA:40,3,0,0
BRDA:40,3,1,0
BRDA:48,4,0,17
BRDA:48,4,1,0
BRDA:49,5,0,0
BRDA:49,5,1,17
BRDA:53,6,0,5
BRDA:53,6,1,12
BRDA:63,7,0,0
BRDA:63,7,1,1
BRDA:68,8,0,17
BRDA:68,8,1,17
BRDA:77,9,0,1
BRDA:77,9,1,0
BRDA:87,10,0,1
BRDA:87,10,1,1
BRF:22
BRH:12
end_of_record
TN:
SF:/Users/maxime_beauchemin/code/caravel/superset/assets/javascripts/explorev2/components/ExploreViewContainer.jsx
FN:23,ExploreViewContainer
FN:36,(anonymous_14)
FN:68,(anonymous_23)
FN:148,mapStateToProps
FN:157,mapDispatchToProps
FNF:5
FNH:0
FNDA:0,ExploreViewContainer
FNDA:0,(anonymous_14)
FNDA:0,(anonymous_23)
FNDA:0,mapStateToProps
FNDA:0,mapDispatchToProps
DA:2,0
DA:3,0
DA:4,0
DA:5,0
DA:6,0
DA:7,0
DA:8,0
DA:9,0
DA:10,0
DA:11,0
DA:13,0
DA:23,0
DA:25,0
DA:32,0
DA:35,0
DA:36,0
DA:40,0
DA:41,0
DA:46,0
DA:50,0
DA:51,0
DA:57,0
DA:58,0
DA:62,0
DA:63,0
DA:66,0
DA:67,0
DA:68,0
DA:69,0
DA:74,0
DA:78,0
DA:79,0
DA:80,0
DA:81,0
DA:82,0
DA:90,0
DA:91,0
DA:92,0
DA:96,0
DA:100,0
DA:146,0
DA:149,0
DA:158,0
LF:43
LH:0
BRDA:23,0,0,0
BRDA:23,0,1,0
BRDA:37,1,0,0
BRDA:37,1,1,0
BRDA:40,2,0,0
BRDA:40,2,1,0
BRDA:81,3,0,0
BRDA:81,3,1,0
BRDA:81,4,0,0
BRDA:81,4,1,0
BRDA:91,5,0,0
BRDA:91,5,1,0
BRDA:109,6,0,0
BRDA:109,6,1,0
BRF:14
BRH:0
end_of_record
TN:
SF:/Users/maxime_beauchemin/code/caravel/superset/assets/javascripts/explorev2/components/FieldSet.jsx
FN:40,FieldSet
FN:56,(anonymous_14)
FNF:2
FNH:0
FNDA:0,FieldSet
FNDA:0,(anonymous_14)
DA:1,1
DA:2,1
DA:3,1
DA:4,1
DA:5,1
DA:7,1
DA:9,1
DA:15,1
DA:17,1
DA:34,1
DA:40,0
DA:42,0
DA:43,0
DA:46,0
DA:47,0
DA:48,0
DA:50,0
DA:53,0
DA:54,0
DA:55,0
DA:56,0
DA:57,0
DA:58,0
DA:59,0
DA:63,0
DA:66,0
DA:67,0
DA:83,1
DA:84,1
LF:29
LH:12
BRDA:40,0,0,0
BRDA:40,0,1,0
BRDA:47,1,0,0
BRDA:47,1,1,0
BRDA:47,2,0,0
BRDA:47,2,1,0
BRDA:55,3,0,0
BRDA:55,3,1,0
BRDA:55,4,0,0
BRDA:55,4,1,0
BRDA:58,5,0,0
BRDA:58,5,1,0
BRF:12
BRH:0
end_of_record
TN:
SF:/Users/maxime_beauchemin/code/caravel/superset/assets/javascripts/explorev2/components/FieldSetRow.jsx
FN:9,FieldSetRow
FN:13,(anonymous_2)
FNF:2
FNH:2
FNDA:2,FieldSetRow
FNDA:3,(anonymous_2)
DA:1,1
DA:3,1
DA:5,1
DA:10,2
DA:11,2
DA:13,3
DA:22,1
LF:7
LH:7
BRF:0
BRH:0
end_of_record
TN:
SF:/Users/maxime_beauchemin/code/caravel/superset/assets/javascripts/explorev2/components/Filter.jsx
FN:22,Filter
FN:92,(anonymous_25)
FN:104,(anonymous_26)
FNF:3
FNH:3
FNDA:2,Filter
FNDA:2,(anonymous_25)
FNDA:4,(anonymous_26)
DA:1,1
DA:2,1
DA:3,1
DA:4,1
DA:6,1
DA:16,1
DA:22,6
DA:24,2
DA:26,2
DA:31,2
DA:32,2
DA:40,0
DA:41,0
DA:42,0
DA:43,0
DA:48,0
DA:49,0
DA:52,0
DA:55,0
DA:58,0
DA:61,2
DA:62,0
DA:73,2
DA:84,2
DA:92,2
DA:104,4
DA:127,1
DA:128,1
LF:28
LH:18
BRDA:22,0,0,2
BRDA:22,0,1,0
BRDA:25,1,0,2
BRDA:25,1,1,0
BRDA:31,2,0,2
BRDA:31,2,1,0
BRDA:40,3,0,0
BRDA:40,3,1,0
BRDA:42,4,0,0
BRDA:42,4,1,0
BRDA:48,5,0,0
BRDA:48,5,1,0
BRDA:61,6,0,0
BRDA:61,6,1,2
BRDA:68,7,0,0
BRDA:68,7,1,0
BRF:16
BRH:4
end_of_record
TN:
SF:/Users/maxime_beauchemin/code/caravel/superset/assets/javascripts/explorev2/components/Filters.jsx
FN:37,(anonymous_13)
FN:77,mapStateToProps
FN:87,(anonymous_15)
FNF:3
FNH:1
FNDA:2,(anonymous_13)
FNDA:0,mapStateToProps
FNDA:0,(anonymous_15)
DA:1,1
DA:3,1
DA:4,1
DA:5,1
DA:6,1
DA:8,1
DA:18,1
DA:26,0
DA:34,2
DA:35,2
DA:36,2
DA:37,2
DA:39,2
DA:40,2
DA:41,2
DA:55,2
DA:74,1
DA:75,1
DA:78,0
DA:87,0
LF:20
LH:17
BRDA:40,0,0,2
BRDA:40,0,1,0
BRF:2
BRH:1
end_of_record
TN:
SF:/Users/maxime_beauchemin/code/caravel/superset/assets/javascripts/explorev2/components/SaveModal.js
FN:21,SaveModal
FN:224,mapStateToProps
FN:234,(anonymous_24)
FNF:3
FNH:1
FNDA:1,SaveModal
FNDA:0,mapStateToProps
FNDA:0,(anonymous_24)
DA:2,1
DA:3,1
DA:4,1
DA:5,1
DA:6,1
DA:7,1
DA:9,1
DA:21,3
DA:23,1
DA:34,0
DA:37,0
DA:39,0
DA:40,0
DA:42,0
DA:43,0
DA:44,0
DA:46,0
DA:47,0
DA:49,0
DA:53,0
DA:56,0
DA:59,0
DA:60,0
DA:61,0
DA:63,0
DA:64,0
DA:66,0
DA:67,0
DA:68,0
DA:69,0
DA:70,0
DA:71,0
DA:72,0
DA:74,0
DA:76,0
DA:79,0
DA:80,0
DA:81,0
DA:82,0
DA:84,0
DA:85,0
DA:86,0
DA:87,0
DA:89,0
DA:90,0
DA:92,0
DA:93,0
DA:94,0
DA:95,0
DA:97,0
DA:98,0
DA:100,0
DA:102,0
DA:103,0
DA:105,0
DA:106,0
DA:107,0
DA:110,0
DA:111,0
DA:113,0
DA:116,1
DA:222,1
DA:225,0
DA:234,0
LF:64
LH:11
BRDA:21,0,0,1
BRDA:21,0,1,0
BRDA:38,1,0,0
BRDA:38,1,1,0
BRDA:38,1,2,0
BRDA:38,1,3,0
BRDA:68,2,0,0
BRDA:68,2,1,0
BRDA:70,3,0,0
BRDA:70,3,1,0
BRDA:83,4,0,0
BRDA:83,4,1,0
BRDA:83,4,2,0
BRDA:85,5,0,0
BRDA:85,5,1,0
BRDA:93,6,0,0
BRDA:93,6,1,0
BRDA:110,7,0,0
BRDA:110,7,1,0
BRDA:128,8,0,1
BRDA:128,8,1,1
BRDA:128,8,2,0
BRDA:130,9,0,0
BRDA:130,9,1,0
BRF:24
BRH:3
end_of_record
TN:
SF:/Users/maxime_beauchemin/code/caravel/superset/assets/javascripts/explorev2/components/SelectField.jsx
FN:25,(anonymous_9)
FN:25,onChange
FN:30,SelectField
FN:40,(anonymous_15)
FN:45,(anonymous_18)
FN:56,(anonymous_19)
FN:58,(anonymous_20)
FN:61,(anonymous_21)
FNF:8
FNH:5
FNDA:1,(anonymous_9)
FNDA:0,onChange
FNDA:4,SelectField
FNDA:0,(anonymous_15)
FNDA:8,(anonymous_18)
FNDA:1,(anonymous_19)
FNDA:2,(anonymous_20)
FNDA:0,(anonymous_21)
DA:1,1
DA:2,1
DA:4,1
DA:17,1
DA:25,1
DA:30,12
DA:32,4
DA:33,4
DA:34,4
DA:37,1
DA:39,1
DA:40,0
DA:42,1
DA:44,4
DA:45,4
DA:46,8
DA:47,8
DA:48,8
DA:50,8
DA:56,4
DA:58,2
DA:59,1
DA:60,0
DA:61,0
DA:62,0
DA:63,0
DA:67,0
DA:68,0
DA:73,4
DA:76,0
DA:77,0
DA:84,0
DA:88,4
DA:100,4
DA:102,4
DA:113,1
DA:114,1
LF:37
LH:27
BRDA:30,0,0,4
BRDA:30,0,1,0
BRDA:37,1,0,1
BRDA:37,1,1,0
BRDA:39,2,0,0
BRDA:39,2,1,1
BRDA:40,3,0,0
BRDA:40,3,1,0
BRDA:47,4,0,8
BRDA:47,4,1,0
BRDA:56,5,0,1
BRDA:56,5,1,3
BRDA:59,6,0,0
BRDA:59,6,1,1
BRDA:60,7,0,0
BRDA:60,7,1,0
BRDA:62,8,0,0
BRDA:62,8,1,0
BRDA:67,9,0,0
BRDA:67,9,1,0
BRDA:76,10,0,0
BRDA:76,10,1,0
BRDA:101,11,0,1
BRDA:101,11,1,3
BRDA:105,12,0,4
BRDA:105,12,1,0
BRF:26
BRH:10
end_of_record
TN:
SF:/Users/maxime_beauchemin/code/caravel/superset/assets/javascripts/explorev2/components/TextAreaField.jsx
FN:15,(anonymous_7)
FN:15,onChange
FNF:2
FNH:1
FNDA:1,(anonymous_7)
FNDA:0,onChange
DA:1,1
DA:2,1
DA:4,1
DA:12,1
DA:15,1
DA:21,1
DA:24,2
DA:37,1
DA:38,1
LF:9
LH:9
BRF:0
BRH:0
end_of_record
TN:
SF:/Users/maxime_beauchemin/code/caravel/superset/assets/javascripts/explorev2/components/TextField.jsx
FN:21,(anonymous_8)
FN:21,onChange
FN:28,TextField
FNF:3
FNH:1
FNDA:1,(anonymous_8)
FNDA:0,onChange
FNDA:0,TextField
DA:1,1
DA:2,1
DA:3,1
DA:5,1
DA:18,1
DA:21,1
DA:28,0
DA:30,0
DA:31,0
DA:32,0
DA:35,0
DA:36,0
DA:39,0
DA:40,0
DA:41,0
DA:42,0
DA:43,0
DA:45,0
DA:48,0
DA:49,0
DA:50,0
DA:51,0
DA:53,0
DA:56,0
DA:59,0
DA:72,1
DA:73,1
LF:27
LH:8
BRDA:28,0,0,0
BRDA:28,0,1,0
BRDA:30,1,0,0
BRDA:30,1,1,0
BRDA:35,2,0,0
BRDA:35,2,1,0
BRDA:40,3,0,0
BRDA:40,3,1,0
BRDA:42,4,0,0
BRDA:42,4,1,0
BRDA:48,5,0,0
BRDA:48,5,1,0
BRDA:50,6,0,0
BRDA:50,6,1,0
BRF:14
BRH:0
end_of_record
TN:
SF:/Users/maxime_beauchemin/code/caravel/superset/assets/javascripts/explorev2/reducers/exploreReducer.js
FN:8,(anonymous_2)
FN:8,exploreReducer
FN:9,(anonymous_4)
FN:9,(anonymous_5)
FN:9,(anonymous_6)
FN:9,(anonymous_7)
FN:9,(anonymous_8)
FN:9,(anonymous_9)
FN:9,(anonymous_10)
FN:9,(anonymous_11)
FN:9,(anonymous_12)
FN:9,(anonymous_13)
FN:9,(anonymous_14)
FN:9,(anonymous_15)
FN:9,(anonymous_16)
FN:9,(anonymous_17)
FN:9,(anonymous_18)
FN:9,(anonymous_19)
FN:9,(anonymous_20)
FN:9,(anonymous_21)
FN:9,(anonymous_22)
FN:9,(anonymous_23)
FNF:22
FNH:4
FNDA:1,(anonymous_2)
FNDA:3,exploreReducer
FNDA:0,(anonymous_4)
FNDA:0,(anonymous_5)
FNDA:0,(anonymous_6)
FNDA:0,(anonymous_7)
FNDA:0,(anonymous_8)
FNDA:0,(anonymous_9)
FNDA:0,(anonymous_10)
FNDA:0,(anonymous_11)
FNDA:0,(anonymous_12)
FNDA:1,(anonymous_13)
FNDA:0,(anonymous_14)
FNDA:0,(anonymous_15)
FNDA:2,(anonymous_16)
FNDA:0,(anonymous_17)
FNDA:0,(anonymous_18)
FNDA:0,(anonymous_19)
FNDA:0,(anonymous_20)
FNDA:0,(anonymous_21)
FNDA:0,(anonymous_22)
FNDA:0,(anonymous_23)
DA:2,1
DA:3,1
DA:4,1
DA:5,1
DA:6,1
DA:8,1
DA:9,3
DA:11,0
DA:15,0
DA:19,0
DA:24,0
DA:31,0
DA:34,0
DA:38,0
DA:42,0
DA:45,0
DA:48,1
DA:49,1
DA:54,1
DA:57,0
DA:58,0
DA:65,0
DA:66,0
DA:67,0
DA:69,0
DA:76,2
DA:77,2
DA:78,0
DA:79,0
DA:80,0
DA:81,0
DA:82,0
DA:84,2
DA:86,2
DA:87,2
DA:88,2
DA:89,2
DA:90,2
DA:100,0
DA:110,0
DA:111,0
DA:112,0
DA:113,0
DA:119,0
DA:128,0
DA:136,0
DA:137,0
DA:138,0
DA:140,0
DA:143,0
DA:146,0
DA:149,0
DA:152,3
DA:153,3
DA:155,0
LF:55
LH:20
BRDA:77,0,0,0
BRDA:77,0,1,2
BRDA:137,1,0,0
BRDA:137,1,1,0
BRDA:137,2,0,0
BRDA:137,2,1,0
BRDA:152,3,0,3
BRDA:152,3,1,0
BRF:8
BRH:2
end_of_record
TN:
SF:/Users/maxime_beauchemin/code/caravel/superset/assets/javascripts/explorev2/stores/fields.js
FN:36,(anonymous_2)
FN:36,mapStateToProps
FN:47,(anonymous_4)
FN:60,(anonymous_5)
FN:60,mapStateToProps
FN:73,(anonymous_7)
FN:73,mapStateToProps
FN:83,(anonymous_9)
FN:83,mapStateToProps
FN:94,(anonymous_11)
FN:94,mapStateToProps
FN:240,(anonymous_13)
FN:240,mapStateToProps
FN:265,(anonymous_15)
FN:265,mapStateToProps
FN:285,(anonymous_17)
FN:285,mapStateToProps
FN:295,(anonymous_19)
FN:295,mapStateToProps
FN:305,(anonymous_21)
FN:305,mapStateToProps
FN:412,(anonymous_23)
FN:412,mapStateToProps
FN:426,(anonymous_25)
FN:426,mapStateToProps
FN:553,(anonymous_27)
FN:553,mapStateToProps
FN:582,(anonymous_29)
FN:582,mapStateToProps
FN:592,(anonymous_31)
FN:592,mapStateToProps
FN:602,(anonymous_33)
FN:602,mapStateToProps
FN:612,(anonymous_35)
FN:612,mapStateToProps
FN:621,(anonymous_37)
FN:621,mapStateToProps
FN:960,(anonymous_39)
FN:960,mapStateToProps
FN:1008,(anonymous_41)
FN:1008,mapStateToProps
FNF:41
FNH:26
FNDA:1,(anonymous_2)
FNDA:1,mapStateToProps
FNDA:30,(anonymous_4)
FNDA:1,(anonymous_5)
FNDA:1,mapStateToProps
FNDA:1,(anonymous_7)
FNDA:1,mapStateToProps
FNDA:1,(anonymous_9)
FNDA:0,mapStateToProps
FNDA:1,(anonymous_11)
FNDA:0,mapStateToProps
FNDA:1,(anonymous_13)
FNDA:0,mapStateToProps
FNDA:1,(anonymous_15)
FNDA:1,mapStateToProps
FNDA:1,(anonymous_17)
FNDA:1,mapStateToProps
FNDA:1,(anonymous_19)
FNDA:0,mapStateToProps
FNDA:1,(anonymous_21)
FNDA:0,mapStateToProps
FNDA:1,(anonymous_23)
FNDA:0,mapStateToProps
FNDA:1,(anonymous_25)
FNDA:0,mapStateToProps
FNDA:1,(anonymous_27)
FNDA:0,mapStateToProps
FNDA:1,(anonymous_29)
FNDA:0,mapStateToProps
FNDA:1,(anonymous_31)
FNDA:0,mapStateToProps
FNDA:1,(anonymous_33)
FNDA:0,mapStateToProps
FNDA:1,(anonymous_35)
FNDA:0,mapStateToProps
FNDA:1,(anonymous_37)
FNDA:0,mapStateToProps
FNDA:1,(anonymous_39)
FNDA:0,mapStateToProps
FNDA:1,(anonymous_41)
FNDA:0,mapStateToProps
DA:1,1
DA:2,1
DA:3,1
DA:5,1
DA:8,1
DA:17,1
DA:19,1
DA:21,1
DA:29,1
DA:36,1
DA:47,30
DA:60,1
DA:73,1
DA:83,1
DA:94,1
DA:240,1
DA:265,1
DA:285,1
DA:295,1
DA:305,1
DA:412,1
DA:426,1
DA:553,1
DA:582,1
DA:592,1
DA:602,1
DA:612,1
DA:621,1
DA:960,1
DA:1008,1
DA:1125,1
LF:31
LH:31
BRDA:37,0,0,1
BRDA:37,0,1,1
BRDA:61,1,0,0
BRDA:61,1,1,1
BRDA:74,2,0,0
BRDA:74,2,1,1
BRDA:84,3,0,0
BRDA:84,3,1,0
BRDA:95,4,0,0
BRDA:95,4,1,0
BRDA:241,5,0,0
BRDA:241,5,1,0
BRDA:266,6,0,0
BRDA:266,6,1,1
BRDA:286,7,0,0
BRDA:286,7,1,1
BRDA:296,8,0,0
BRDA:296,8,1,0
BRDA:306,9,0,0
BRDA:306,9,1,0
BRDA:413,10,0,0
BRDA:413,10,1,0
BRDA:427,11,0,0
BRDA:427,11,1,0
BRDA:554,12,0,0
BRDA:554,12,1,0
BRDA:583,13,0,0
BRDA:583,13,1,0
BRDA:593,14,0,0
BRDA:593,14,1,0
BRDA:603,15,0,0
BRDA:603,15,1,0
BRDA:613,16,0,0
BRDA:613,16,1,0
BRDA:622,17,0,0
BRDA:622,17,1,0
BRDA:961,18,0,0
BRDA:961,18,1,0
BRF:38
BRH:6
end_of_record
TN:
SF:/Users/maxime_beauchemin/code/caravel/superset/assets/javascripts/explorev2/stores/store.js
FN:5,defaultFormData
FN:13,(anonymous_2)
FN:14,(anonymous_3)
FN:15,(anonymous_4)
FN:23,defaultViz
FN:39,initialState
FNF:6
FNH:6
FNDA:5,defaultFormData
FNDA:26,(anonymous_2)
FNDA:68,(anonymous_3)
FNDA:97,(anonymous_4)
FNDA:4,defaultViz
FNDA:4,initialState
DA:2,1
DA:3,1
DA:5,10
DA:6,5
DA:12,5
DA:13,5
DA:14,26
DA:15,68
DA:16,97
DA:20,5
DA:23,4
DA:24,4
DA:39,8
DA:40,4
DA:54,1
LF:15
LH:15
BRDA:5,0,0,4
BRDA:5,0,1,1
BRDA:5,1,0,5
BRDA:5,1,1,4
BRDA:5,2,0,4
BRDA:5,2,1,1
BRDA:5,3,0,5
BRDA:5,3,1,4
BRDA:23,4,0,4
BRDA:23,4,1,0
BRDA:23,5,0,4
BRDA:23,5,1,4
BRDA:39,6,0,3
BRDA:39,6,1,1
BRDA:39,7,0,4
BRDA:39,7,1,3
BRDA:39,8,0,0
BRDA:39,8,1,4
BRDA:39,9,0,4
BRDA:39,9,1,0
BRF:20
BRH:17
end_of_record
TN:
SF:/Users/maxime_beauchemin/code/caravel/superset/assets/javascripts/explorev2/stores/visTypes.js
FN:750,sectionsToRender
FNF:1
FNH:1
FNDA:6,sectionsToRender
DA:1,1
DA:72,1
DA:751,6
DA:752,6
DA:754,12
DA:755,6
DA:761,6
LF:7
LH:7
BRDA:753,0,0,5
BRDA:753,0,1,1
BRF:2
BRH:2
end_of_record
TN:
SF:/Users/maxime_beauchemin/code/caravel/superset/assets/javascripts/modules/colors.js
FN:51,(anonymous_1)
FN:54,(anonymous_2)
FN:69,(anonymous_3)
FN:69,colorScalerFactory
FN:81,(anonymous_5)
FNF:5
FNH:0
FNDA:0,(anonymous_1)
FNDA:0,(anonymous_2)
FNDA:0,(anonymous_3)
FNDA:0,colorScalerFactory
FNDA:0,(anonymous_5)
DA:1,0
DA:2,0
DA:5,0
DA:29,0
DA:51,0
DA:53,0
DA:54,0
DA:55,0
DA:56,0
DA:58,0
DA:60,0
DA:61,0
DA:62,0
DA:65,0
DA:69,0
DA:71,0
DA:73,0
DA:75,0
DA:76,0
DA:77,0
DA:79,0
DA:80,0
DA:81,0
DA:82,0
DA:84,0
LF:25
LH:0
BRDA:55,0,0,0
BRDA:55,0,1,0
BRDA:61,1,0,0
BRDA:61,1,1,0
BRDA:71,2,0,0
BRDA:71,2,1,0
BRDA:76,3,0,0
BRDA:76,3,1,0
BRF:8
BRH:0
end_of_record
TN:
SF:/Users/maxime_beauchemin/code/caravel/superset/assets/javascripts/modules/dates.js
FN:5,UTC
FN:18,(anonymous_2)
FN:25,(anonymous_3)
FN:32,(anonymous_4)
FN:39,(anonymous_5)
FN:46,(anonymous_6)
FN:53,(anonymous_7)
FN:60,(anonymous_8)
FN:65,(anonymous_9)
FN:65,formatDate
FN:70,(anonymous_11)
FN:70,timeFormatFactory
FN:72,(anonymous_13)
FN:77,(anonymous_14)
FN:77,fDuration
FN:83,(anonymous_16)
FN:83,now
FN:88,(anonymous_18)
FN:88,epochTimeXHoursAgo
FN:95,(anonymous_20)
FN:95,epochTimeXDaysAgo
FN:102,(anonymous_22)
FN:102,epochTimeXYearsAgo
FNF:23
FNH:9
FNDA:0,UTC
FNDA:0,(anonymous_2)
FNDA:0,(anonymous_3)
FNDA:0,(anonymous_4)
FNDA:0,(anonymous_5)
FNDA:0,(anonymous_6)
FNDA:0,(anonymous_7)
FNDA:0,(anonymous_8)
FNDA:1,(anonymous_9)
FNDA:0,formatDate
FNDA:1,(anonymous_11)
FNDA:0,timeFormatFactory
FNDA:0,(anonymous_13)
FNDA:1,(anonymous_14)
FNDA:3,fDuration
FNDA:1,(anonymous_16)
FNDA:6,now
FNDA:1,(anonymous_18)
FNDA:0,epochTimeXHoursAgo
FNDA:1,(anonymous_20)
FNDA:0,epochTimeXDaysAgo
FNDA:1,(anonymous_22)
FNDA:0,epochTimeXYearsAgo
DA:1,1
DA:3,1
DA:6,0
DA:15,1
DA:19,0
DA:26,0
DA:33,0
DA:40,0
DA:47,0
DA:54,0
DA:61,0
DA:65,1
DA:66,0
DA:68,0
DA:70,1
DA:71,0
DA:72,0
DA:73,0
DA:74,0
DA:77,3
DA:78,3
DA:79,3
DA:80,3
DA:83,1
DA:85,6
DA:88,1
DA:89,0
DA:95,1
DA:96,0
DA:102,1
DA:103,0
LF:31
LH:14
BRDA:54,0,0,0
BRDA:54,0,1,0
BRDA:77,1,0,0
BRDA:77,1,1,3
BRDA:77,2,0,3
BRDA:77,2,1,0
BRF:6
BRH:2
end_of_record
TN:
SF:/Users/maxime_beauchemin/code/caravel/superset/assets/javascripts/modules/superset.js
FN:9,(anonymous_1)
FN:11,getParam
FN:18,initFavStars
FN:21,show
FN:32,(anonymous_5)
FN:36,(anonymous_6)
FN:42,(anonymous_7)
FN:56,(anonymous_8)
FN:56,Slice
FN:65,(anonymous_10)
FN:65,stopwatch
FN:71,(anonymous_12)
FN:71,querystring
FN:71,getWidgetHeader
FN:71,render_template
FN:71,jsonEndpoint
FN:71,d3format
FN:71,always
FN:71,done
FN:71,getErrorMsg
FN:71,error
FN:71,clearError
FN:71,width
FN:71,height
FN:71,bindResizeToWindowResize
FN:205,(anonymous_38)
FN:207,(anonymous_39)
FN:71,render
FN:71,resize
FN:71,addFilter
FN:71,setFilter
FN:71,getFilters
FN:71,clearFilter
FN:71,removeFilter
FNF:34
FNH:0
FNDA:0,(anonymous_1)
FNDA:0,getParam
FNDA:0,initFavStars
FNDA:0,show
FNDA:0,(anonymous_5)
FNDA:0,(anonymous_6)
FNDA:0,(anonymous_7)
FNDA:0,(anonymous_8)
FNDA:0,Slice
FNDA:0,(anonymous_10)
FNDA:0,stopwatch
FNDA:0,(anonymous_12)
FNDA:0,querystring
FNDA:0,getWidgetHeader
FNDA:0,render_template
FNDA:0,jsonEndpoint
FNDA:0,d3format
FNDA:0,always
FNDA:0,done
FNDA:0,getErrorMsg
FNDA:0,error
FNDA:0,clearError
FNDA:0,width
FNDA:0,height
FNDA:0,bindResizeToWindowResize
FNDA:0,(anonymous_38)
FNDA:0,(anonymous_39)
FNDA:0,render
FNDA:0,resize
FNDA:0,addFilter
FNDA:0,setFilter
FNDA:0,getFilters
FNDA:0,clearFilter
FNDA:0,removeFilter
DA:1,0
DA:2,0
DA:3,0
DA:6,0
DA:9,0
DA:10,0
DA:13,0
DA:14,0
DA:15,0
DA:16,0
DA:19,0
DA:22,0
DA:23,0
DA:25,0
DA:28,0
DA:33,0
DA:34,0
DA:35,0
DA:36,0
DA:37,0
DA:38,0
DA:43,0
DA:44,0
DA:45,0
DA:46,0
DA:47,0
DA:49,0
DA:51,0
DA:52,0
DA:56,0
DA:57,0
DA:58,0
DA:59,0
DA:60,0
DA:61,0
DA:62,0
DA:63,0
DA:64,0
DA:65,0
DA:66,0
DA:67,0
DA:68,0
DA:70,0
DA:71,0
DA:77,0
DA:78,0
DA:79,0
DA:80,0
DA:81,0
DA:82,0
DA:83,0
DA:84,0
DA:85,0
DA:87,0
DA:89,0
DA:92,0
DA:95,0
DA:99,0
DA:102,0
DA:103,0
DA:104,0
DA:105,0
DA:108,0
DA:110,0
DA:111,0
DA:112,0
DA:117,0
DA:118,0
DA:122,0
DA:123,0
DA:124,0
DA:125,0
DA:129,0
DA:131,0
DA:132,0
DA:133,0
DA:134,0
DA:136,0
DA:137,0
DA:138,0
DA:139,0
DA:140,0
DA:143,0
DA:144,0
DA:146,0
DA:147,0
DA:148,0
DA:149,0
DA:150,0
DA:152,0
DA:155,0
DA:158,0
DA:159,0
DA:160,0
DA:161,0
DA:162,0
DA:163,0
DA:164,0
DA:165,0
DA:166,0
DA:171,0
DA:172,0
DA:173,0
DA:174,0
DA:175,0
DA:178,0
DA:179,0
DA:180,0
DA:181,0
DA:182,0
DA:183,0
DA:184,0
DA:187,0
DA:190,0
DA:193,0
DA:194,0
DA:195,0
DA:196,0
DA:197,0
DA:199,0
DA:200,0
DA:203,0
DA:204,0
DA:205,0
DA:206,0
DA:207,0
DA:208,0
DA:213,0
DA:214,0
DA:216,0
DA:218,0
DA:219,0
DA:220,0
DA:221,0
DA:222,0
DA:223,0
DA:224,0
DA:225,0
DA:228,0
DA:229,0
DA:230,0
DA:231,0
DA:232,0
DA:235,0
DA:238,0
DA:241,0
DA:244,0
DA:247,0
DA:250,0
DA:251,0
DA:254,0
DA:260,0
LF:152
LH:0
BRDA:16,0,0,0
BRDA:16,0,1,0
BRDA:22,1,0,0
BRDA:22,1,1,0
BRDA:37,2,0,0
BRDA:37,2,1,0
BRDA:46,3,0,0
BRDA:46,3,1,0
BRDA:79,4,0,0
BRDA:79,4,1,0
BRDA:84,5,0,0
BRDA:84,5,1,0
BRDA:105,6,0,0
BRDA:105,6,1,0
BRDA:124,7,0,0
BRDA:124,7,1,0
BRDA:124,8,0,0
BRDA:124,8,1,0
BRDA:143,9,0,0
BRDA:143,9,1,0
BRDA:147,10,0,0
BRDA:147,10,1,0
BRDA:150,11,0,0
BRDA:150,11,1,0
BRDA:165,12,0,0
BRDA:165,12,1,0
BRDA:172,13,0,0
BRDA:172,13,1,0
BRDA:174,14,0,0
BRDA:174,14,1,0
BRDA:196,15,0,0
BRDA:196,15,1,0
BRDA:213,16,0,0
BRDA:213,16,1,0
BRF:34
BRH:0
end_of_record
TN:
SF:/Users/maxime_beauchemin/code/caravel/superset/assets/javascripts/modules/utils.js
FN:12,wrapSvgText
FN:15,(anonymous_1)
FN:65,showModal
FN:76,showApiMessage
FN:87,toggleCheckbox
FN:89,(anonymous_5)
FN:100,(anonymous_6)
FN:100,fixDataTableBodyHeight
FN:105,d3format
FN:119,(anonymous_9)
FN:119,done
FN:120,(anonymous_11)
FN:120,error
FN:121,(anonymous_13)
FN:121,always
FN:122,(anonymous_15)
FN:122,addFiler
FN:123,(anonymous_17)
FN:123,setFilter
FN:124,(anonymous_19)
FN:124,getFilters
FN:125,(anonymous_21)
FN:125,clearFilter
FN:126,(anonymous_23)
FN:126,removeFilter
FN:130,formatSelectOptionsForRange
FN:141,formatSelectOptions
FN:142,(anonymous_27)
FN:147,slugify
FN:157,getAjaxErrorMsg
FNF:30
FNH:12
FNDA:0,wrapSvgText
FNDA:0,(anonymous_1)
FNDA:0,showModal
FNDA:0,showApiMessage
FNDA:0,toggleCheckbox
FNDA:0,(anonymous_5)
FNDA:1,(anonymous_6)
FNDA:0,fixDataTableBodyHeight
FNDA:0,d3format
FNDA:1,(anonymous_9)
FNDA:0,done
FNDA:1,(anonymous_11)
FNDA:0,error
FNDA:1,(anonymous_13)
FNDA:0,always
FNDA:1,(anonymous_15)
FNDA:0,addFiler
FNDA:1,(anonymous_17)
FNDA:0,setFilter
FNDA:1,(anonymous_19)
FNDA:0,getFilters
FNDA:1,(anonymous_21)
FNDA:0,clearFilter
FNDA:1,(anonymous_23)
FNDA:0,removeFilter
FNDA:2,formatSelectOptionsForRange
FNDA:25,formatSelectOptions
FNDA:158,(anonymous_27)
FNDA:0,slugify
FNDA:0,getAjaxErrorMsg
DA:2,1
DA:3,1
DA:13,0
DA:15,0
DA:16,0
DA:17,0
DA:18,0
DA:19,0
DA:20,0
DA:21,0
DA:22,0
DA:23,0
DA:25,0
DA:29,0
DA:30,0
DA:31,0
DA:32,0
DA:33,0
DA:34,0
DA:35,0
DA:37,0
DA:38,0
DA:39,0
DA:43,0
DA:46,0
DA:47,0
DA:67,0
DA:68,0
DA:69,0
DA:70,0
DA:71,0
DA:72,0
DA:78,0
DA:81,0
DA:82,0
DA:88,0
DA:89,0
DA:90,0
DA:91,0
DA:92,0
DA:100,1
DA:101,0
DA:102,0
DA:106,0
DA:108,0
DA:109,0
DA:110,0
DA:112,0
DA:117,1
DA:119,1
DA:120,1
DA:121,1
DA:122,1
DA:123,1
DA:124,1
DA:125,1
DA:126,1
DA:134,2
DA:135,2
DA:136,100
DA:138,2
DA:142,158
DA:149,0
DA:158,0
DA:159,0
LF:65
LH:17
BRDA:34,0,0,0
BRDA:34,0,1,0
BRDA:46,1,0,0
BRDA:46,1,1,0
BRDA:46,2,0,0
BRDA:46,2,1,0
BRDA:67,3,0,0
BRDA:67,3,1,0
BRDA:68,4,0,0
BRDA:68,4,1,0
BRDA:69,5,0,0
BRDA:69,5,1,0
BRDA:70,6,0,0
BRDA:70,6,1,0
BRDA:71,7,0,0
BRDA:71,7,1,0
BRDA:81,8,0,0
BRDA:81,8,1,0
BRDA:91,9,0,0
BRDA:91,9,1,0
BRDA:91,10,0,0
BRDA:91,10,1,0
BRDA:108,11,0,0
BRDA:108,11,1,0
BRDA:109,12,0,0
BRDA:109,12,1,0
BRDA:159,13,0,0
BRDA:159,13,1,0
BRDA:159,14,0,0
BRDA:159,14,1,0
BRF:30
BRH:0
end_of_record
TN:
SF:/Users/maxime_beauchemin/code/caravel/superset/assets/javascripts/profile/index.jsx
FNF:0
FNH:0
DA:1,0
DA:2,0
DA:3,0
DA:5,0
DA:7,0
DA:9,0
DA:10,0
DA:11,0
DA:14,0
DA:15,0
DA:17,0
DA:18,0
LF:12
LH:0
BRF:0
BRH:0
end_of_record
TN:
SF:/Users/maxime_beauchemin/code/caravel/superset/assets/javascripts/profile/components/App.jsx
FN:13,App
FNF:1
FNH:1
FNDA:2,App
DA:1,1
DA:2,1
DA:3,1
DA:4,1
DA:5,1
DA:6,1
DA:7,1
DA:9,1
DA:14,2
DA:51,1
LF:10
LH:10
BRF:0
BRH:0
end_of_record
TN:
SF:/Users/maxime_beauchemin/code/caravel/superset/assets/javascripts/profile/components/CreatedContent.jsx
FN:10,CreatedContent
FN:20,(anonymous_11)
FN:20,mutator
FN:20,(anonymous_13)
FN:37,(anonymous_16)
FN:37,mutator
FN:37,(anonymous_18)
FNF:7
FNH:3
FNDA:4,CreatedContent
FNDA:4,(anonymous_11)
FNDA:0,mutator
FNDA:0,(anonymous_13)
FNDA:4,(anonymous_16)
FNDA:0,mutator
FNDA:0,(anonymous_18)
DA:1,1
DA:2,1
DA:3,1
DA:5,1
DA:10,12
DA:12,4
DA:20,4
DA:25,4
DA:37,4
DA:42,4
DA:54,4
DA:65,1
LF:12
LH:12
BRDA:10,0,0,4
BRDA:10,0,1,0
BRF:2
BRH:1
end_of_record
TN:
SF:/Users/maxime_beauchemin/code/caravel/superset/assets/javascripts/profile/components/Favorites.jsx
FN:10,Favorites
FN:20,(anonymous_11)
FN:20,mutator
FN:20,(anonymous_13)
FN:38,(anonymous_16)
FN:38,mutator
FN:38,(anonymous_18)
FNF:7
FNH:3
FNDA:4,Favorites
FNDA:4,(anonymous_11)
FNDA:0,mutator
FNDA:0,(anonymous_13)
FNDA:4,(anonymous_16)
FNDA:0,mutator
FNDA:0,(anonymous_18)
DA:1,1
DA:2,1
DA:3,1
DA:5,1
DA:10,12
DA:12,4
DA:20,4
DA:26,4
DA:38,4
DA:43,4
DA:55,4
DA:66,1
LF:12
LH:12
BRDA:10,0,0,4
BRDA:10,0,1,0
BRF:2
BRH:1
end_of_record
TN:
SF:/Users/maxime_beauchemin/code/caravel/superset/assets/javascripts/profile/components/RecentActivity.jsx
FN:11,RecentActivity
FN:19,(anonymous_11)
FN:24,(anonymous_14)
FN:24,mutator
FN:25,(anonymous_16)
FNF:5
FNH:2
FNDA:3,RecentActivity
FNDA:0,(anonymous_11)
FNDA:3,(anonymous_14)
FNDA:0,mutator
FNDA:0,(anonymous_16)
DA:1,1
DA:2,1
DA:3,1
DA:4,1
DA:6,1
DA:11,9
DA:13,3
DA:18,3
DA:19,3
DA:20,0
DA:24,3
DA:25,0
DA:32,3
DA:44,1
LF:14
LH:12
BRDA:11,0,0,3
BRDA:11,0,1,0
BRF:2
BRH:1
end_of_record
TN:
SF:/Users/maxime_beauchemin/code/caravel/superset/assets/javascripts/profile/components/Security.jsx
FN:7,Security
FN:14,(anonymous_2)
FN:23,(anonymous_3)
FN:34,(anonymous_4)
FNF:4
FNH:4
FNDA:8,Security
FNDA:16,(anonymous_2)
FNDA:21,(anonymous_3)
FNDA:14,(anonymous_4)
DA:1,1
DA:2,1
DA:4,1
DA:7,8
DA:8,8
DA:14,16
DA:23,21
DA:34,14
DA:41,1
LF:9
LH:9
BRDA:18,0,0,8
BRDA:18,0,1,7
BRDA:29,1,0,8
BRDA:29,1,1,7
BRF:4
BRH:4
end_of_record
TN:
SF:/Users/maxime_beauchemin/code/caravel/superset/assets/javascripts/profile/components/TableLoader.jsx
FN:13,TableLoader
FN:21,(anonymous_11)
FN:33,(anonymous_14)
FN:45,(anonymous_15)
FN:47,(anonymous_16)
FNF:5
FNH:1
FNDA:19,TableLoader
FNDA:0,(anonymous_11)
FNDA:0,(anonymous_14)
FNDA:0,(anonymous_15)
FNDA:0,(anonymous_16)
DA:1,1
DA:2,1
DA:3,1
DA:4,1
DA:6,1
DA:13,57
DA:15,19
DA:20,19
DA:21,19
DA:22,0
DA:23,0
DA:24,0
DA:26,0
DA:30,19
DA:31,19
DA:32,19
DA:33,0
DA:35,19
DA:36,19
DA:37,19
DA:38,19
DA:39,19
DA:41,0
DA:45,0
DA:48,0
DA:49,0
DA:54,0
DA:64,1
LF:28
LH:18
BRDA:13,0,0,19
BRDA:13,0,1,0
BRDA:23,1,0,0
BRDA:23,1,1,0
BRDA:32,2,0,0
BRDA:32,2,1,19
BRDA:32,3,0,19
BRDA:32,3,1,3
BRDA:38,4,0,19
BRDA:38,4,1,0
BRDA:48,5,0,0
BRDA:48,5,1,0
BRF:12
BRH:5
end_of_record
TN:
SF:/Users/maxime_beauchemin/code/caravel/superset/assets/javascripts/profile/components/UserInfo.jsx
FN:9,(anonymous_1)
FN:9,UserInfo
FNF:2
FNH:2
FNDA:1,(anonymous_1)
FNDA:7,UserInfo
DA:1,1
DA:2,1
DA:3,1
DA:4,1
DA:6,1
DA:9,7
DA:47,1
LF:7
LH:7
BRF:0
BRH:0
end_of_record
